2023-08-22 14:34:41,557 [INFO] Activator:176 - 


2023-08-22 14:34:41,558 [INFO] Activator:177 - !SESSION log4j initialized
2023-08-22 14:34:44,444 [INFO] LogOutputStream:77 - [STDOUT_REDIRECT] 
2023-08-22 14:34:46,235 [INFO] ApplicationProperties:184 - Using Application install path: /opt/st/stm32cubeide_1.13.1/plugins/com.st.stm32cube.common.mx_6.9.1.202307191849
2023-08-22 14:34:46,270 [INFO] DbMcusXml:78 - Set database path to: /opt/st/stm32cubeide_1.13.1/plugins/com.st.stm32cube.common.mx_6.9.1.202307191849//db//mcu/
2023-08-22 14:34:46,270 [INFO] ApiDb:274 - Set plugin database path to: /opt/st/stm32cubeide_1.13.1/plugins/com.st.stm32cube.common.mx_6.9.1.202307191849//db//plugins/boardmanager/
2023-08-22 14:34:46,270 [WARN] ApiDb:259 - Overriding images path with different value:  => /opt/st/stm32cubeide_1.13.1/plugins/com.st.stm32cube.common.mx_6.9.1.202307191849//db//plugins/mcufinder/images/
2023-08-22 14:34:46,983 [WARN] ApiFinderProperties:113 - /home/sitengwu/.stmcufinder/plugins/mcufinder/mcu/mcuFinder.mfd doesn't exist
2023-08-22 14:34:46,983 [INFO] ApiDb:250 - Set database path to: /home/sitengwu/.stmcufinder/plugins/mcufinder//mcu/
2023-08-22 14:34:46,985 [INFO] DbMcusAds:125 - Set database path to: /home/sitengwu/.stmcufinder/plugins/mcufinder//mcu/
2023-08-22 14:34:46,986 [INFO] CrossReferenceDbSqlite:203 - Set database path to: /home/sitengwu/.stmcufinder/plugins/mcufinder//mcu/cs/
2023-08-22 14:34:47,105 [INFO] RulesReader:64 - Compatibility file has been processed (293 Rules)
2023-08-22 14:34:47,160 [INFO] DbMcusXml:78 - Set database path to: /opt/st/stm32cubeide_1.13.1/plugins/com.st.stm32cube.common.mx_6.9.1.202307191849//db//mcu/
2023-08-22 14:34:47,160 [INFO] ApiDb:274 - Set plugin database path to: /opt/st/stm32cubeide_1.13.1/plugins/com.st.stm32cube.common.mx_6.9.1.202307191849//db//plugins/boardmanager/
2023-08-22 14:34:47,160 [INFO] ApiDb:261 - Set plugin images path to: /opt/st/stm32cubeide_1.13.1/plugins/com.st.stm32cube.common.mx_6.9.1.202307191849//db//plugins/mcufinder/images/
2023-08-22 14:34:47,161 [WARN] DbFile:41 - Overriding database path with different value: /home/sitengwu/.stmcufinder/plugins/mcufinder/ => /home/sitengwu/.stmcufinder/plugins/mcufinder
2023-08-22 14:34:47,161 [INFO] ApiDb:250 - Set database path to: /home/sitengwu/.stmcufinder/plugins/mcufinder//mcu/
2023-08-22 14:34:47,161 [WARN] DbFile:41 - Overriding database path with different value: /home/sitengwu/.stmcufinder/plugins/mcufinder/ => /home/sitengwu/.stmcufinder/plugins/mcufinder
2023-08-22 14:34:47,161 [INFO] DbMcusAds:125 - Set database path to: /home/sitengwu/.stmcufinder/plugins/mcufinder//mcu/
2023-08-22 14:34:47,161 [WARN] DbFile:41 - Overriding database path with different value: /home/sitengwu/.stmcufinder/plugins/mcufinder/ => /home/sitengwu/.stmcufinder/plugins/mcufinder
2023-08-22 14:34:47,161 [WARN] DbFile:41 - Overriding database path with different value: /home/sitengwu/.stmcufinder/plugins/mcufinder/ => /home/sitengwu/.stmcufinder/plugins/mcufinder
2023-08-22 14:34:47,161 [INFO] CrossReferenceDbSqlite:203 - Set database path to: /home/sitengwu/.stmcufinder/plugins/mcufinder//mcu/cs/
2023-08-22 14:34:47,230 [INFO] MainPanel:262 - HeapMemory: 268435456
2023-08-22 14:34:47,300 [INFO] DbMcusXml:78 - Set database path to: /opt/st/stm32cubeide_1.13.1/plugins/com.st.stm32cube.common.mx_6.9.1.202307191849//db//mcu/
2023-08-22 14:34:47,300 [INFO] ApiDb:274 - Set plugin database path to: /opt/st/stm32cubeide_1.13.1/plugins/com.st.stm32cube.common.mx_6.9.1.202307191849//db//plugins/boardmanager/
2023-08-22 14:34:47,300 [INFO] ApiDb:261 - Set plugin images path to: /opt/st/stm32cubeide_1.13.1/plugins/com.st.stm32cube.common.mx_6.9.1.202307191849//db//plugins/mcufinder/images/
2023-08-22 14:34:47,300 [WARN] DbFile:41 - Overriding database path with different value: /home/sitengwu/.stmcufinder/plugins/mcufinder/ => /home/sitengwu/.stmcufinder/plugins/mcufinder
2023-08-22 14:34:47,300 [INFO] ApiDb:250 - Set database path to: /home/sitengwu/.stmcufinder/plugins/mcufinder//mcu/
2023-08-22 14:34:47,300 [WARN] DbFile:41 - Overriding database path with different value: /home/sitengwu/.stmcufinder/plugins/mcufinder/ => /home/sitengwu/.stmcufinder/plugins/mcufinder
2023-08-22 14:34:47,300 [INFO] DbMcusAds:125 - Set database path to: /home/sitengwu/.stmcufinder/plugins/mcufinder//mcu/
2023-08-22 14:34:47,301 [WARN] DbFile:41 - Overriding database path with different value: /home/sitengwu/.stmcufinder/plugins/mcufinder/ => /home/sitengwu/.stmcufinder/plugins/mcufinder
2023-08-22 14:34:47,301 [WARN] DbFile:41 - Overriding database path with different value: /home/sitengwu/.stmcufinder/plugins/mcufinder/ => /home/sitengwu/.stmcufinder/plugins/mcufinder
2023-08-22 14:34:47,301 [INFO] CrossReferenceDbSqlite:203 - Set database path to: /home/sitengwu/.stmcufinder/plugins/mcufinder//mcu/cs/
2023-08-22 14:34:47,314 [INFO] ApplicationProperties:184 - Using Application install path: /opt/st/stm32cubeide_1.13.1/plugins/com.st.stm32cube.common.mx_6.9.1.202307191849
2023-08-22 14:34:47,315 [INFO] PluginManage:196 - Search for loadable plugins [exclusion list=, ]
2023-08-22 14:34:47,316 [INFO] PluginManage:310 - Check plugin analytics
2023-08-22 14:34:47,535 [INFO] AnalyticsPlugin:253 - Accepted Software Licenses: 
2023-08-22 14:34:47,535 [INFO] AnalyticsPlugin:255 - Accepted CMSIS Pack Licenses: 
2023-08-22 14:34:47,535 [INFO] AnalyticsPlugin:257 - Accepted Firmware Licenses: 
2023-08-22 14:34:47,539 [INFO] PluginManage:359 - Loaded plugin analytics (category:tool,tabindex:-1)
2023-08-22 14:34:47,540 [INFO] PluginManage:310 - Check plugin cadmodel
2023-08-22 14:34:47,658 [INFO] CADModel:105 - Init CAD model plugin
2023-08-22 14:34:47,658 [INFO] PluginManage:359 - Loaded plugin cadmodel (category:power,tabindex:5)
2023-08-22 14:34:47,658 [INFO] PluginManage:310 - Check plugin clock
2023-08-22 14:34:47,668 [INFO] PluginManage:359 - Loaded plugin clock (category:base,tabindex:2)
2023-08-22 14:34:47,668 [INFO] PluginManage:310 - Check plugin ddr
2023-08-22 14:34:47,670 [INFO] PluginManage:359 - Loaded plugin ddr (category:tool,tabindex:6)
2023-08-22 14:34:47,671 [INFO] PluginManage:310 - Check plugin filemanager
2023-08-22 14:34:47,844 [INFO] PluginManage:359 - Loaded plugin filemanager (category:base,tabindex:10)
2023-08-22 14:34:47,844 [INFO] PluginManage:310 - Check plugin ipmanager
2023-08-22 14:34:47,852 [INFO] PluginManage:359 - Loaded plugin ipmanager (category:base,tabindex:5)
2023-08-22 14:34:47,852 [INFO] PluginManage:310 - Check plugin lpbam
2023-08-22 14:34:47,862 [INFO] PluginManage:359 - Loaded plugin lpbam (category:base,tabindex:0)
2023-08-22 14:34:47,863 [INFO] PluginManage:310 - Check plugin memorymap
2023-08-22 14:34:47,874 [INFO] PluginManage:359 - Loaded plugin memorymap (category:base,tabindex:4)
2023-08-22 14:34:47,874 [INFO] PluginManage:310 - Check plugin pinoutandconfiguration
2023-08-22 14:34:47,882 [INFO] PluginManage:359 - Loaded plugin pinoutandconfiguration (category:base,tabindex:1)
2023-08-22 14:34:47,882 [INFO] PluginManage:310 - Check plugin pinoutconfig
2023-08-22 14:34:47,976 [WARN] SupportedApi:132 - Cannot load RTOS API schema: s4s-elt-must-match.1: The content of 'definitions' must match (annotation?, (simpleType | complexType)?, (unique | key | keyref)*)). A problem was found starting at: attribute.
2023-08-22 14:34:48,109 [INFO] PluginManage:359 - Loaded plugin pinoutconfig (category:base,tabindex:0)
2023-08-22 14:34:48,110 [INFO] PluginManage:310 - Check plugin power
2023-08-22 14:34:48,118 [INFO] PluginManage:359 - Loaded plugin power (category:power,tabindex:4)
2023-08-22 14:34:48,118 [INFO] PluginManage:310 - Check plugin projectmanager
2023-08-22 14:34:48,134 [INFO] PluginManage:359 - Loaded plugin projectmanager (category:projectmanager,tabindex:3)
2023-08-22 14:34:48,135 [INFO] PluginManage:310 - Check plugin thirdparty
2023-08-22 14:34:48,249 [INFO] PluginManage:359 - Loaded plugin thirdparty (category:base,tabindex:-1)
2023-08-22 14:34:48,249 [WARN] IntegrityCheckThread:84 - waiting for thirdparty lock release [integrity check]
2023-08-22 14:34:48,249 [INFO] IntegrityCheckThread:86 - entering critical section [integrity check]
2023-08-22 14:34:48,249 [INFO] PluginManage:310 - Check plugin tools
2023-08-22 14:34:48,249 [INFO] ThirdPartyUpdaterWithRetryManager:70 - Updater plugin not ready yet. [1/15]
2023-08-22 14:34:48,251 [INFO] PluginManage:359 - Loaded plugin tools (category:base,tabindex:7)
2023-08-22 14:34:48,252 [INFO] PluginManage:310 - Check plugin tutovideos
2023-08-22 14:34:48,446 [INFO] PluginManage:359 - Loaded plugin tutovideos (category:base,tabindex:-1)
2023-08-22 14:34:48,446 [INFO] PluginManage:310 - Check plugin updater
2023-08-22 14:34:48,454 [INFO] PluginManage:359 - Loaded plugin updater (category:base,tabindex:12)
2023-08-22 14:34:48,455 [INFO] PluginManage:310 - Check plugin userauth
2023-08-22 14:34:48,459 [INFO] UserAuth:113 - Init User Auth plugin
2023-08-22 14:34:48,460 [INFO] PluginManage:359 - Loaded plugin userauth (category:base,tabindex:14)
2023-08-22 14:34:48,460 [INFO] PluginManage:283 - PluginManage : Loaded plugins [17]
2023-08-22 14:34:48,635 [INFO] PinOutPanel:1499 - setPackage(No Configuration,No Configuration)
2023-08-22 14:34:48,720 [INFO] CADModel:165 - CPN selected for project level
2023-08-22 14:34:48,720 [INFO] CADModel:114 - Register for checkConnection events
2023-08-22 14:34:48,728 [INFO] IPUIPlugin:80 - create IPUIPlugin
2023-08-22 14:34:48,728 [INFO] PluginManager:220 - loadIPPluginJar : add ltdc
2023-08-22 14:34:48,733 [INFO] IPUIPlugin:80 - create IPUIPlugin
2023-08-22 14:34:48,733 [INFO] PluginManager:220 - loadIPPluginJar : add freertos
2023-08-22 14:34:48,738 [INFO] IPUIPlugin:80 - create IPUIPlugin
2023-08-22 14:34:48,739 [INFO] PluginManager:220 - loadIPPluginJar : add mdma
2023-08-22 14:34:48,740 [INFO] IPUIPlugin:80 - create IPUIPlugin
2023-08-22 14:34:48,740 [INFO] PluginManager:220 - loadIPPluginJar : add comp
2023-08-22 14:34:48,745 [INFO] IPUIPlugin:80 - create IPUIPlugin
2023-08-22 14:34:48,746 [INFO] PluginManager:220 - loadIPPluginJar : add linkedlist
2023-08-22 14:34:48,747 [INFO] IPUIPlugin:80 - create IPUIPlugin
2023-08-22 14:34:48,747 [INFO] PluginManager:220 - loadIPPluginJar : add openamp
2023-08-22 14:34:48,751 [INFO] IPUIPlugin:80 - create IPUIPlugin
2023-08-22 14:34:48,751 [INFO] PluginManager:220 - loadIPPluginJar : add gic
2023-08-22 14:34:48,755 [INFO] IPUIPlugin:80 - create IPUIPlugin
2023-08-22 14:34:48,755 [INFO] PluginManager:220 - loadIPPluginJar : add aes
2023-08-22 14:34:48,760 [INFO] IPUIPlugin:80 - create IPUIPlugin
2023-08-22 14:34:48,762 [INFO] PluginManager:220 - loadIPPluginJar : add plateformsettings
2023-08-22 14:34:48,764 [INFO] IPUIPlugin:80 - create IPUIPlugin
2023-08-22 14:34:48,764 [INFO] PluginManager:220 - loadIPPluginJar : add i3c
2023-08-22 14:34:48,768 [INFO] IPUIPlugin:80 - create IPUIPlugin
2023-08-22 14:34:48,769 [INFO] PluginManager:220 - loadIPPluginJar : add fmc
2023-08-22 14:34:48,770 [INFO] IPUIPlugin:80 - create IPUIPlugin
2023-08-22 14:34:48,770 [INFO] PluginManager:220 - loadIPPluginJar : add fatfs
2023-08-22 14:34:48,772 [INFO] IPUIPlugin:80 - create IPUIPlugin
2023-08-22 14:34:48,772 [INFO] PluginManager:220 - loadIPPluginJar : add ts
2023-08-22 14:34:48,774 [INFO] IPUIPlugin:80 - create IPUIPlugin
2023-08-22 14:34:48,774 [INFO] PluginManager:220 - loadIPPluginJar : add i2s
2023-08-22 14:34:48,776 [INFO] IPUIPlugin:80 - create IPUIPlugin
2023-08-22 14:34:48,776 [INFO] PluginManager:220 - loadIPPluginJar : add nvic
2023-08-22 14:34:48,778 [INFO] IPUIPlugin:80 - create IPUIPlugin
2023-08-22 14:34:48,778 [INFO] PluginManager:220 - loadIPPluginJar : add gtzc
2023-08-22 14:34:48,780 [INFO] IPUIPlugin:80 - create IPUIPlugin
2023-08-22 14:34:48,780 [INFO] PluginManager:220 - loadIPPluginJar : add touchsensing
2023-08-22 14:34:48,782 [INFO] IPUIPlugin:80 - create IPUIPlugin
2023-08-22 14:34:48,782 [INFO] PluginManager:220 - loadIPPluginJar : add i2c
2023-08-22 14:34:48,783 [INFO] IPUIPlugin:80 - create IPUIPlugin
2023-08-22 14:34:48,783 [INFO] PluginManager:220 - loadIPPluginJar : add dfsdm
2023-08-22 14:34:48,785 [INFO] IPUIPlugin:80 - create IPUIPlugin
2023-08-22 14:34:48,785 [INFO] PluginManager:220 - loadIPPluginJar : add tsc
2023-08-22 14:34:48,790 [INFO] IPUIPlugin:80 - create IPUIPlugin
2023-08-22 14:34:48,791 [INFO] PluginManager:220 - loadIPPluginJar : add dma
2023-08-22 14:34:48,792 [INFO] IPUIPlugin:80 - create IPUIPlugin
2023-08-22 14:34:48,792 [INFO] PluginManager:220 - loadIPPluginJar : add tim
2023-08-22 14:34:48,793 [INFO] IPUIPlugin:80 - create IPUIPlugin
2023-08-22 14:34:48,794 [INFO] PluginManager:220 - loadIPPluginJar : add ucpd
2023-08-22 14:34:48,796 [INFO] IPUIPlugin:80 - create IPUIPlugin
2023-08-22 14:34:48,796 [INFO] PluginManager:220 - loadIPPluginJar : add dma3
2023-08-22 14:34:48,798 [INFO] IPUIPlugin:80 - create IPUIPlugin
2023-08-22 14:34:48,798 [INFO] PluginManager:220 - loadIPPluginJar : add cryp
2023-08-22 14:34:48,801 [INFO] IPUIPlugin:80 - create IPUIPlugin
2023-08-22 14:34:48,801 [INFO] PluginManager:220 - loadIPPluginJar : add lorawan
2023-08-22 14:34:48,803 [INFO] IPUIPlugin:80 - create IPUIPlugin
2023-08-22 14:34:48,803 [INFO] PluginManager:220 - loadIPPluginJar : add spi
2023-08-22 14:34:48,805 [INFO] IPUIPlugin:80 - create IPUIPlugin
2023-08-22 14:34:48,805 [INFO] PluginManager:220 - loadIPPluginJar : add hash
2023-08-22 14:34:48,808 [INFO] IPUIPlugin:80 - create IPUIPlugin
2023-08-22 14:34:48,808 [INFO] PluginManager:220 - loadIPPluginJar : add sai
2023-08-22 14:34:48,812 [INFO] IPUIPlugin:80 - create IPUIPlugin
2023-08-22 14:34:48,812 [INFO] PluginManager:220 - loadIPPluginJar : add adc
2023-08-22 14:34:48,814 [INFO] IPUIPlugin:80 - create IPUIPlugin
2023-08-22 14:34:48,814 [INFO] PluginManager:220 - loadIPPluginJar : add can
2023-08-22 14:34:48,815 [INFO] IPUIPlugin:80 - create IPUIPlugin
2023-08-22 14:34:48,816 [INFO] PluginManager:220 - loadIPPluginJar : add gfxmmu
2023-08-22 14:34:48,818 [INFO] IPUIPlugin:80 - create IPUIPlugin
2023-08-22 14:34:48,818 [INFO] PluginManager:220 - loadIPPluginJar : add usbx
2023-08-22 14:34:48,819 [INFO] IPUIPlugin:80 - create IPUIPlugin
2023-08-22 14:34:48,819 [INFO] PluginManager:220 - loadIPPluginJar : add quadspi
2023-08-22 14:34:48,824 [INFO] IPUIPlugin:80 - create IPUIPlugin
2023-08-22 14:34:48,824 [INFO] PluginManager:220 - loadIPPluginJar : add stm32_wpan
2023-08-22 14:34:48,826 [INFO] IPUIPlugin:80 - create IPUIPlugin
2023-08-22 14:34:48,826 [INFO] PluginManager:220 - loadIPPluginJar : add pdm2pcm
2023-08-22 14:34:48,829 [INFO] IPUIPlugin:80 - create IPUIPlugin
2023-08-22 14:34:48,829 [INFO] PluginManager:220 - loadIPPluginJar : add resmgrutility
2023-08-22 14:34:48,831 [INFO] IPUIPlugin:80 - create IPUIPlugin
2023-08-22 14:34:48,831 [INFO] PluginManager:220 - loadIPPluginJar : add tracer_emb
2023-08-22 14:34:48,833 [INFO] IPUIPlugin:80 - create IPUIPlugin
2023-08-22 14:34:48,833 [INFO] PluginManager:220 - loadIPPluginJar : add ipddr
2023-08-22 14:34:48,836 [INFO] IPUIPlugin:80 - create IPUIPlugin
2023-08-22 14:34:48,836 [INFO] PluginManager:220 - loadIPPluginJar : add gpio
2023-08-22 14:34:48,838 [INFO] IPUIPlugin:80 - create IPUIPlugin
2023-08-22 14:34:48,838 [INFO] PluginManager:220 - loadIPPluginJar : add genericplugin
2023-08-22 14:34:48,840 [INFO] IPUIPlugin:80 - create IPUIPlugin
2023-08-22 14:34:48,840 [INFO] PluginManager:220 - loadIPPluginJar : add opamp
2023-08-22 14:34:48,842 [INFO] IPUIPlugin:80 - create IPUIPlugin
2023-08-22 14:34:48,842 [INFO] PluginManager:220 - loadIPPluginJar : add usart
2023-08-22 14:34:48,941 [INFO] CADModel:165 - CPN selected for project level
2023-08-22 14:34:48,941 [INFO] CADModel:114 - Register for checkConnection events
2023-08-22 14:34:48,941 [FATAL] Updater:308 - Updater called before beeing initialized
2023-08-22 14:34:48,942 [ERROR] CADModel:125 - Updater not yet initialized, retry later 
2023-08-22 14:34:49,038 [INFO] CADModel:165 - CPN selected for project level
2023-08-22 14:34:49,038 [INFO] CADModel:114 - Register for checkConnection events
2023-08-22 14:34:49,038 [FATAL] Updater:308 - Updater called before beeing initialized
2023-08-22 14:34:49,038 [ERROR] CADModel:125 - Updater not yet initialized, retry later 
2023-08-22 14:34:49,041 [FATAL] Updater:308 - Updater called before beeing initialized
2023-08-22 14:34:49,114 [FATAL] Updater:308 - Updater called before beeing initialized
2023-08-22 14:34:49,120 [INFO] DbMcusAds:53 - JSON generation date=Thu Sep 30 08:55:09 SAST 2021 (1632984909247)
2023-08-22 14:34:49,120 [FATAL] Updater:308 - Updater called before beeing initialized
2023-08-22 14:34:49,152 [WARN] DetailPanel:346 - Failed to get advertising image, set to default
2023-08-22 14:34:49,225 [FATAL] Updater:308 - Updater called before beeing initialized
2023-08-22 14:34:49,226 [FATAL] Updater:308 - Updater called before beeing initialized
2023-08-22 14:34:49,226 [FATAL] Updater:308 - Updater called before beeing initialized
2023-08-22 14:34:49,226 [WARN] DetailPanel:346 - Failed to get advertising image, set to default
2023-08-22 14:34:49,226 [FATAL] Updater:308 - Updater called before beeing initialized
2023-08-22 14:34:49,252 [ERROR] Updater:1120 - MainUpdater not yet initialized. External WinMGr cannot be set.
2023-08-22 14:34:49,253 [INFO] Updater:1056 - Updater Version found : 6.9.1
2023-08-22 14:34:49,267 [INFO] ApplicationProperties:184 - Using Application install path: /opt/st/stm32cubeide_1.13.1/plugins/com.st.stm32cube.common.mx_6.9.1.202307191849
2023-08-22 14:34:49,289 [INFO] MainUpdater:521 - Copy updater definitions from MX database
2023-08-22 14:34:49,312 [INFO] MainUpdater:554 - Copy flag file definitions from MX database
2023-08-22 14:34:49,312 [INFO] MainUpdater:570 - Copy thirdparty index definitions from MX database
2023-08-22 14:34:49,312 [INFO] MainUpdater:589 - Copy default thirdparty db definitions from MX database
2023-08-22 14:34:49,408 [INFO] MainUpdater:2868 - connection check result : 10
2023-08-22 14:34:49,408 [INFO] MainUpdater:3562 - Updater definition file requires update
2023-08-22 14:34:49,409 [INFO] MainUpdater:285 - Updater Check For Update Now.
2023-08-22 14:34:49,409 [INFO] MicroXplorer:498 - Change Database Version : DB.6.0.91
2023-08-22 14:34:49,413 [INFO] McuFinderGlobals:63 - Set McuFinder mode to 2 (CubeIDE integrated)
2023-08-22 14:34:49,413 [INFO] UserAuth:179 - activating auth plugin
2023-08-22 14:34:49,416 [INFO] UserAuth:393 - Internet connection configuration mode: 1
2023-08-22 14:34:49,423 [INFO] JxBrowserEngine:151 - Initiate JxBrowser Engine with user profile folder
2023-08-22 14:34:49,430 [INFO] ServerAccessManage:473 - Download File updaters.zip
2023-08-22 14:34:49,512 [INFO] FileExtend:240 - Unzip File : updaters.zip
2023-08-22 14:34:49,512 [INFO] FileExtend:255 - Standard Zip Deflate
2023-08-22 14:34:49,618 [INFO] ServerAccessManage:473 - Download File PacksControlFlags.xml
2023-08-22 14:34:49,731 [INFO] ServerAccessManage:473 - Download File cubemx.pidx
2023-08-22 14:34:50,532 [INFO] ServerAccessManage:473 - Download File STMicroelectronics.FP-ATR-ASTRA1.pdsc
2023-08-22 14:34:51,250 [WARN] MainUpdater:1189 - Updater busy. Cannot search thirdparties
2023-08-22 14:34:51,250 [INFO] ThirdPartyUpdaterWithRetryManager:96 - Updater plugin is busy. [1/15]
2023-08-22 14:34:52,111 [INFO] WebApp:157 - Instantiating new browser for Auth
2023-08-22 14:34:52,544 [INFO] WebApp:753 - Register for checkConnection events
2023-08-22 14:34:52,544 [INFO] WebApp:390 - Apply proxy settings
2023-08-22 14:34:52,545 [INFO] WebApp:475 - Chromium requires no authentication
2023-08-22 14:34:52,549 [INFO] WebApp:418 - Direct internet connection detected
2023-08-22 14:34:52,646 [INFO] WebApp:188 - Starting web application
2023-08-22 14:34:52,647 [INFO] WebApp:520 - Web application path used /opt/st/stm32cubeide_1.13.1/plugins/com.st.stm32cube.common.mx_6.9.1.202307191849/db/plugins/mcufinder/reactClient1/index.html
2023-08-22 14:34:52,989 [INFO] ServerAccessManage:473 - Download File STMicroelectronics.FP-ATR-SIGFOX1.pdsc
2023-08-22 14:34:54,251 [WARN] MainUpdater:1189 - Updater busy. Cannot search thirdparties
2023-08-22 14:34:54,251 [INFO] ThirdPartyUpdaterWithRetryManager:96 - Updater plugin is busy. [2/15]
2023-08-22 14:34:54,629 [INFO] ServerAccessManage:473 - Download File STMicroelectronics.FP-SNS-FLIGHT1.pdsc
2023-08-22 14:34:57,251 [WARN] MainUpdater:1189 - Updater busy. Cannot search thirdparties
2023-08-22 14:34:57,251 [INFO] ThirdPartyUpdaterWithRetryManager:96 - Updater plugin is busy. [3/15]
2023-08-22 14:34:57,598 [INFO] ServerAccessManage:473 - Download File STMicroelectronics.FP-SNS-MOTENV1.pdsc
2023-08-22 14:34:59,748 [INFO] ServerAccessManage:473 - Download File STMicroelectronics.X-CUBE-AI.pdsc
2023-08-22 14:35:00,252 [WARN] MainUpdater:1189 - Updater busy. Cannot search thirdparties
2023-08-22 14:35:00,252 [INFO] ThirdPartyUpdaterWithRetryManager:96 - Updater plugin is busy. [4/15]
2023-08-22 14:35:03,252 [WARN] MainUpdater:1189 - Updater busy. Cannot search thirdparties
2023-08-22 14:35:03,252 [INFO] ThirdPartyUpdaterWithRetryManager:96 - Updater plugin is busy. [5/15]
2023-08-22 14:35:06,253 [WARN] MainUpdater:1189 - Updater busy. Cannot search thirdparties
2023-08-22 14:35:06,253 [INFO] ThirdPartyUpdaterWithRetryManager:96 - Updater plugin is busy. [6/15]
2023-08-22 14:35:08,358 [INFO] ServerAccessManage:473 - Download File STMicroelectronics.X-CUBE-ALS.pdsc
2023-08-22 14:35:09,253 [WARN] MainUpdater:1189 - Updater busy. Cannot search thirdparties
2023-08-22 14:35:09,253 [INFO] ThirdPartyUpdaterWithRetryManager:96 - Updater plugin is busy. [7/15]
2023-08-22 14:35:09,989 [INFO] ServerAccessManage:473 - Download File STMicroelectronics.X-CUBE-BLE1.pdsc
2023-08-22 14:35:12,254 [WARN] MainUpdater:1189 - Updater busy. Cannot search thirdparties
2023-08-22 14:35:12,254 [INFO] ThirdPartyUpdaterWithRetryManager:96 - Updater plugin is busy. [8/15]
2023-08-22 14:35:13,325 [ERROR] LogOutputStream:75 - [STDERR_REDIRECT] SLF4J: Failed to load class "org.slf4j.impl.StaticLoggerBinder".
2023-08-22 14:35:13,325 [ERROR] LogOutputStream:75 - [STDERR_REDIRECT] SLF4J: Defaulting to no-operation (NOP) logger implementation
2023-08-22 14:35:13,325 [ERROR] LogOutputStream:75 - [STDERR_REDIRECT] SLF4J: See http://www.slf4j.org/codes.html#StaticLoggerBinder for further details.
2023-08-22 14:35:15,254 [WARN] MainUpdater:1189 - Updater busy. Cannot search thirdparties
2023-08-22 14:35:15,254 [INFO] ThirdPartyUpdaterWithRetryManager:96 - Updater plugin is busy. [9/15]
2023-08-22 14:35:17,668 [ERROR] ServerAccessManage:1089 - Problem, file not found on Server
2023-08-22 14:35:18,030 [INFO] ServerAccessManage:473 - Download File STMicroelectronics.X-CUBE-BLE2.pdsc
2023-08-22 14:35:18,254 [WARN] MainUpdater:1189 - Updater busy. Cannot search thirdparties
2023-08-22 14:35:18,255 [INFO] ThirdPartyUpdaterWithRetryManager:96 - Updater plugin is busy. [10/15]
2023-08-22 14:35:21,255 [WARN] MainUpdater:1189 - Updater busy. Cannot search thirdparties
2023-08-22 14:35:21,255 [INFO] ThirdPartyUpdaterWithRetryManager:96 - Updater plugin is busy. [11/15]
2023-08-22 14:35:22,483 [INFO] ServerAccessManage:473 - Download File STMicroelectronics.X-CUBE-BLEMGR.pdsc
2023-08-22 14:35:24,256 [WARN] MainUpdater:1189 - Updater busy. Cannot search thirdparties
2023-08-22 14:35:24,256 [INFO] ThirdPartyUpdaterWithRetryManager:96 - Updater plugin is busy. [12/15]
2023-08-22 14:35:25,144 [INFO] ServerAccessManage:473 - Download File STMicroelectronics.X-CUBE-DISPLAY.pdsc
2023-08-22 14:35:27,256 [WARN] MainUpdater:1189 - Updater busy. Cannot search thirdparties
2023-08-22 14:35:27,256 [INFO] ThirdPartyUpdaterWithRetryManager:96 - Updater plugin is busy. [13/15]
2023-08-22 14:35:28,012 [INFO] ServerAccessManage:473 - Download File STMicroelectronics.X-CUBE-EEPRMA1.pdsc
2023-08-22 14:35:28,932 [ERROR] ServerAccessManage:1089 - Problem, file not found on Server
2023-08-22 14:35:30,257 [WARN] MainUpdater:1189 - Updater busy. Cannot search thirdparties
2023-08-22 14:35:30,257 [INFO] ThirdPartyUpdaterWithRetryManager:96 - Updater plugin is busy. [14/15]
2023-08-22 14:35:31,083 [INFO] ServerAccessManage:473 - Download File STMicroelectronics.X-CUBE-FREERTOS.pdsc
2023-08-22 14:35:32,361 [INFO] ServerAccessManage:473 - Download File STMicroelectronics.X-CUBE-GNSS1.pdsc
2023-08-22 14:35:33,258 [WARN] MainUpdater:1189 - Updater busy. Cannot search thirdparties
2023-08-22 14:35:33,258 [INFO] ThirdPartyUpdaterWithRetryManager:96 - Updater plugin is busy. [15/15]
2023-08-22 14:35:33,258 [ERROR] IntegrityCheckThread:130 - Cannot retrieve database content from updater: error -1
2023-08-22 14:35:33,258 [INFO] ThirdParty:978 - Integrity check success = false
2023-08-22 14:35:33,258 [INFO] IntegrityCheckThread:100 - exiting critical section [integrity check]
2023-08-22 14:35:33,259 [INFO] IntegrityCheckThread:103 - End integrity checks thread
2023-08-22 14:35:37,398 [ERROR] ServerAccessManage:1089 - Problem, file not found on Server
2023-08-22 14:35:37,841 [ERROR] ServerAccessManage:1089 - Problem, file not found on Server
2023-08-22 14:35:38,170 [ERROR] ServerAccessManage:1089 - Problem, file not found on Server
2023-08-22 14:35:38,503 [ERROR] ServerAccessManage:1089 - Problem, file not found on Server
2023-08-22 14:35:38,848 [ERROR] ServerAccessManage:1089 - Problem, file not found on Server
2023-08-22 14:35:39,274 [ERROR] ServerAccessManage:1089 - Problem, file not found on Server
2023-08-22 14:35:39,684 [INFO] ServerAccessManage:473 - Download File STMicroelectronics.X-CUBE-ISPU.pdsc
2023-08-22 14:35:40,814 [INFO] ServerAccessManage:473 - Download File STMicroelectronics.X-CUBE-MEMS1.pdsc
2023-08-22 14:35:51,461 [INFO] ServerAccessManage:473 - Download File STMicroelectronics.X-CUBE-NFC4.pdsc
2023-08-22 14:35:57,604 [INFO] ServerAccessManage:473 - Download File STMicroelectronics.X-CUBE-NFC7.pdsc
2023-08-22 14:35:58,922 [INFO] ServerAccessManage:473 - Download File STMicroelectronics.X-CUBE-SFXS2LP1.pdsc
2023-08-22 14:36:01,088 [INFO] ServerAccessManage:473 - Download File STMicroelectronics.X-CUBE-SUBG2.pdsc
2023-08-22 14:36:06,616 [INFO] ServerAccessManage:473 - Download File STMicroelectronics.X-CUBE-SMBUS.pdsc
2023-08-22 14:36:07,332 [ERROR] ServerAccessManage:1089 - Problem, file not found on Server
2023-08-22 14:36:07,743 [INFO] ServerAccessManage:473 - Download File STMicroelectronics.X-CUBE-TOF1.pdsc
2023-08-22 14:36:10,917 [ERROR] ServerAccessManage:1089 - Problem, file not found on Server
2023-08-22 14:36:12,247 [INFO] ServerAccessManage:473 - Download File STMicroelectronics.X-CUBE-TOUCHGFX.pdsc
2023-08-22 14:36:19,827 [INFO] ServerAccessManage:473 - Download File STMicroelectronics.X-CUBE-ALGOBUILD.pdsc
2023-08-22 14:36:22,591 [INFO] ServerAccessManage:473 - Download File STMicroelectronics.X-CUBE-AZRTOS-H7.pdsc
2023-08-22 14:36:25,356 [INFO] ServerAccessManage:473 - Download File STMicroelectronics.X-CUBE-AZRTOS-F4.pdsc
2023-08-22 14:36:26,789 [INFO] ServerAccessManage:473 - Download File STMicroelectronics.X-CUBE-AZRTOS-F7.pdsc
2023-08-22 14:36:28,120 [INFO] ServerAccessManage:473 - Download File STMicroelectronics.X-CUBE-AZRTOS-L4.pdsc
2023-08-22 14:36:29,451 [INFO] ServerAccessManage:473 - Download File STMicroelectronics.X-CUBE-AZRTOS-L5.pdsc
2023-08-22 14:36:31,194 [INFO] ServerAccessManage:473 - Download File STMicroelectronics.X-CUBE-AZRTOS-G0.pdsc
2023-08-22 14:36:32,422 [INFO] ServerAccessManage:473 - Download File STMicroelectronics.X-CUBE-AZRTOS-G4.pdsc
2023-08-22 14:36:33,752 [INFO] ServerAccessManage:473 - Download File STMicroelectronics.X-CUBE-AZRTOS-WB.pdsc
2023-08-22 14:36:34,981 [INFO] ServerAccessManage:473 - Download File STMicroelectronics.X-CUBE-AZRTOS-WL.pdsc
2023-08-22 14:36:39,486 [INFO] ServerAccessManage:473 - Download File wolfSSL.I-CUBE-wolfSSL.pdsc
2023-08-22 14:36:46,039 [ERROR] ServerAccessManage:1089 - Problem, file not found on Server
2023-08-22 14:36:46,582 [ERROR] ServerAccessManage:1089 - Problem, file not found on Server
2023-08-22 14:36:47,165 [ERROR] ServerAccessManage:1089 - Problem, file not found on Server
2023-08-22 14:36:48,598 [ERROR] ServerAccessManage:1096 - Problem, Http access forbiden
2023-08-22 14:36:48,599 [ERROR] ServerAccessManage:651 - Problem, Http access forbiden : RoweBots.I-CUBE-UNISONRTOS.pdsc.
2023-08-22 14:36:50,033 [INFO] ServerAccessManage:473 - Download File SEGGER.I-CUBE-embOS.pdsc
2023-08-22 14:36:53,331 [INFO] ServerAccessManage:473 - Download File portGmbH.I-Cube-SoM-uGOAL.pdsc
2023-08-22 14:36:56,593 [ERROR] ServerAccessManage:1089 - Problem, file not found on Server
2023-08-22 14:36:56,893 [ERROR] ServerAccessManage:1089 - Problem, file not found on Server
2023-08-22 14:36:57,102 [ERROR] ServerAccessManage:1089 - Problem, file not found on Server
2023-08-22 14:36:58,528 [INFO] ServerAccessManage:473 - Download File emotas.I-CUBE-CANOPEN.pdsc
2023-08-22 14:37:01,195 [INFO] ServerAccessManage:473 - Download File WES.I-CUBE-Cesium.pdsc
2023-08-22 14:37:04,538 [ERROR] ServerAccessManage:1089 - Problem, file not found on Server
2023-08-22 14:37:05,597 [ERROR] ServerAccessManage:1089 - Problem, file not found on Server
2023-08-22 14:37:05,647 [WARN] PackLoader:240 - Cannot read IP mode file for STMicroelectronics.FP-ATR-ASTRA1.2.0.0
2023-08-22 14:37:05,651 [WARN] PackLoader:240 - Cannot read IP mode file for STMicroelectronics.FP-ATR-SIGFOX1.3.2.0
2023-08-22 14:37:05,655 [WARN] PackLoader:240 - Cannot read IP mode file for STMicroelectronics.FP-SNS-FLIGHT1.5.0.2
2023-08-22 14:37:05,659 [WARN] PackLoader:240 - Cannot read IP mode file for STMicroelectronics.FP-SNS-MOTENV1.4.3.2
2023-08-22 14:37:05,659 [WARN] CheckServerUpdateThread:151 - Open CheckUpdateFile Fail
2023-08-22 14:37:05,665 [WARN] PackLoader:240 - Cannot read IP mode file for STMicroelectronics.X-CUBE-AI.8.1.0
2023-08-22 14:37:05,669 [WARN] PackLoader:240 - Cannot read IP mode file for STMicroelectronics.X-CUBE-ALS.1.0.1
2023-08-22 14:37:05,676 [WARN] PackLoader:240 - Cannot read IP mode file for STMicroelectronics.X-CUBE-BLE1.7.0.0
2023-08-22 14:37:05,682 [WARN] PackLoader:240 - Cannot read IP mode file for STMicroelectronics.X-CUBE-BLE2.3.3.0
2023-08-22 14:37:05,693 [WARN] PackLoader:240 - Cannot read IP mode file for STMicroelectronics.X-CUBE-BLEMGR.2.0.0
2023-08-22 14:37:05,706 [WARN] PackLoader:240 - Cannot read IP mode file for STMicroelectronics.X-CUBE-DISPLAY.3.0.0
2023-08-22 14:37:05,717 [WARN] PackLoader:240 - Cannot read IP mode file for STMicroelectronics.X-CUBE-EEPRMA1.4.1.0
2023-08-22 14:37:05,724 [WARN] PackLoader:240 - Cannot read IP mode file for STMicroelectronics.X-CUBE-FREERTOS.1.0.1
2023-08-22 14:37:05,729 [WARN] PackLoader:240 - Cannot read IP mode file for STMicroelectronics.X-CUBE-GNSS1.6.0.0
2023-08-22 14:37:05,733 [WARN] PackLoader:240 - Cannot read IP mode file for STMicroelectronics.X-CUBE-ISPU.1.1.0
2023-08-22 14:37:05,791 [INFO] CheckServerUpdateThread:120 - End of CheckServer Thread
2023-08-22 14:37:05,795 [WARN] PackLoader:240 - Cannot read IP mode file for STMicroelectronics.X-CUBE-MEMS1.9.6.0
2023-08-22 14:37:05,955 [WARN] PackLoader:240 - Cannot read IP mode file for STMicroelectronics.X-CUBE-NFC4.3.0.0
2023-08-22 14:37:05,959 [WARN] PackLoader:240 - Cannot read IP mode file for STMicroelectronics.X-CUBE-NFC7.1.0.1
2023-08-22 14:37:05,966 [WARN] PackLoader:240 - Cannot read IP mode file for STMicroelectronics.X-CUBE-SFXS2LP1.4.0.0
2023-08-22 14:37:05,975 [WARN] PackLoader:240 - Cannot read IP mode file for STMicroelectronics.X-CUBE-SUBG2.5.0.0
2023-08-22 14:37:05,983 [WARN] PackLoader:240 - Cannot read IP mode file for STMicroelectronics.X-CUBE-SMBUS.2.1.0
2023-08-22 14:37:05,990 [WARN] PackLoader:240 - Cannot read IP mode file for STMicroelectronics.X-CUBE-TOF1.3.3.1
2023-08-22 14:37:06,001 [WARN] PackLoader:240 - Cannot read IP mode file for STMicroelectronics.X-CUBE-TOUCHGFX.4.22.0
2023-08-22 14:37:06,005 [WARN] PackLoader:240 - Cannot read IP mode file for STMicroelectronics.X-CUBE-ALGOBUILD.1.3.0
2023-08-22 14:37:06,019 [WARN] ConditionMgr:438 - getConditionDescription Invalid condition id : UX DEVICE CLASS RTOS Condition cause : null
2023-08-22 14:37:06,019 [WARN] ConditionMgr:438 - getConditionDescription Invalid condition id : UX DEVICE CLASS RTOS Condition cause : null
2023-08-22 14:37:06,022 [WARN] PackLoader:240 - Cannot read IP mode file for STMicroelectronics.X-CUBE-AZRTOS-H7.3.1.0
2023-08-22 14:37:06,023 [WARN] ConditionMgr:1039 - genDependencies : Invalid condition id : UX DEVICE CLASS RTOS Condition cause : null
2023-08-22 14:37:06,024 [WARN] ConditionMgr:1039 - genDependencies : Invalid condition id : UX DEVICE CLASS RTOS Condition cause : null
2023-08-22 14:37:06,024 [WARN] ConditionMgr:1039 - genDependencies : Invalid condition id : UX DEVICE CLASS RTOS Condition cause : null
2023-08-22 14:37:06,025 [WARN] ConditionMgr:1039 - genDependencies : Invalid condition id : UX DEVICE CLASS RTOS Condition cause : null
2023-08-22 14:37:06,025 [WARN] ConditionMgr:1039 - genDependencies : Invalid condition id : UX DEVICE CLASS RTOS Condition cause : null
2023-08-22 14:37:06,041 [WARN] PackLoader:240 - Cannot read IP mode file for STMicroelectronics.X-CUBE-AZRTOS-F4.1.1.0
2023-08-22 14:37:06,057 [WARN] PackLoader:240 - Cannot read IP mode file for STMicroelectronics.X-CUBE-AZRTOS-F7.1.1.0
2023-08-22 14:37:06,074 [WARN] ConditionMgr:438 - getConditionDescription Invalid condition id : LAN8742 Phy interface Condition cause : null
2023-08-22 14:37:06,075 [WARN] PackLoader:240 - Cannot read IP mode file for STMicroelectronics.X-CUBE-AZRTOS-L4.2.0.0
2023-08-22 14:37:06,076 [WARN] ConditionMgr:1039 - genDependencies : Invalid condition id : LAN8742 Phy interface Condition cause : null
2023-08-22 14:37:06,076 [WARN] ConditionMgr:1039 - genDependencies : Invalid condition id : LAN8742 Phy interface Condition cause : null
2023-08-22 14:37:06,077 [WARN] ConditionMgr:1039 - genDependencies : Invalid condition id : LAN8742 Phy interface Condition cause : null
2023-08-22 14:37:06,092 [WARN] PackLoader:240 - Cannot read IP mode file for STMicroelectronics.X-CUBE-AZRTOS-L5.2.0.0
2023-08-22 14:37:06,121 [WARN] PackLoader:240 - Cannot read IP mode file for STMicroelectronics.X-CUBE-AZRTOS-G0.1.1.0
2023-08-22 14:37:06,140 [WARN] PackLoader:240 - Cannot read IP mode file for STMicroelectronics.X-CUBE-AZRTOS-G4.2.0.0
2023-08-22 14:37:06,158 [WARN] ConditionMgr:438 - getConditionDescription Invalid condition id : UX DEVICE CLASS RTOS Condition cause : null
2023-08-22 14:37:06,158 [WARN] ConditionMgr:438 - getConditionDescription Invalid condition id : UX DEVICE CLASS RTOS Condition cause : null
2023-08-22 14:37:06,161 [WARN] PackLoader:240 - Cannot read IP mode file for STMicroelectronics.X-CUBE-AZRTOS-WB.2.0.0
2023-08-22 14:37:06,163 [WARN] ConditionMgr:1039 - genDependencies : Invalid condition id : UX DEVICE CLASS RTOS Condition cause : null
2023-08-22 14:37:06,163 [WARN] ConditionMgr:1039 - genDependencies : Invalid condition id : UX DEVICE CLASS RTOS Condition cause : null
2023-08-22 14:37:06,163 [WARN] ConditionMgr:1039 - genDependencies : Invalid condition id : UX DEVICE CLASS RTOS Condition cause : null
2023-08-22 14:37:06,164 [WARN] ConditionMgr:1039 - genDependencies : Invalid condition id : UX DEVICE CLASS RTOS Condition cause : null
2023-08-22 14:37:06,164 [WARN] ConditionMgr:1039 - genDependencies : Invalid condition id : UX DEVICE CLASS RTOS Condition cause : null
2023-08-22 14:37:06,174 [INFO] LogOutputStream:77 - [STDOUT_REDIRECT] 1 : Invalid condition id : UX_CORESTACK_Condition cause : null
2023-08-22 14:37:06,175 [INFO] LogOutputStream:77 - [STDOUT_REDIRECT] 1 : Invalid condition id : UX_CORESTACK_Condition cause : null
2023-08-22 14:37:06,175 [INFO] LogOutputStream:77 - [STDOUT_REDIRECT] 1 : Invalid condition id : UX_CORESTACK_Condition cause : null
2023-08-22 14:37:06,175 [INFO] LogOutputStream:77 - [STDOUT_REDIRECT] 1 : Invalid condition id : UX_CORESTACK_Condition cause : null
2023-08-22 14:37:06,176 [INFO] LogOutputStream:77 - [STDOUT_REDIRECT] 1 : Invalid condition id : UX_CORESTACK_Condition cause : null
2023-08-22 14:37:06,181 [WARN] PackLoader:240 - Cannot read IP mode file for STMicroelectronics.X-CUBE-AZRTOS-WL.2.0.0
2023-08-22 14:37:06,186 [WARN] PackLoader:240 - Cannot read IP mode file for wolfSSL.I-CUBE-wolfSSL.5.6.3
2023-08-22 14:37:06,238 [WARN] PackLoader:240 - Cannot read IP mode file for SEGGER.I-CUBE-embOS.1.3.1
2023-08-22 14:37:06,304 [WARN] PackLoader:240 - Cannot read IP mode file for portGmbH.I-Cube-SoM-uGOAL.1.1.0
2023-08-22 14:37:06,308 [WARN] PackLoader:240 - Cannot read IP mode file for emotas.I-CUBE-CANOPEN.1.3.0
2023-08-22 14:37:06,313 [WARN] PackLoader:240 - Cannot read IP mode file for WES.I-CUBE-Cesium.1.3.0
2023-08-22 14:37:06,314 [INFO] PopulateThirdPartyThread:66 - Ending populate Thread
2023-08-22 14:37:06,317 [INFO] ThirdParty:1030 - CMSIS Pack Vendor :STMicroelectronics X-CUBE-ISPU 1.1.0
2023-08-22 14:37:06,317 [INFO] ThirdParty:1030 - CMSIS Pack Vendor :STMicroelectronics X-CUBE-DISPLAY 3.0.0
2023-08-22 14:37:06,317 [INFO] ThirdParty:1030 - CMSIS Pack Vendor :STMicroelectronics X-CUBE-GNSS1 6.0.0
2023-08-22 14:37:06,317 [INFO] ThirdParty:1030 - CMSIS Pack Vendor :STMicroelectronics X-CUBE-AZRTOS-F4 1.1.0
2023-08-22 14:37:06,317 [INFO] ThirdParty:1030 - CMSIS Pack Vendor :STMicroelectronics FP-ATR-SIGFOX1 3.2.0
2023-08-22 14:37:06,317 [INFO] ThirdParty:1030 - CMSIS Pack Vendor :STMicroelectronics X-CUBE-BLE1 7.0.0
2023-08-22 14:37:06,317 [INFO] ThirdParty:1030 - CMSIS Pack Vendor :wolfSSL I-CUBE-wolfSSL 5.6.3
2023-08-22 14:37:06,317 [INFO] ThirdParty:1030 - CMSIS Pack Vendor :STMicroelectronics X-CUBE-SMBUS 2.1.0
2023-08-22 14:37:06,318 [INFO] ThirdParty:1030 - CMSIS Pack Vendor :STMicroelectronics X-CUBE-AZRTOS-WB 2.0.0
2023-08-22 14:37:06,318 [INFO] ThirdParty:1030 - CMSIS Pack Vendor :emotas I-CUBE-CANOPEN 1.3.0
2023-08-22 14:37:06,318 [INFO] ThirdParty:1030 - CMSIS Pack Vendor :STMicroelectronics X-CUBE-FREERTOS 1.0.1
2023-08-22 14:37:06,318 [INFO] ThirdParty:1030 - CMSIS Pack Vendor :STMicroelectronics X-CUBE-NFC7 1.0.1
2023-08-22 14:37:06,318 [INFO] ThirdParty:1030 - CMSIS Pack Vendor :STMicroelectronics X-CUBE-TOUCHGFX 4.22.0
2023-08-22 14:37:06,318 [INFO] ThirdParty:1030 - CMSIS Pack Vendor :STMicroelectronics X-CUBE-AZRTOS-F7 1.1.0
2023-08-22 14:37:06,318 [INFO] ThirdParty:1030 - CMSIS Pack Vendor :STMicroelectronics X-CUBE-AZRTOS-L5 2.0.0
2023-08-22 14:37:06,318 [INFO] ThirdParty:1030 - CMSIS Pack Vendor :STMicroelectronics X-CUBE-ALS 1.0.1
2023-08-22 14:37:06,318 [INFO] ThirdParty:1030 - CMSIS Pack Vendor :STMicroelectronics X-CUBE-EEPRMA1 4.1.0
2023-08-22 14:37:06,318 [INFO] ThirdParty:1030 - CMSIS Pack Vendor :portGmbH I-Cube-SoM-uGOAL 1.1.0
2023-08-22 14:37:06,319 [INFO] ThirdParty:1030 - CMSIS Pack Vendor :STMicroelectronics X-CUBE-MEMS1 9.6.0
2023-08-22 14:37:06,319 [INFO] ThirdParty:1030 - CMSIS Pack Vendor :STMicroelectronics FP-SNS-MOTENV1 4.3.2
2023-08-22 14:37:06,319 [INFO] ThirdParty:1030 - CMSIS Pack Vendor :STMicroelectronics X-CUBE-ALGOBUILD 1.3.0
2023-08-22 14:37:06,319 [INFO] ThirdParty:1030 - CMSIS Pack Vendor :STMicroelectronics X-CUBE-AZRTOS-WL 2.0.0
2023-08-22 14:37:06,319 [INFO] ThirdParty:1030 - CMSIS Pack Vendor :SEGGER I-CUBE-embOS 1.3.1
2023-08-22 14:37:06,319 [INFO] ThirdParty:1030 - CMSIS Pack Vendor :STMicroelectronics X-CUBE-AZRTOS-G0 1.1.0
2023-08-22 14:37:06,319 [INFO] ThirdParty:1030 - CMSIS Pack Vendor :STMicroelectronics X-CUBE-AI 8.1.0
2023-08-22 14:37:06,319 [INFO] ThirdParty:1030 - CMSIS Pack Vendor :STMicroelectronics X-CUBE-BLEMGR 2.0.0
2023-08-22 14:37:06,319 [INFO] ThirdParty:1030 - CMSIS Pack Vendor :STMicroelectronics X-CUBE-NFC4 3.0.0
2023-08-22 14:37:06,319 [INFO] ThirdParty:1030 - CMSIS Pack Vendor :STMicroelectronics X-CUBE-SUBG2 5.0.0
2023-08-22 14:37:06,319 [INFO] ThirdParty:1030 - CMSIS Pack Vendor :STMicroelectronics X-CUBE-AZRTOS-L4 2.0.0
2023-08-22 14:37:06,320 [INFO] ThirdParty:1030 - CMSIS Pack Vendor :STMicroelectronics FP-ATR-ASTRA1 2.0.0
2023-08-22 14:37:06,320 [INFO] ThirdParty:1030 - CMSIS Pack Vendor :WES I-CUBE-Cesium 1.3.0
2023-08-22 14:37:06,320 [INFO] ThirdParty:1030 - CMSIS Pack Vendor :STMicroelectronics X-CUBE-SFXS2LP1 4.0.0
2023-08-22 14:37:06,320 [INFO] ThirdParty:1030 - CMSIS Pack Vendor :STMicroelectronics FP-SNS-FLIGHT1 5.0.2
2023-08-22 14:37:06,320 [INFO] ThirdParty:1030 - CMSIS Pack Vendor :STMicroelectronics X-CUBE-BLE2 3.3.0
2023-08-22 14:37:06,320 [INFO] ThirdParty:1030 - CMSIS Pack Vendor :STMicroelectronics X-CUBE-TOF1 3.3.1
2023-08-22 14:37:06,320 [INFO] ThirdParty:1030 - CMSIS Pack Vendor :STMicroelectronics X-CUBE-AZRTOS-G4 2.0.0
2023-08-22 14:37:06,320 [INFO] ThirdParty:1030 - CMSIS Pack Vendor :STMicroelectronics X-CUBE-AZRTOS-H7 3.1.0
2023-08-22 14:37:06,321 [INFO] LoadServerUpdatesThread:373 - End of LoadServerUpdate Thread
2023-08-22 14:38:33,425 [ERROR] LogOutputStream:75 - [STDERR_REDIRECT] 
