2023-09-24 11:01:19,567 [INFO] Activator:176 - 


2023-09-24 11:01:19,570 [INFO] Activator:177 - !SESSION log4j initialized
2023-09-24 11:01:21,851 [ERROR] LogOutputStream:75 - [STDERR_REDIRECT] 
2023-09-24 11:01:23,006 [INFO] LogOutputStream:77 - [STDOUT_REDIRECT] 
2023-09-24 11:01:24,689 [INFO] LogOutputStream:77 - [STDOUT_REDIRECT] 
2023-09-24 11:01:26,394 [ERROR] LogOutputStream:75 - [STDERR_REDIRECT] java.net.URISyntaxException: Illegal character in path at index 106: file:/Users/josephstewart/Desktop/Github/EEE3096S-FlamingFlamingos/3096-Pracs-WXXSIT001-STWJOS003/Joseph's Workspace/.metadata/.log4j2.xml
2023-09-24 11:01:26,396 [ERROR] LogOutputStream:75 - [STDERR_REDIRECT] 	at java.base/java.net.URI$Parser.fail(URI.java:2974)
2023-09-24 11:01:26,396 [ERROR] LogOutputStream:75 - [STDERR_REDIRECT] 	at java.base/java.net.URI$Parser.checkChars(URI.java:3145)
2023-09-24 11:01:26,397 [ERROR] LogOutputStream:75 - [STDERR_REDIRECT] 	at java.base/java.net.URI$Parser.parseHierarchical(URI.java:3227)
2023-09-24 11:01:26,398 [ERROR] LogOutputStream:75 - [STDERR_REDIRECT] 	at java.base/java.net.URI$Parser.parse(URI.java:3175)
2023-09-24 11:01:26,398 [ERROR] LogOutputStream:75 - [STDERR_REDIRECT] 	at java.base/java.net.URI.<init>(URI.java:623)
2023-09-24 11:01:26,400 [ERROR] LogOutputStream:75 - [STDERR_REDIRECT] 	at java.base/java.net.URL.toURI(URL.java:1056)
2023-09-24 11:01:26,406 [ERROR] LogOutputStream:75 - [STDERR_REDIRECT] 	at com.st.stm32cube.common.mx.core.CubeMxInstance.getInstance(CubeMxInstance.java:81)
2023-09-24 11:01:26,407 [ERROR] LogOutputStream:75 - [STDERR_REDIRECT] 	at com.st.stm32cube.common.mx.userauth.UserAuthAdapter.<init>(UserAuthAdapter.java:18)
2023-09-24 11:01:26,407 [ERROR] LogOutputStream:75 - [STDERR_REDIRECT] 	at com.st.stm32cube.common.mx.userauth.UserAuthProvider.getUserAuthAdapter(UserAuthProvider.java:9)
2023-09-24 11:01:26,410 [ERROR] LogOutputStream:75 - [STDERR_REDIRECT] 	at com.st.stm32cube.common.ecosystemintegration.ui.core.MCUEcoSystemIntegrationUiHelper.getUserAuth(MCUEcoSystemIntegrationUiHelper.java:100)
2023-09-24 11:01:26,411 [ERROR] LogOutputStream:75 - [STDERR_REDIRECT] 	at com.st.stm32cube.ide.mcu.userauth.UserAuthStartup.earlyStartup(UserAuthStartup.java:41)
2023-09-24 11:01:26,411 [ERROR] LogOutputStream:75 - [STDERR_REDIRECT] 	at org.eclipse.ui.internal.EarlyStartupRunnable.runEarlyStartup(EarlyStartupRunnable.java:79)
2023-09-24 11:01:26,411 [ERROR] LogOutputStream:75 - [STDERR_REDIRECT] 	at org.eclipse.ui.internal.EarlyStartupRunnable.run(EarlyStartupRunnable.java:55)
2023-09-24 11:01:26,411 [ERROR] LogOutputStream:75 - [STDERR_REDIRECT] 	at org.eclipse.core.runtime.SafeRunner.run(SafeRunner.java:45)
2023-09-24 11:01:26,411 [ERROR] LogOutputStream:75 - [STDERR_REDIRECT] 	at org.eclipse.ui.internal.Workbench$39.run(Workbench.java:2656)
2023-09-24 11:01:26,411 [ERROR] LogOutputStream:75 - [STDERR_REDIRECT] 	at org.eclipse.core.internal.jobs.Worker.run(Worker.java:63)
2023-09-24 11:01:28,345 [INFO] ApplicationProperties:184 - Using Application install path: /Applications/STM32CubeIDE.app/Contents/Eclipse/plugins/com.st.stm32cube.common.mx_6.9.1.202307191849
2023-09-24 11:01:28,361 [INFO] DbMcusXml:78 - Set database path to: /Applications/STM32CubeIDE.app/Contents/Eclipse/plugins/com.st.stm32cube.common.mx_6.9.1.202307191849//db//mcu/
2023-09-24 11:01:28,361 [INFO] ApiDb:274 - Set plugin database path to: /Applications/STM32CubeIDE.app/Contents/Eclipse/plugins/com.st.stm32cube.common.mx_6.9.1.202307191849//db//plugins/boardmanager/
2023-09-24 11:01:28,362 [WARN] ApiDb:259 - Overriding images path with different value:  => /Applications/STM32CubeIDE.app/Contents/Eclipse/plugins/com.st.stm32cube.common.mx_6.9.1.202307191849//db//plugins/mcufinder/images/
2023-09-24 11:01:28,392 [INFO] ApiDb:250 - Set database path to: /Users/josephstewart/.stmcufinder/plugins/mcufinder//mcu/
2023-09-24 11:01:28,393 [INFO] DbMcusAds:125 - Set database path to: /Users/josephstewart/.stmcufinder/plugins/mcufinder//mcu/
2023-09-24 11:01:28,396 [INFO] CrossReferenceDbSqlite:203 - Set database path to: /Users/josephstewart/.stmcufinder/plugins/mcufinder//mcu/cs/
2023-09-24 11:01:28,528 [INFO] RulesReader:64 - Compatibility file has been processed (293 Rules)
2023-09-24 11:01:28,604 [INFO] DbMcusXml:78 - Set database path to: /Applications/STM32CubeIDE.app/Contents/Eclipse/plugins/com.st.stm32cube.common.mx_6.9.1.202307191849//db//mcu/
2023-09-24 11:01:28,604 [INFO] ApiDb:274 - Set plugin database path to: /Applications/STM32CubeIDE.app/Contents/Eclipse/plugins/com.st.stm32cube.common.mx_6.9.1.202307191849//db//plugins/boardmanager/
2023-09-24 11:01:28,605 [INFO] ApiDb:261 - Set plugin images path to: /Applications/STM32CubeIDE.app/Contents/Eclipse/plugins/com.st.stm32cube.common.mx_6.9.1.202307191849//db//plugins/mcufinder/images/
2023-09-24 11:01:28,605 [WARN] DbFile:41 - Overriding database path with different value: /Users/josephstewart/.stmcufinder/plugins/mcufinder/ => /Users/josephstewart/.stmcufinder/plugins/mcufinder
2023-09-24 11:01:28,605 [INFO] ApiDb:250 - Set database path to: /Users/josephstewart/.stmcufinder/plugins/mcufinder//mcu/
2023-09-24 11:01:28,605 [WARN] DbFile:41 - Overriding database path with different value: /Users/josephstewart/.stmcufinder/plugins/mcufinder/ => /Users/josephstewart/.stmcufinder/plugins/mcufinder
2023-09-24 11:01:28,605 [INFO] DbMcusAds:125 - Set database path to: /Users/josephstewart/.stmcufinder/plugins/mcufinder//mcu/
2023-09-24 11:01:28,605 [WARN] DbFile:41 - Overriding database path with different value: /Users/josephstewart/.stmcufinder/plugins/mcufinder/ => /Users/josephstewart/.stmcufinder/plugins/mcufinder
2023-09-24 11:01:28,605 [WARN] DbFile:41 - Overriding database path with different value: /Users/josephstewart/.stmcufinder/plugins/mcufinder/ => /Users/josephstewart/.stmcufinder/plugins/mcufinder
2023-09-24 11:01:28,606 [INFO] CrossReferenceDbSqlite:203 - Set database path to: /Users/josephstewart/.stmcufinder/plugins/mcufinder//mcu/cs/
2023-09-24 11:01:28,701 [INFO] MainPanel:262 - HeapMemory: 268435456
2023-09-24 11:01:28,828 [INFO] DbMcusXml:78 - Set database path to: /Applications/STM32CubeIDE.app/Contents/Eclipse/plugins/com.st.stm32cube.common.mx_6.9.1.202307191849//db//mcu/
2023-09-24 11:01:28,829 [INFO] ApiDb:274 - Set plugin database path to: /Applications/STM32CubeIDE.app/Contents/Eclipse/plugins/com.st.stm32cube.common.mx_6.9.1.202307191849//db//plugins/boardmanager/
2023-09-24 11:01:28,829 [INFO] ApiDb:261 - Set plugin images path to: /Applications/STM32CubeIDE.app/Contents/Eclipse/plugins/com.st.stm32cube.common.mx_6.9.1.202307191849//db//plugins/mcufinder/images/
2023-09-24 11:01:28,829 [WARN] DbFile:41 - Overriding database path with different value: /Users/josephstewart/.stmcufinder/plugins/mcufinder/ => /Users/josephstewart/.stmcufinder/plugins/mcufinder
2023-09-24 11:01:28,829 [INFO] ApiDb:250 - Set database path to: /Users/josephstewart/.stmcufinder/plugins/mcufinder//mcu/
2023-09-24 11:01:28,829 [WARN] DbFile:41 - Overriding database path with different value: /Users/josephstewart/.stmcufinder/plugins/mcufinder/ => /Users/josephstewart/.stmcufinder/plugins/mcufinder
2023-09-24 11:01:28,829 [INFO] DbMcusAds:125 - Set database path to: /Users/josephstewart/.stmcufinder/plugins/mcufinder//mcu/
2023-09-24 11:01:28,830 [WARN] DbFile:41 - Overriding database path with different value: /Users/josephstewart/.stmcufinder/plugins/mcufinder/ => /Users/josephstewart/.stmcufinder/plugins/mcufinder
2023-09-24 11:01:28,830 [WARN] DbFile:41 - Overriding database path with different value: /Users/josephstewart/.stmcufinder/plugins/mcufinder/ => /Users/josephstewart/.stmcufinder/plugins/mcufinder
2023-09-24 11:01:28,830 [INFO] CrossReferenceDbSqlite:203 - Set database path to: /Users/josephstewart/.stmcufinder/plugins/mcufinder//mcu/cs/
2023-09-24 11:01:28,847 [INFO] ApplicationProperties:184 - Using Application install path: /Applications/STM32CubeIDE.app/Contents/Eclipse/plugins/com.st.stm32cube.common.mx_6.9.1.202307191849
2023-09-24 11:01:28,848 [INFO] PluginManage:196 - Search for loadable plugins [exclusion list=, ]
2023-09-24 11:01:28,851 [INFO] PluginManage:310 - Check plugin analytics
2023-09-24 11:01:29,089 [INFO] AnalyticsPlugin:253 - Accepted Software Licenses: 
2023-09-24 11:01:29,089 [INFO] AnalyticsPlugin:255 - Accepted CMSIS Pack Licenses: 
2023-09-24 11:01:29,089 [INFO] AnalyticsPlugin:257 - Accepted Firmware Licenses: 
2023-09-24 11:01:29,097 [INFO] PluginManage:359 - Loaded plugin analytics (category:tool,tabindex:-1)
2023-09-24 11:01:29,098 [INFO] PluginManage:310 - Check plugin cadmodel
2023-09-24 11:01:29,466 [INFO] CADModel:105 - Init CAD model plugin
2023-09-24 11:01:29,466 [INFO] PluginManage:359 - Loaded plugin cadmodel (category:power,tabindex:5)
2023-09-24 11:01:29,467 [INFO] PluginManage:310 - Check plugin clock
2023-09-24 11:01:29,478 [INFO] PluginManage:359 - Loaded plugin clock (category:base,tabindex:2)
2023-09-24 11:01:29,478 [INFO] PluginManage:310 - Check plugin ddr
2023-09-24 11:01:29,481 [INFO] PluginManage:359 - Loaded plugin ddr (category:tool,tabindex:6)
2023-09-24 11:01:29,481 [INFO] PluginManage:310 - Check plugin filemanager
2023-09-24 11:01:29,640 [INFO] PluginManage:359 - Loaded plugin filemanager (category:base,tabindex:10)
2023-09-24 11:01:29,641 [INFO] PluginManage:310 - Check plugin ipmanager
2023-09-24 11:01:29,651 [INFO] PluginManage:359 - Loaded plugin ipmanager (category:base,tabindex:5)
2023-09-24 11:01:29,652 [INFO] PluginManage:310 - Check plugin lpbam
2023-09-24 11:01:29,661 [INFO] PluginManage:359 - Loaded plugin lpbam (category:base,tabindex:0)
2023-09-24 11:01:29,661 [INFO] PluginManage:310 - Check plugin memorymap
2023-09-24 11:01:29,670 [INFO] PluginManage:359 - Loaded plugin memorymap (category:base,tabindex:4)
2023-09-24 11:01:29,671 [INFO] PluginManage:310 - Check plugin pinoutandconfiguration
2023-09-24 11:01:29,676 [INFO] PluginManage:359 - Loaded plugin pinoutandconfiguration (category:base,tabindex:1)
2023-09-24 11:01:29,676 [INFO] PluginManage:310 - Check plugin pinoutconfig
2023-09-24 11:01:29,753 [WARN] SupportedApi:132 - Cannot load RTOS API schema: s4s-elt-must-match.1: The content of 'definitions' must match (annotation?, (simpleType | complexType)?, (unique | key | keyref)*)). A problem was found starting at: attribute.
2023-09-24 11:01:30,003 [INFO] PluginManage:359 - Loaded plugin pinoutconfig (category:base,tabindex:0)
2023-09-24 11:01:30,005 [INFO] PluginManage:310 - Check plugin power
2023-09-24 11:01:30,032 [INFO] PluginManage:359 - Loaded plugin power (category:power,tabindex:4)
2023-09-24 11:01:30,033 [INFO] PluginManage:310 - Check plugin projectmanager
2023-09-24 11:01:30,068 [INFO] PluginManage:359 - Loaded plugin projectmanager (category:projectmanager,tabindex:3)
2023-09-24 11:01:30,068 [INFO] PluginManage:310 - Check plugin thirdparty
2023-09-24 11:01:30,264 [INFO] PluginManage:359 - Loaded plugin thirdparty (category:base,tabindex:-1)
2023-09-24 11:01:30,267 [INFO] PluginManage:310 - Check plugin tools
2023-09-24 11:01:30,264 [WARN] IntegrityCheckThread:84 - waiting for thirdparty lock release [integrity check]
2023-09-24 11:01:30,268 [INFO] IntegrityCheckThread:86 - entering critical section [integrity check]
2023-09-24 11:01:30,270 [INFO] ThirdPartyUpdaterWithRetryManager:70 - Updater plugin not ready yet. [1/15]
2023-09-24 11:01:30,277 [INFO] PluginManage:359 - Loaded plugin tools (category:base,tabindex:7)
2023-09-24 11:01:30,277 [INFO] PluginManage:310 - Check plugin tutovideos
2023-09-24 11:01:30,497 [INFO] PluginManage:359 - Loaded plugin tutovideos (category:base,tabindex:-1)
2023-09-24 11:01:30,499 [INFO] PluginManage:310 - Check plugin updater
2023-09-24 11:01:30,521 [INFO] PluginManage:359 - Loaded plugin updater (category:base,tabindex:12)
2023-09-24 11:01:30,522 [INFO] PluginManage:310 - Check plugin userauth
2023-09-24 11:01:30,527 [INFO] UserAuth:113 - Init User Auth plugin
2023-09-24 11:01:30,528 [INFO] PluginManage:359 - Loaded plugin userauth (category:base,tabindex:14)
2023-09-24 11:01:30,529 [INFO] PluginManage:283 - PluginManage : Loaded plugins [17]
2023-09-24 11:01:30,839 [INFO] PinOutPanel:1499 - setPackage(No Configuration,No Configuration)
2023-09-24 11:01:30,929 [INFO] CADModel:165 - CPN selected for project level
2023-09-24 11:01:30,929 [INFO] CADModel:114 - Register for checkConnection events
2023-09-24 11:01:30,942 [INFO] IPUIPlugin:80 - create IPUIPlugin
2023-09-24 11:01:30,943 [INFO] PluginManager:220 - loadIPPluginJar : add mdma
2023-09-24 11:01:30,947 [INFO] IPUIPlugin:80 - create IPUIPlugin
2023-09-24 11:01:30,947 [INFO] PluginManager:220 - loadIPPluginJar : add freertos
2023-09-24 11:01:30,950 [INFO] IPUIPlugin:80 - create IPUIPlugin
2023-09-24 11:01:30,950 [INFO] PluginManager:220 - loadIPPluginJar : add gic
2023-09-24 11:01:30,955 [INFO] IPUIPlugin:80 - create IPUIPlugin
2023-09-24 11:01:30,955 [INFO] PluginManager:220 - loadIPPluginJar : add adc
2023-09-24 11:01:30,957 [INFO] IPUIPlugin:80 - create IPUIPlugin
2023-09-24 11:01:30,957 [INFO] PluginManager:220 - loadIPPluginJar : add gtzc
2023-09-24 11:01:30,958 [INFO] IPUIPlugin:80 - create IPUIPlugin
2023-09-24 11:01:30,958 [INFO] PluginManager:220 - loadIPPluginJar : add quadspi
2023-09-24 11:01:30,960 [INFO] IPUIPlugin:80 - create IPUIPlugin
2023-09-24 11:01:30,960 [INFO] PluginManager:220 - loadIPPluginJar : add aes
2023-09-24 11:01:30,962 [INFO] IPUIPlugin:80 - create IPUIPlugin
2023-09-24 11:01:30,963 [INFO] PluginManager:220 - loadIPPluginJar : add pdm2pcm
2023-09-24 11:01:30,964 [INFO] IPUIPlugin:80 - create IPUIPlugin
2023-09-24 11:01:30,964 [INFO] PluginManager:220 - loadIPPluginJar : add hash
2023-09-24 11:01:30,965 [INFO] IPUIPlugin:80 - create IPUIPlugin
2023-09-24 11:01:30,965 [INFO] PluginManager:220 - loadIPPluginJar : add tim
2023-09-24 11:01:30,966 [INFO] IPUIPlugin:80 - create IPUIPlugin
2023-09-24 11:01:30,966 [INFO] PluginManager:220 - loadIPPluginJar : add tsc
2023-09-24 11:01:30,967 [INFO] IPUIPlugin:80 - create IPUIPlugin
2023-09-24 11:01:30,967 [INFO] PluginManager:220 - loadIPPluginJar : add ts
2023-09-24 11:01:30,968 [INFO] IPUIPlugin:80 - create IPUIPlugin
2023-09-24 11:01:30,968 [INFO] PluginManager:220 - loadIPPluginJar : add can
2023-09-24 11:01:30,971 [INFO] IPUIPlugin:80 - create IPUIPlugin
2023-09-24 11:01:30,971 [INFO] PluginManager:220 - loadIPPluginJar : add dma3
2023-09-24 11:01:30,973 [INFO] IPUIPlugin:80 - create IPUIPlugin
2023-09-24 11:01:30,974 [INFO] PluginManager:220 - loadIPPluginJar : add dfsdm
2023-09-24 11:01:30,975 [INFO] IPUIPlugin:80 - create IPUIPlugin
2023-09-24 11:01:30,975 [INFO] PluginManager:220 - loadIPPluginJar : add spi
2023-09-24 11:01:30,976 [INFO] IPUIPlugin:80 - create IPUIPlugin
2023-09-24 11:01:30,976 [INFO] PluginManager:220 - loadIPPluginJar : add gfxmmu
2023-09-24 11:01:30,977 [INFO] IPUIPlugin:80 - create IPUIPlugin
2023-09-24 11:01:30,977 [INFO] PluginManager:220 - loadIPPluginJar : add genericplugin
2023-09-24 11:01:30,980 [INFO] IPUIPlugin:80 - create IPUIPlugin
2023-09-24 11:01:30,980 [INFO] PluginManager:220 - loadIPPluginJar : add cryp
2023-09-24 11:01:30,983 [INFO] IPUIPlugin:80 - create IPUIPlugin
2023-09-24 11:01:30,983 [INFO] PluginManager:220 - loadIPPluginJar : add gpio
2023-09-24 11:01:30,984 [INFO] IPUIPlugin:80 - create IPUIPlugin
2023-09-24 11:01:30,984 [INFO] PluginManager:220 - loadIPPluginJar : add comp
2023-09-24 11:01:30,985 [INFO] IPUIPlugin:80 - create IPUIPlugin
2023-09-24 11:01:30,985 [INFO] PluginManager:220 - loadIPPluginJar : add tracer_emb
2023-09-24 11:01:30,987 [INFO] IPUIPlugin:80 - create IPUIPlugin
2023-09-24 11:01:30,987 [INFO] PluginManager:220 - loadIPPluginJar : add openamp
2023-09-24 11:01:30,989 [INFO] IPUIPlugin:80 - create IPUIPlugin
2023-09-24 11:01:30,989 [INFO] PluginManager:220 - loadIPPluginJar : add stm32_wpan
2023-09-24 11:01:30,992 [INFO] IPUIPlugin:80 - create IPUIPlugin
2023-09-24 11:01:30,997 [INFO] PluginManager:220 - loadIPPluginJar : add plateformsettings
2023-09-24 11:01:30,999 [INFO] IPUIPlugin:80 - create IPUIPlugin
2023-09-24 11:01:31,000 [INFO] PluginManager:220 - loadIPPluginJar : add ipddr
2023-09-24 11:01:31,002 [INFO] IPUIPlugin:80 - create IPUIPlugin
2023-09-24 11:01:31,002 [INFO] PluginManager:220 - loadIPPluginJar : add usart
2023-09-24 11:01:31,003 [INFO] IPUIPlugin:80 - create IPUIPlugin
2023-09-24 11:01:31,003 [INFO] PluginManager:220 - loadIPPluginJar : add ltdc
2023-09-24 11:01:31,004 [INFO] IPUIPlugin:80 - create IPUIPlugin
2023-09-24 11:01:31,005 [INFO] PluginManager:220 - loadIPPluginJar : add nvic
2023-09-24 11:01:31,008 [INFO] IPUIPlugin:80 - create IPUIPlugin
2023-09-24 11:01:31,009 [INFO] PluginManager:220 - loadIPPluginJar : add fatfs
2023-09-24 11:01:31,013 [INFO] IPUIPlugin:80 - create IPUIPlugin
2023-09-24 11:01:31,013 [INFO] PluginManager:220 - loadIPPluginJar : add linkedlist
2023-09-24 11:01:31,017 [INFO] IPUIPlugin:80 - create IPUIPlugin
2023-09-24 11:01:31,017 [INFO] PluginManager:220 - loadIPPluginJar : add dma
2023-09-24 11:01:31,019 [INFO] IPUIPlugin:80 - create IPUIPlugin
2023-09-24 11:01:31,019 [INFO] PluginManager:220 - loadIPPluginJar : add fmc
2023-09-24 11:01:31,020 [INFO] IPUIPlugin:80 - create IPUIPlugin
2023-09-24 11:01:31,020 [INFO] PluginManager:220 - loadIPPluginJar : add i2s
2023-09-24 11:01:31,022 [INFO] IPUIPlugin:80 - create IPUIPlugin
2023-09-24 11:01:31,022 [INFO] PluginManager:220 - loadIPPluginJar : add ucpd
2023-09-24 11:01:31,024 [INFO] IPUIPlugin:80 - create IPUIPlugin
2023-09-24 11:01:31,024 [INFO] PluginManager:220 - loadIPPluginJar : add lorawan
2023-09-24 11:01:31,025 [INFO] IPUIPlugin:80 - create IPUIPlugin
2023-09-24 11:01:31,025 [INFO] PluginManager:220 - loadIPPluginJar : add opamp
2023-09-24 11:01:31,027 [INFO] IPUIPlugin:80 - create IPUIPlugin
2023-09-24 11:01:31,027 [INFO] PluginManager:220 - loadIPPluginJar : add i3c
2023-09-24 11:01:31,029 [INFO] IPUIPlugin:80 - create IPUIPlugin
2023-09-24 11:01:31,030 [INFO] PluginManager:220 - loadIPPluginJar : add touchsensing
2023-09-24 11:01:31,032 [INFO] IPUIPlugin:80 - create IPUIPlugin
2023-09-24 11:01:31,032 [INFO] PluginManager:220 - loadIPPluginJar : add i2c
2023-09-24 11:01:31,033 [INFO] IPUIPlugin:80 - create IPUIPlugin
2023-09-24 11:01:31,034 [INFO] PluginManager:220 - loadIPPluginJar : add resmgrutility
2023-09-24 11:01:31,035 [INFO] IPUIPlugin:80 - create IPUIPlugin
2023-09-24 11:01:31,035 [INFO] PluginManager:220 - loadIPPluginJar : add sai
2023-09-24 11:01:31,037 [INFO] IPUIPlugin:80 - create IPUIPlugin
2023-09-24 11:01:31,037 [INFO] PluginManager:220 - loadIPPluginJar : add usbx
2023-09-24 11:01:31,154 [INFO] CADModel:165 - CPN selected for project level
2023-09-24 11:01:31,156 [INFO] CADModel:114 - Register for checkConnection events
2023-09-24 11:01:31,156 [FATAL] Updater:308 - Updater called before beeing initialized
2023-09-24 11:01:31,156 [ERROR] CADModel:125 - Updater not yet initialized, retry later 
2023-09-24 11:01:31,358 [INFO] CADModel:165 - CPN selected for project level
2023-09-24 11:01:31,358 [INFO] CADModel:114 - Register for checkConnection events
2023-09-24 11:01:31,358 [FATAL] Updater:308 - Updater called before beeing initialized
2023-09-24 11:01:31,358 [ERROR] CADModel:125 - Updater not yet initialized, retry later 
2023-09-24 11:01:31,361 [FATAL] Updater:308 - Updater called before beeing initialized
2023-09-24 11:01:31,491 [FATAL] Updater:308 - Updater called before beeing initialized
2023-09-24 11:01:31,499 [INFO] DbMcusAds:53 - JSON generation date=Thu Sep 30 08:55:09 SAST 2021 (1632984909247)
2023-09-24 11:01:31,499 [FATAL] Updater:308 - Updater called before beeing initialized
2023-09-24 11:01:31,624 [WARN] DetailPanel:346 - Failed to get advertising image, set to default
2023-09-24 11:01:31,695 [FATAL] Updater:308 - Updater called before beeing initialized
2023-09-24 11:01:31,697 [FATAL] Updater:308 - Updater called before beeing initialized
2023-09-24 11:01:31,697 [FATAL] Updater:308 - Updater called before beeing initialized
2023-09-24 11:01:31,697 [WARN] DetailPanel:346 - Failed to get advertising image, set to default
2023-09-24 11:01:31,699 [FATAL] Updater:308 - Updater called before beeing initialized
2023-09-24 11:01:31,767 [ERROR] Updater:1120 - MainUpdater not yet initialized. External WinMGr cannot be set.
2023-09-24 11:01:31,813 [INFO] Updater:1056 - Updater Version found : 6.9.1
2023-09-24 11:01:31,826 [INFO] ApplicationProperties:184 - Using Application install path: /Applications/STM32CubeIDE.app/Contents/Eclipse/plugins/com.st.stm32cube.common.mx_6.9.1.202307191849
2023-09-24 11:01:32,012 [INFO] MainUpdater:2868 - connection check result : 10
2023-09-24 11:01:32,013 [INFO] MainUpdater:285 - Updater Check For Update Now.
2023-09-24 11:01:32,013 [INFO] MicroXplorer:498 - Change Database Version : DB.6.0.91
2023-09-24 11:01:32,018 [INFO] McuFinderGlobals:63 - Set McuFinder mode to 2 (CubeIDE integrated)
2023-09-24 11:01:32,019 [INFO] UserAuth:179 - activating auth plugin
2023-09-24 11:01:32,029 [INFO] UserAuth:393 - Internet connection configuration mode: 1
2023-09-24 11:01:32,043 [INFO] JxBrowserEngine:151 - Initiate JxBrowser Engine with user profile folder
2023-09-24 11:01:32,280 [INFO] CheckServerUpdateThread:120 - End of CheckServer Thread
2023-09-24 11:01:33,446 [WARN] PackLoader:240 - Cannot read IP mode file for STMicroelectronics.X-CUBE-SMBUS.2.1.0
2023-09-24 11:01:33,525 [WARN] PackLoader:240 - Cannot read IP mode file for STMicroelectronics.X-CUBE-AZRTOS-F7.1.1.0
2023-09-24 11:01:33,558 [WARN] PackLoader:240 - Cannot read IP mode file for STMicroelectronics.FP-SNS-MOTENV1.4.3.2
2023-09-24 11:01:33,596 [WARN] PackLoader:240 - Cannot read IP mode file for STMicroelectronics.X-CUBE-DISPLAY.3.0.0
2023-09-24 11:01:33,624 [WARN] PackLoader:240 - Cannot read IP mode file for emotas.I-CUBE-CANOPEN.1.3.0
2023-09-24 11:01:33,636 [WARN] PackLoader:240 - Cannot read IP mode file for STMicroelectronics.X-CUBE-TOUCHGFX.4.22.0
2023-09-24 11:01:33,650 [WARN] PackLoader:240 - Cannot read IP mode file for STMicroelectronics.FP-SNS-SMARTAG2.1.2.0
2023-09-24 11:01:33,672 [INFO] LogOutputStream:77 - [STDOUT_REDIRECT] 1 : Invalid condition id : UX_CORESTACK_Condition cause : null
2023-09-24 11:01:33,675 [INFO] LogOutputStream:77 - [STDOUT_REDIRECT] 1 : Invalid condition id : UX_CORESTACK_Condition cause : null
2023-09-24 11:01:33,676 [INFO] LogOutputStream:77 - [STDOUT_REDIRECT] 1 : Invalid condition id : UX_CORESTACK_Condition cause : null
2023-09-24 11:01:33,676 [INFO] LogOutputStream:77 - [STDOUT_REDIRECT] 1 : Invalid condition id : UX_CORESTACK_Condition cause : null
2023-09-24 11:01:33,676 [INFO] LogOutputStream:77 - [STDOUT_REDIRECT] 1 : Invalid condition id : UX_CORESTACK_Condition cause : null
2023-09-24 11:01:33,682 [WARN] PackLoader:240 - Cannot read IP mode file for STMicroelectronics.X-CUBE-AZRTOS-WL.2.0.0
2023-09-24 11:01:33,711 [WARN] PackLoader:240 - Cannot read IP mode file for WES.I-CUBE-Cesium.1.3.0
2023-09-24 11:01:33,729 [WARN] PackLoader:240 - Cannot read IP mode file for STMicroelectronics.X-CUBE-BLE2.3.3.0
2023-09-24 11:01:33,749 [WARN] PackLoader:240 - Cannot read IP mode file for STMicroelectronics.X-CUBE-ALGOBUILD.1.3.0
2023-09-24 11:01:33,789 [WARN] PackLoader:240 - Cannot read IP mode file for STMicroelectronics.X-CUBE-AZRTOS-G0.1.1.0
2023-09-24 11:01:33,817 [WARN] PackLoader:240 - Cannot read IP mode file for STMicroelectronics.X-CUBE-NFC4.3.0.0
2023-09-24 11:01:33,833 [WARN] PackLoader:240 - Cannot read IP mode file for STMicroelectronics.FP-ATR-SIGFOX1.3.2.0
2023-09-24 11:01:33,920 [WARN] PackLoader:240 - Cannot read IP mode file for SEGGER.I-CUBE-embOS.1.3.1
2023-09-24 11:01:34,017 [WARN] PackLoader:240 - Cannot read IP mode file for STMicroelectronics.X-CUBE-GNSS1.6.0.0
2023-09-24 11:01:34,060 [WARN] PackLoader:240 - Cannot read IP mode file for STMicroelectronics.X-CUBE-AZRTOS-F4.1.1.0
2023-09-24 11:01:34,076 [WARN] PackLoader:240 - Cannot read IP mode file for wolfSSL.I-CUBE-wolfSSL.5.6.3
2023-09-24 11:01:34,131 [WARN] PackLoader:240 - Cannot read IP mode file for STMicroelectronics.X-CUBE-AZRTOS-L5.2.0.0
2023-09-24 11:01:34,261 [WARN] PackLoader:240 - Cannot read IP mode file for STMicroelectronics.X-CUBE-MEMS1.9.6.0
2023-09-24 11:01:34,432 [WARN] PackLoader:240 - Cannot read IP mode file for STMicroelectronics.X-CUBE-BLEMGR.2.0.0
2023-09-24 11:01:34,499 [WARN] ConditionMgr:438 - getConditionDescription Invalid condition id : UX DEVICE CLASS RTOS Condition cause : null
2023-09-24 11:01:34,500 [WARN] ConditionMgr:438 - getConditionDescription Invalid condition id : UX DEVICE CLASS RTOS Condition cause : null
2023-09-24 11:01:34,506 [WARN] PackLoader:240 - Cannot read IP mode file for STMicroelectronics.X-CUBE-AZRTOS-H7.3.1.0
2023-09-24 11:01:34,509 [WARN] ConditionMgr:1039 - genDependencies : Invalid condition id : UX DEVICE CLASS RTOS Condition cause : null
2023-09-24 11:01:34,509 [WARN] ConditionMgr:1039 - genDependencies : Invalid condition id : UX DEVICE CLASS RTOS Condition cause : null
2023-09-24 11:01:34,511 [WARN] ConditionMgr:1039 - genDependencies : Invalid condition id : UX DEVICE CLASS RTOS Condition cause : null
2023-09-24 11:01:34,511 [WARN] ConditionMgr:1039 - genDependencies : Invalid condition id : UX DEVICE CLASS RTOS Condition cause : null
2023-09-24 11:01:34,512 [WARN] ConditionMgr:1039 - genDependencies : Invalid condition id : UX DEVICE CLASS RTOS Condition cause : null
2023-09-24 11:01:34,530 [WARN] PackLoader:240 - Cannot read IP mode file for STMicroelectronics.X-CUBE-NFC7.1.0.1
2023-09-24 11:01:34,542 [WARN] PackLoader:240 - Cannot read IP mode file for STMicroelectronics.X-CUBE-NFC6.3.0.0
2023-09-24 11:01:34,559 [WARN] PackLoader:240 - Cannot read IP mode file for STMicroelectronics.X-CUBE-EEPRMA1.4.1.0
2023-09-24 11:01:34,584 [WARN] ConditionMgr:438 - getConditionDescription Invalid condition id : LAN8742 Phy interface Condition cause : null
2023-09-24 11:01:34,585 [WARN] PackLoader:240 - Cannot read IP mode file for STMicroelectronics.X-CUBE-AZRTOS-L4.2.0.0
2023-09-24 11:01:34,595 [WARN] ConditionMgr:1039 - genDependencies : Invalid condition id : LAN8742 Phy interface Condition cause : null
2023-09-24 11:01:34,596 [WARN] ConditionMgr:1039 - genDependencies : Invalid condition id : LAN8742 Phy interface Condition cause : null
2023-09-24 11:01:34,597 [WARN] ConditionMgr:1039 - genDependencies : Invalid condition id : LAN8742 Phy interface Condition cause : null
2023-09-24 11:01:34,629 [WARN] PackLoader:240 - Cannot read IP mode file for STMicroelectronics.X-CUBE-SFXS2LP1.4.0.0
2023-09-24 11:01:34,644 [WARN] PackLoader:240 - Cannot read IP mode file for STMicroelectronics.X-CUBE-ISPU.1.1.0
2023-09-24 11:01:34,659 [WARN] ConditionMgr:438 - getConditionDescription Invalid condition id : UX DEVICE CLASS RTOS Condition cause : null
2023-09-24 11:01:34,660 [WARN] ConditionMgr:438 - getConditionDescription Invalid condition id : UX DEVICE CLASS RTOS Condition cause : null
2023-09-24 11:01:34,663 [WARN] PackLoader:240 - Cannot read IP mode file for STMicroelectronics.X-CUBE-AZRTOS-WB.2.0.0
2023-09-24 11:01:34,664 [WARN] ConditionMgr:1039 - genDependencies : Invalid condition id : UX DEVICE CLASS RTOS Condition cause : null
2023-09-24 11:01:34,665 [WARN] ConditionMgr:1039 - genDependencies : Invalid condition id : UX DEVICE CLASS RTOS Condition cause : null
2023-09-24 11:01:34,665 [WARN] ConditionMgr:1039 - genDependencies : Invalid condition id : UX DEVICE CLASS RTOS Condition cause : null
2023-09-24 11:01:34,666 [WARN] ConditionMgr:1039 - genDependencies : Invalid condition id : UX DEVICE CLASS RTOS Condition cause : null
2023-09-24 11:01:34,666 [WARN] ConditionMgr:1039 - genDependencies : Invalid condition id : UX DEVICE CLASS RTOS Condition cause : null
2023-09-24 11:01:34,678 [WARN] PackLoader:240 - Cannot read IP mode file for STMicroelectronics.X-CUBE-FREERTOS.1.0.1
2023-09-24 11:01:34,691 [WARN] PackLoader:240 - Cannot read IP mode file for STMicroelectronics.X-CUBE-SUBG2.5.0.0
2023-09-24 11:01:34,715 [WARN] PackLoader:240 - Cannot read IP mode file for STMicroelectronics.X-CUBE-AZRTOS-G4.2.0.0
2023-09-24 11:01:34,725 [WARN] PackLoader:240 - Cannot read IP mode file for STMicroelectronics.X-CUBE-FREERTOS.1.1.0
2023-09-24 11:01:34,731 [WARN] PackLoader:240 - Cannot read IP mode file for portGmbH.I-Cube-SoM-uGOAL.1.1.0
2023-09-24 11:01:34,734 [WARN] PackLoader:240 - Cannot read IP mode file for STMicroelectronics.X-CUBE-ALS.1.0.1
2023-09-24 11:01:34,739 [WARN] PackLoader:240 - Cannot read IP mode file for STMicroelectronics.FP-ATR-ASTRA1.2.0.0
2023-09-24 11:01:34,742 [INFO] ThirdParty:978 - Integrity check success = true
2023-09-24 11:01:34,742 [INFO] IntegrityCheckThread:100 - exiting critical section [integrity check]
2023-09-24 11:01:34,742 [INFO] IntegrityCheckThread:103 - End integrity checks thread
2023-09-24 11:01:37,003 [INFO] WebApp:157 - Instantiating new browser for Auth
2023-09-24 11:01:38,243 [INFO] WebApp:753 - Register for checkConnection events
2023-09-24 11:01:38,244 [INFO] WebApp:390 - Apply proxy settings
2023-09-24 11:01:38,252 [INFO] WebApp:455 - Chromium authenticates against System proxy
2023-09-24 11:01:38,434 [INFO] WebApp:188 - Starting web application
2023-09-24 11:01:38,434 [INFO] WebApp:520 - Web application path used /Applications/STM32CubeIDE.app/Contents/Eclipse/plugins/com.st.stm32cube.common.mx_6.9.1.202307191849/db/plugins/mcufinder/reactClient1/index.html
2023-09-24 11:01:59,985 [ERROR] LogOutputStream:75 - [STDERR_REDIRECT] SLF4J: Failed to load class "org.slf4j.impl.StaticLoggerBinder".
2023-09-24 11:01:59,986 [ERROR] LogOutputStream:75 - [STDERR_REDIRECT] SLF4J: Defaulting to no-operation (NOP) logger implementation
2023-09-24 11:01:59,986 [ERROR] LogOutputStream:75 - [STDERR_REDIRECT] SLF4J: See http://www.slf4j.org/codes.html#StaticLoggerBinder for further details.
2023-09-24 13:15:51,822 [INFO] Activator:176 - 


2023-09-24 13:15:51,823 [INFO] Activator:177 - !SESSION log4j initialized
2023-09-24 13:15:57,567 [ERROR] LogOutputStream:75 - [STDERR_REDIRECT] 
2023-09-24 13:15:58,976 [INFO] LogOutputStream:77 - [STDOUT_REDIRECT] 
2023-09-24 13:16:00,879 [INFO] LogOutputStream:77 - [STDOUT_REDIRECT] 
2023-09-24 13:16:02,035 [ERROR] LogOutputStream:75 - [STDERR_REDIRECT] java.net.URISyntaxException: Illegal character in path at index 106: file:/Users/josephstewart/Desktop/Github/EEE3096S-FlamingFlamingos/3096-Pracs-WXXSIT001-STWJOS003/Joseph's Workspace/.metadata/.log4j2.xml
2023-09-24 13:16:02,037 [ERROR] LogOutputStream:75 - [STDERR_REDIRECT] 	at java.base/java.net.URI$Parser.fail(URI.java:2974)
2023-09-24 13:16:02,038 [ERROR] LogOutputStream:75 - [STDERR_REDIRECT] 	at java.base/java.net.URI$Parser.checkChars(URI.java:3145)
2023-09-24 13:16:02,038 [ERROR] LogOutputStream:75 - [STDERR_REDIRECT] 	at java.base/java.net.URI$Parser.parseHierarchical(URI.java:3227)
2023-09-24 13:16:02,038 [ERROR] LogOutputStream:75 - [STDERR_REDIRECT] 	at java.base/java.net.URI$Parser.parse(URI.java:3175)
2023-09-24 13:16:02,040 [ERROR] LogOutputStream:75 - [STDERR_REDIRECT] 	at java.base/java.net.URI.<init>(URI.java:623)
2023-09-24 13:16:02,041 [ERROR] LogOutputStream:75 - [STDERR_REDIRECT] 	at java.base/java.net.URL.toURI(URL.java:1056)
2023-09-24 13:16:02,041 [ERROR] LogOutputStream:75 - [STDERR_REDIRECT] 	at com.st.stm32cube.common.mx.core.CubeMxInstance.getInstance(CubeMxInstance.java:81)
2023-09-24 13:16:02,041 [ERROR] LogOutputStream:75 - [STDERR_REDIRECT] 	at com.st.stm32cube.common.mx.userauth.UserAuthAdapter.<init>(UserAuthAdapter.java:18)
2023-09-24 13:16:02,041 [ERROR] LogOutputStream:75 - [STDERR_REDIRECT] 	at com.st.stm32cube.common.mx.userauth.UserAuthProvider.getUserAuthAdapter(UserAuthProvider.java:9)
2023-09-24 13:16:02,042 [ERROR] LogOutputStream:75 - [STDERR_REDIRECT] 	at com.st.stm32cube.common.ecosystemintegration.ui.core.MCUEcoSystemIntegrationUiHelper.getUserAuth(MCUEcoSystemIntegrationUiHelper.java:100)
2023-09-24 13:16:02,042 [ERROR] LogOutputStream:75 - [STDERR_REDIRECT] 	at com.st.stm32cube.ide.mcu.userauth.UserAuthStartup.earlyStartup(UserAuthStartup.java:41)
2023-09-24 13:16:02,042 [ERROR] LogOutputStream:75 - [STDERR_REDIRECT] 	at org.eclipse.ui.internal.EarlyStartupRunnable.runEarlyStartup(EarlyStartupRunnable.java:79)
2023-09-24 13:16:02,042 [ERROR] LogOutputStream:75 - [STDERR_REDIRECT] 	at org.eclipse.ui.internal.EarlyStartupRunnable.run(EarlyStartupRunnable.java:55)
2023-09-24 13:16:02,042 [ERROR] LogOutputStream:75 - [STDERR_REDIRECT] 	at org.eclipse.core.runtime.SafeRunner.run(SafeRunner.java:45)
2023-09-24 13:16:02,042 [ERROR] LogOutputStream:75 - [STDERR_REDIRECT] 	at org.eclipse.ui.internal.Workbench$39.run(Workbench.java:2656)
2023-09-24 13:16:02,042 [ERROR] LogOutputStream:75 - [STDERR_REDIRECT] 	at org.eclipse.core.internal.jobs.Worker.run(Worker.java:63)
2023-09-24 13:16:02,146 [INFO] ApplicationProperties:184 - Using Application install path: /Applications/STM32CubeIDE.app/Contents/Eclipse/plugins/com.st.stm32cube.common.mx_6.9.1.202307191849
2023-09-24 13:16:02,160 [INFO] DbMcusXml:78 - Set database path to: /Applications/STM32CubeIDE.app/Contents/Eclipse/plugins/com.st.stm32cube.common.mx_6.9.1.202307191849//db//mcu/
2023-09-24 13:16:02,161 [INFO] ApiDb:274 - Set plugin database path to: /Applications/STM32CubeIDE.app/Contents/Eclipse/plugins/com.st.stm32cube.common.mx_6.9.1.202307191849//db//plugins/boardmanager/
2023-09-24 13:16:02,161 [WARN] ApiDb:259 - Overriding images path with different value:  => /Applications/STM32CubeIDE.app/Contents/Eclipse/plugins/com.st.stm32cube.common.mx_6.9.1.202307191849//db//plugins/mcufinder/images/
2023-09-24 13:16:02,174 [INFO] ApiDb:250 - Set database path to: /Users/josephstewart/.stmcufinder/plugins/mcufinder//mcu/
2023-09-24 13:16:02,176 [INFO] DbMcusAds:125 - Set database path to: /Users/josephstewart/.stmcufinder/plugins/mcufinder//mcu/
2023-09-24 13:16:02,177 [INFO] CrossReferenceDbSqlite:203 - Set database path to: /Users/josephstewart/.stmcufinder/plugins/mcufinder//mcu/cs/
2023-09-24 13:16:02,310 [INFO] RulesReader:64 - Compatibility file has been processed (293 Rules)
2023-09-24 13:16:02,384 [INFO] DbMcusXml:78 - Set database path to: /Applications/STM32CubeIDE.app/Contents/Eclipse/plugins/com.st.stm32cube.common.mx_6.9.1.202307191849//db//mcu/
2023-09-24 13:16:02,384 [INFO] ApiDb:274 - Set plugin database path to: /Applications/STM32CubeIDE.app/Contents/Eclipse/plugins/com.st.stm32cube.common.mx_6.9.1.202307191849//db//plugins/boardmanager/
2023-09-24 13:16:02,385 [INFO] ApiDb:261 - Set plugin images path to: /Applications/STM32CubeIDE.app/Contents/Eclipse/plugins/com.st.stm32cube.common.mx_6.9.1.202307191849//db//plugins/mcufinder/images/
2023-09-24 13:16:02,386 [WARN] DbFile:41 - Overriding database path with different value: /Users/josephstewart/.stmcufinder/plugins/mcufinder/ => /Users/josephstewart/.stmcufinder/plugins/mcufinder
2023-09-24 13:16:02,386 [INFO] ApiDb:250 - Set database path to: /Users/josephstewart/.stmcufinder/plugins/mcufinder//mcu/
2023-09-24 13:16:02,386 [WARN] DbFile:41 - Overriding database path with different value: /Users/josephstewart/.stmcufinder/plugins/mcufinder/ => /Users/josephstewart/.stmcufinder/plugins/mcufinder
2023-09-24 13:16:02,386 [INFO] DbMcusAds:125 - Set database path to: /Users/josephstewart/.stmcufinder/plugins/mcufinder//mcu/
2023-09-24 13:16:02,386 [WARN] DbFile:41 - Overriding database path with different value: /Users/josephstewart/.stmcufinder/plugins/mcufinder/ => /Users/josephstewart/.stmcufinder/plugins/mcufinder
2023-09-24 13:16:02,386 [WARN] DbFile:41 - Overriding database path with different value: /Users/josephstewart/.stmcufinder/plugins/mcufinder/ => /Users/josephstewart/.stmcufinder/plugins/mcufinder
2023-09-24 13:16:02,386 [INFO] CrossReferenceDbSqlite:203 - Set database path to: /Users/josephstewart/.stmcufinder/plugins/mcufinder//mcu/cs/
2023-09-24 13:16:02,501 [INFO] MainPanel:262 - HeapMemory: 268435456
2023-09-24 13:16:02,588 [INFO] DbMcusXml:78 - Set database path to: /Applications/STM32CubeIDE.app/Contents/Eclipse/plugins/com.st.stm32cube.common.mx_6.9.1.202307191849//db//mcu/
2023-09-24 13:16:02,588 [INFO] ApiDb:274 - Set plugin database path to: /Applications/STM32CubeIDE.app/Contents/Eclipse/plugins/com.st.stm32cube.common.mx_6.9.1.202307191849//db//plugins/boardmanager/
2023-09-24 13:16:02,588 [INFO] ApiDb:261 - Set plugin images path to: /Applications/STM32CubeIDE.app/Contents/Eclipse/plugins/com.st.stm32cube.common.mx_6.9.1.202307191849//db//plugins/mcufinder/images/
2023-09-24 13:16:02,589 [WARN] DbFile:41 - Overriding database path with different value: /Users/josephstewart/.stmcufinder/plugins/mcufinder/ => /Users/josephstewart/.stmcufinder/plugins/mcufinder
2023-09-24 13:16:02,589 [INFO] ApiDb:250 - Set database path to: /Users/josephstewart/.stmcufinder/plugins/mcufinder//mcu/
2023-09-24 13:16:02,589 [WARN] DbFile:41 - Overriding database path with different value: /Users/josephstewart/.stmcufinder/plugins/mcufinder/ => /Users/josephstewart/.stmcufinder/plugins/mcufinder
2023-09-24 13:16:02,589 [INFO] DbMcusAds:125 - Set database path to: /Users/josephstewart/.stmcufinder/plugins/mcufinder//mcu/
2023-09-24 13:16:02,589 [WARN] DbFile:41 - Overriding database path with different value: /Users/josephstewart/.stmcufinder/plugins/mcufinder/ => /Users/josephstewart/.stmcufinder/plugins/mcufinder
2023-09-24 13:16:02,589 [WARN] DbFile:41 - Overriding database path with different value: /Users/josephstewart/.stmcufinder/plugins/mcufinder/ => /Users/josephstewart/.stmcufinder/plugins/mcufinder
2023-09-24 13:16:02,589 [INFO] CrossReferenceDbSqlite:203 - Set database path to: /Users/josephstewart/.stmcufinder/plugins/mcufinder//mcu/cs/
2023-09-24 13:16:02,610 [INFO] ApplicationProperties:184 - Using Application install path: /Applications/STM32CubeIDE.app/Contents/Eclipse/plugins/com.st.stm32cube.common.mx_6.9.1.202307191849
2023-09-24 13:16:02,611 [INFO] PluginManage:196 - Search for loadable plugins [exclusion list=, ]
2023-09-24 13:16:02,613 [INFO] PluginManage:310 - Check plugin analytics
2023-09-24 13:16:02,803 [INFO] AnalyticsPlugin:253 - Accepted Software Licenses: 
2023-09-24 13:16:02,803 [INFO] AnalyticsPlugin:255 - Accepted CMSIS Pack Licenses: 
2023-09-24 13:16:02,803 [INFO] AnalyticsPlugin:257 - Accepted Firmware Licenses: 
2023-09-24 13:16:02,808 [INFO] PluginManage:359 - Loaded plugin analytics (category:tool,tabindex:-1)
2023-09-24 13:16:02,809 [INFO] PluginManage:310 - Check plugin cadmodel
2023-09-24 13:16:03,177 [INFO] CADModel:105 - Init CAD model plugin
2023-09-24 13:16:03,177 [INFO] PluginManage:359 - Loaded plugin cadmodel (category:power,tabindex:5)
2023-09-24 13:16:03,177 [INFO] PluginManage:310 - Check plugin clock
2023-09-24 13:16:03,189 [INFO] PluginManage:359 - Loaded plugin clock (category:base,tabindex:2)
2023-09-24 13:16:03,190 [INFO] PluginManage:310 - Check plugin ddr
2023-09-24 13:16:03,192 [INFO] PluginManage:359 - Loaded plugin ddr (category:tool,tabindex:6)
2023-09-24 13:16:03,192 [INFO] PluginManage:310 - Check plugin filemanager
2023-09-24 13:16:03,342 [INFO] PluginManage:359 - Loaded plugin filemanager (category:base,tabindex:10)
2023-09-24 13:16:03,343 [INFO] PluginManage:310 - Check plugin ipmanager
2023-09-24 13:16:03,350 [INFO] PluginManage:359 - Loaded plugin ipmanager (category:base,tabindex:5)
2023-09-24 13:16:03,351 [INFO] PluginManage:310 - Check plugin lpbam
2023-09-24 13:16:03,359 [INFO] PluginManage:359 - Loaded plugin lpbam (category:base,tabindex:0)
2023-09-24 13:16:03,359 [INFO] PluginManage:310 - Check plugin memorymap
2023-09-24 13:16:03,370 [INFO] PluginManage:359 - Loaded plugin memorymap (category:base,tabindex:4)
2023-09-24 13:16:03,371 [INFO] PluginManage:310 - Check plugin pinoutandconfiguration
2023-09-24 13:16:03,376 [INFO] PluginManage:359 - Loaded plugin pinoutandconfiguration (category:base,tabindex:1)
2023-09-24 13:16:03,377 [INFO] PluginManage:310 - Check plugin pinoutconfig
2023-09-24 13:16:03,466 [WARN] SupportedApi:132 - Cannot load RTOS API schema: s4s-elt-must-match.1: The content of 'definitions' must match (annotation?, (simpleType | complexType)?, (unique | key | keyref)*)). A problem was found starting at: attribute.
2023-09-24 13:16:03,632 [INFO] PluginManage:359 - Loaded plugin pinoutconfig (category:base,tabindex:0)
2023-09-24 13:16:03,632 [INFO] PluginManage:310 - Check plugin power
2023-09-24 13:16:03,641 [INFO] PluginManage:359 - Loaded plugin power (category:power,tabindex:4)
2023-09-24 13:16:03,642 [INFO] PluginManage:310 - Check plugin projectmanager
2023-09-24 13:16:03,670 [INFO] PluginManage:359 - Loaded plugin projectmanager (category:projectmanager,tabindex:3)
2023-09-24 13:16:03,670 [INFO] PluginManage:310 - Check plugin thirdparty
2023-09-24 13:16:03,857 [INFO] PluginManage:359 - Loaded plugin thirdparty (category:base,tabindex:-1)
2023-09-24 13:16:03,857 [WARN] IntegrityCheckThread:84 - waiting for thirdparty lock release [integrity check]
2023-09-24 13:16:03,857 [INFO] IntegrityCheckThread:86 - entering critical section [integrity check]
2023-09-24 13:16:03,857 [INFO] PluginManage:310 - Check plugin tools
2023-09-24 13:16:03,858 [INFO] ThirdPartyUpdaterWithRetryManager:70 - Updater plugin not ready yet. [1/15]
2023-09-24 13:16:03,861 [INFO] PluginManage:359 - Loaded plugin tools (category:base,tabindex:7)
2023-09-24 13:16:03,861 [INFO] PluginManage:310 - Check plugin tutovideos
2023-09-24 13:16:04,029 [INFO] PluginManage:359 - Loaded plugin tutovideos (category:base,tabindex:-1)
2023-09-24 13:16:04,029 [INFO] PluginManage:310 - Check plugin updater
2023-09-24 13:16:04,051 [INFO] PluginManage:359 - Loaded plugin updater (category:base,tabindex:12)
2023-09-24 13:16:04,051 [INFO] PluginManage:310 - Check plugin userauth
2023-09-24 13:16:04,057 [INFO] UserAuth:113 - Init User Auth plugin
2023-09-24 13:16:04,057 [INFO] PluginManage:359 - Loaded plugin userauth (category:base,tabindex:14)
2023-09-24 13:16:04,059 [INFO] PluginManage:283 - PluginManage : Loaded plugins [17]
2023-09-24 13:16:04,287 [INFO] PinOutPanel:1499 - setPackage(No Configuration,No Configuration)
2023-09-24 13:16:04,412 [INFO] CADModel:165 - CPN selected for project level
2023-09-24 13:16:04,413 [INFO] CADModel:114 - Register for checkConnection events
2023-09-24 13:16:04,431 [INFO] IPUIPlugin:80 - create IPUIPlugin
2023-09-24 13:16:04,433 [INFO] PluginManager:220 - loadIPPluginJar : add mdma
2023-09-24 13:16:04,450 [INFO] IPUIPlugin:80 - create IPUIPlugin
2023-09-24 13:16:04,451 [INFO] PluginManager:220 - loadIPPluginJar : add freertos
2023-09-24 13:16:04,461 [INFO] IPUIPlugin:80 - create IPUIPlugin
2023-09-24 13:16:04,461 [INFO] PluginManager:220 - loadIPPluginJar : add gic
2023-09-24 13:16:04,470 [INFO] IPUIPlugin:80 - create IPUIPlugin
2023-09-24 13:16:04,470 [INFO] PluginManager:220 - loadIPPluginJar : add adc
2023-09-24 13:16:04,473 [INFO] IPUIPlugin:80 - create IPUIPlugin
2023-09-24 13:16:04,474 [INFO] PluginManager:220 - loadIPPluginJar : add gtzc
2023-09-24 13:16:04,475 [INFO] IPUIPlugin:80 - create IPUIPlugin
2023-09-24 13:16:04,475 [INFO] PluginManager:220 - loadIPPluginJar : add quadspi
2023-09-24 13:16:04,476 [INFO] IPUIPlugin:80 - create IPUIPlugin
2023-09-24 13:16:04,476 [INFO] PluginManager:220 - loadIPPluginJar : add aes
2023-09-24 13:16:04,480 [INFO] IPUIPlugin:80 - create IPUIPlugin
2023-09-24 13:16:04,480 [INFO] PluginManager:220 - loadIPPluginJar : add pdm2pcm
2023-09-24 13:16:04,482 [INFO] IPUIPlugin:80 - create IPUIPlugin
2023-09-24 13:16:04,483 [INFO] PluginManager:220 - loadIPPluginJar : add hash
2023-09-24 13:16:04,485 [INFO] IPUIPlugin:80 - create IPUIPlugin
2023-09-24 13:16:04,486 [INFO] PluginManager:220 - loadIPPluginJar : add tim
2023-09-24 13:16:04,487 [INFO] IPUIPlugin:80 - create IPUIPlugin
2023-09-24 13:16:04,488 [INFO] PluginManager:220 - loadIPPluginJar : add tsc
2023-09-24 13:16:04,489 [INFO] IPUIPlugin:80 - create IPUIPlugin
2023-09-24 13:16:04,489 [INFO] PluginManager:220 - loadIPPluginJar : add ts
2023-09-24 13:16:04,491 [INFO] IPUIPlugin:80 - create IPUIPlugin
2023-09-24 13:16:04,492 [INFO] PluginManager:220 - loadIPPluginJar : add can
2023-09-24 13:16:04,493 [INFO] IPUIPlugin:80 - create IPUIPlugin
2023-09-24 13:16:04,495 [INFO] PluginManager:220 - loadIPPluginJar : add dma3
2023-09-24 13:16:04,500 [INFO] IPUIPlugin:80 - create IPUIPlugin
2023-09-24 13:16:04,500 [INFO] PluginManager:220 - loadIPPluginJar : add dfsdm
2023-09-24 13:16:04,504 [INFO] IPUIPlugin:80 - create IPUIPlugin
2023-09-24 13:16:04,504 [INFO] PluginManager:220 - loadIPPluginJar : add spi
2023-09-24 13:16:04,507 [INFO] IPUIPlugin:80 - create IPUIPlugin
2023-09-24 13:16:04,507 [INFO] PluginManager:220 - loadIPPluginJar : add gfxmmu
2023-09-24 13:16:04,509 [INFO] IPUIPlugin:80 - create IPUIPlugin
2023-09-24 13:16:04,509 [INFO] PluginManager:220 - loadIPPluginJar : add genericplugin
2023-09-24 13:16:04,511 [INFO] IPUIPlugin:80 - create IPUIPlugin
2023-09-24 13:16:04,511 [INFO] PluginManager:220 - loadIPPluginJar : add cryp
2023-09-24 13:16:04,515 [INFO] IPUIPlugin:80 - create IPUIPlugin
2023-09-24 13:16:04,515 [INFO] PluginManager:220 - loadIPPluginJar : add gpio
2023-09-24 13:16:04,517 [INFO] IPUIPlugin:80 - create IPUIPlugin
2023-09-24 13:16:04,517 [INFO] PluginManager:220 - loadIPPluginJar : add comp
2023-09-24 13:16:04,519 [INFO] IPUIPlugin:80 - create IPUIPlugin
2023-09-24 13:16:04,519 [INFO] PluginManager:220 - loadIPPluginJar : add tracer_emb
2023-09-24 13:16:04,521 [INFO] IPUIPlugin:80 - create IPUIPlugin
2023-09-24 13:16:04,521 [INFO] PluginManager:220 - loadIPPluginJar : add openamp
2023-09-24 13:16:04,524 [INFO] IPUIPlugin:80 - create IPUIPlugin
2023-09-24 13:16:04,525 [INFO] PluginManager:220 - loadIPPluginJar : add stm32_wpan
2023-09-24 13:16:04,529 [INFO] IPUIPlugin:80 - create IPUIPlugin
2023-09-24 13:16:04,539 [INFO] PluginManager:220 - loadIPPluginJar : add plateformsettings
2023-09-24 13:16:04,545 [INFO] IPUIPlugin:80 - create IPUIPlugin
2023-09-24 13:16:04,545 [INFO] PluginManager:220 - loadIPPluginJar : add ipddr
2023-09-24 13:16:04,548 [INFO] IPUIPlugin:80 - create IPUIPlugin
2023-09-24 13:16:04,548 [INFO] PluginManager:220 - loadIPPluginJar : add usart
2023-09-24 13:16:04,549 [INFO] IPUIPlugin:80 - create IPUIPlugin
2023-09-24 13:16:04,549 [INFO] PluginManager:220 - loadIPPluginJar : add ltdc
2023-09-24 13:16:04,551 [INFO] IPUIPlugin:80 - create IPUIPlugin
2023-09-24 13:16:04,551 [INFO] PluginManager:220 - loadIPPluginJar : add nvic
2023-09-24 13:16:04,552 [INFO] IPUIPlugin:80 - create IPUIPlugin
2023-09-24 13:16:04,553 [INFO] PluginManager:220 - loadIPPluginJar : add fatfs
2023-09-24 13:16:04,557 [INFO] IPUIPlugin:80 - create IPUIPlugin
2023-09-24 13:16:04,557 [INFO] PluginManager:220 - loadIPPluginJar : add linkedlist
2023-09-24 13:16:04,562 [INFO] IPUIPlugin:80 - create IPUIPlugin
2023-09-24 13:16:04,563 [INFO] PluginManager:220 - loadIPPluginJar : add dma
2023-09-24 13:16:04,567 [INFO] IPUIPlugin:80 - create IPUIPlugin
2023-09-24 13:16:04,567 [INFO] PluginManager:220 - loadIPPluginJar : add fmc
2023-09-24 13:16:04,570 [INFO] IPUIPlugin:80 - create IPUIPlugin
2023-09-24 13:16:04,570 [INFO] PluginManager:220 - loadIPPluginJar : add i2s
2023-09-24 13:16:04,571 [INFO] IPUIPlugin:80 - create IPUIPlugin
2023-09-24 13:16:04,572 [INFO] PluginManager:220 - loadIPPluginJar : add ucpd
2023-09-24 13:16:04,574 [INFO] IPUIPlugin:80 - create IPUIPlugin
2023-09-24 13:16:04,574 [INFO] PluginManager:220 - loadIPPluginJar : add lorawan
2023-09-24 13:16:04,575 [INFO] IPUIPlugin:80 - create IPUIPlugin
2023-09-24 13:16:04,575 [INFO] PluginManager:220 - loadIPPluginJar : add opamp
2023-09-24 13:16:04,577 [INFO] IPUIPlugin:80 - create IPUIPlugin
2023-09-24 13:16:04,577 [INFO] PluginManager:220 - loadIPPluginJar : add i3c
2023-09-24 13:16:04,579 [INFO] IPUIPlugin:80 - create IPUIPlugin
2023-09-24 13:16:04,579 [INFO] PluginManager:220 - loadIPPluginJar : add touchsensing
2023-09-24 13:16:04,581 [INFO] IPUIPlugin:80 - create IPUIPlugin
2023-09-24 13:16:04,581 [INFO] PluginManager:220 - loadIPPluginJar : add i2c
2023-09-24 13:16:04,583 [INFO] IPUIPlugin:80 - create IPUIPlugin
2023-09-24 13:16:04,583 [INFO] PluginManager:220 - loadIPPluginJar : add resmgrutility
2023-09-24 13:16:04,586 [INFO] IPUIPlugin:80 - create IPUIPlugin
2023-09-24 13:16:04,586 [INFO] PluginManager:220 - loadIPPluginJar : add sai
2023-09-24 13:16:04,588 [INFO] IPUIPlugin:80 - create IPUIPlugin
2023-09-24 13:16:04,588 [INFO] PluginManager:220 - loadIPPluginJar : add usbx
2023-09-24 13:16:04,750 [INFO] CADModel:165 - CPN selected for project level
2023-09-24 13:16:04,751 [INFO] CADModel:114 - Register for checkConnection events
2023-09-24 13:16:04,752 [FATAL] Updater:308 - Updater called before beeing initialized
2023-09-24 13:16:04,752 [ERROR] CADModel:125 - Updater not yet initialized, retry later 
2023-09-24 13:16:05,002 [INFO] CADModel:165 - CPN selected for project level
2023-09-24 13:16:05,002 [INFO] CADModel:114 - Register for checkConnection events
2023-09-24 13:16:05,002 [FATAL] Updater:308 - Updater called before beeing initialized
2023-09-24 13:16:05,002 [ERROR] CADModel:125 - Updater not yet initialized, retry later 
2023-09-24 13:16:05,005 [FATAL] Updater:308 - Updater called before beeing initialized
2023-09-24 13:16:05,138 [FATAL] Updater:308 - Updater called before beeing initialized
2023-09-24 13:16:05,149 [INFO] DbMcusAds:53 - JSON generation date=Thu Sep 30 08:55:09 SAST 2021 (1632984909247)
2023-09-24 13:16:05,150 [FATAL] Updater:308 - Updater called before beeing initialized
2023-09-24 13:16:05,207 [WARN] DetailPanel:346 - Failed to get advertising image, set to default
2023-09-24 13:16:05,285 [FATAL] Updater:308 - Updater called before beeing initialized
2023-09-24 13:16:05,287 [FATAL] Updater:308 - Updater called before beeing initialized
2023-09-24 13:16:05,287 [FATAL] Updater:308 - Updater called before beeing initialized
2023-09-24 13:16:05,288 [WARN] DetailPanel:346 - Failed to get advertising image, set to default
2023-09-24 13:16:05,291 [FATAL] Updater:308 - Updater called before beeing initialized
2023-09-24 13:16:05,389 [ERROR] Updater:1120 - MainUpdater not yet initialized. External WinMGr cannot be set.
2023-09-24 13:16:05,433 [INFO] Updater:1056 - Updater Version found : 6.9.1
2023-09-24 13:16:05,446 [INFO] ApplicationProperties:184 - Using Application install path: /Applications/STM32CubeIDE.app/Contents/Eclipse/plugins/com.st.stm32cube.common.mx_6.9.1.202307191849
2023-09-24 13:16:06,762 [INFO] MainUpdater:2868 - connection check result : 10
2023-09-24 13:16:06,767 [INFO] MainUpdater:285 - Updater Check For Update Now.
2023-09-24 13:16:06,769 [INFO] MicroXplorer:498 - Change Database Version : DB.6.0.91
2023-09-24 13:16:06,783 [INFO] McuFinderGlobals:63 - Set McuFinder mode to 2 (CubeIDE integrated)
2023-09-24 13:16:06,783 [INFO] UserAuth:179 - activating auth plugin
2023-09-24 13:16:06,812 [INFO] UserAuth:393 - Internet connection configuration mode: 1
2023-09-24 13:16:06,832 [INFO] JxBrowserEngine:151 - Initiate JxBrowser Engine with user profile folder
2023-09-24 13:16:06,863 [WARN] MainUpdater:1189 - Updater busy. Cannot search thirdparties
2023-09-24 13:16:06,871 [INFO] ThirdPartyUpdaterWithRetryManager:96 - Updater plugin is busy. [1/15]
2023-09-24 13:16:07,048 [INFO] CheckServerUpdateThread:120 - End of CheckServer Thread
2023-09-24 13:16:10,058 [WARN] PackLoader:240 - Cannot read IP mode file for STMicroelectronics.X-CUBE-SMBUS.2.1.0
2023-09-24 13:16:10,110 [WARN] PackLoader:240 - Cannot read IP mode file for STMicroelectronics.X-CUBE-AZRTOS-F7.1.1.0
2023-09-24 13:16:10,138 [WARN] PackLoader:240 - Cannot read IP mode file for STMicroelectronics.FP-SNS-MOTENV1.4.3.2
2023-09-24 13:16:10,168 [WARN] PackLoader:240 - Cannot read IP mode file for STMicroelectronics.X-CUBE-DISPLAY.3.0.0
2023-09-24 13:16:10,199 [WARN] PackLoader:240 - Cannot read IP mode file for emotas.I-CUBE-CANOPEN.1.3.0
2023-09-24 13:16:10,218 [WARN] PackLoader:240 - Cannot read IP mode file for STMicroelectronics.X-CUBE-TOUCHGFX.4.22.0
2023-09-24 13:16:10,225 [WARN] PackLoader:240 - Cannot read IP mode file for STMicroelectronics.FP-SNS-SMARTAG2.1.2.0
2023-09-24 13:16:10,245 [INFO] LogOutputStream:77 - [STDOUT_REDIRECT] 1 : Invalid condition id : UX_CORESTACK_Condition cause : null
2023-09-24 13:16:10,247 [INFO] LogOutputStream:77 - [STDOUT_REDIRECT] 1 : Invalid condition id : UX_CORESTACK_Condition cause : null
2023-09-24 13:16:10,247 [INFO] LogOutputStream:77 - [STDOUT_REDIRECT] 1 : Invalid condition id : UX_CORESTACK_Condition cause : null
2023-09-24 13:16:10,247 [INFO] LogOutputStream:77 - [STDOUT_REDIRECT] 1 : Invalid condition id : UX_CORESTACK_Condition cause : null
2023-09-24 13:16:10,247 [INFO] LogOutputStream:77 - [STDOUT_REDIRECT] 1 : Invalid condition id : UX_CORESTACK_Condition cause : null
2023-09-24 13:16:10,259 [WARN] PackLoader:240 - Cannot read IP mode file for STMicroelectronics.X-CUBE-AZRTOS-WL.2.0.0
2023-09-24 13:16:10,287 [WARN] PackLoader:240 - Cannot read IP mode file for WES.I-CUBE-Cesium.1.3.0
2023-09-24 13:16:10,304 [WARN] PackLoader:240 - Cannot read IP mode file for STMicroelectronics.X-CUBE-BLE2.3.3.0
2023-09-24 13:16:10,318 [WARN] PackLoader:240 - Cannot read IP mode file for STMicroelectronics.X-CUBE-ALGOBUILD.1.3.0
2023-09-24 13:16:10,359 [WARN] PackLoader:240 - Cannot read IP mode file for STMicroelectronics.X-CUBE-AZRTOS-G0.1.1.0
2023-09-24 13:16:10,385 [WARN] PackLoader:240 - Cannot read IP mode file for STMicroelectronics.X-CUBE-NFC4.3.0.0
2023-09-24 13:16:10,398 [WARN] PackLoader:240 - Cannot read IP mode file for STMicroelectronics.FP-ATR-SIGFOX1.3.2.0
2023-09-24 13:16:10,485 [WARN] PackLoader:240 - Cannot read IP mode file for SEGGER.I-CUBE-embOS.1.3.1
2023-09-24 13:16:10,570 [WARN] PackLoader:240 - Cannot read IP mode file for STMicroelectronics.X-CUBE-GNSS1.6.0.0
2023-09-24 13:16:10,611 [WARN] PackLoader:240 - Cannot read IP mode file for STMicroelectronics.X-CUBE-AZRTOS-F4.1.1.0
2023-09-24 13:16:10,623 [WARN] PackLoader:240 - Cannot read IP mode file for wolfSSL.I-CUBE-wolfSSL.5.6.3
2023-09-24 13:16:10,653 [WARN] PackLoader:240 - Cannot read IP mode file for STMicroelectronics.X-CUBE-AZRTOS-L5.2.0.0
2023-09-24 13:16:10,751 [WARN] PackLoader:240 - Cannot read IP mode file for STMicroelectronics.X-CUBE-MEMS1.9.6.0
2023-09-24 13:16:10,909 [WARN] PackLoader:240 - Cannot read IP mode file for STMicroelectronics.X-CUBE-BLEMGR.2.0.0
2023-09-24 13:16:10,974 [WARN] ConditionMgr:438 - getConditionDescription Invalid condition id : UX DEVICE CLASS RTOS Condition cause : null
2023-09-24 13:16:10,975 [WARN] ConditionMgr:438 - getConditionDescription Invalid condition id : UX DEVICE CLASS RTOS Condition cause : null
2023-09-24 13:16:10,981 [WARN] PackLoader:240 - Cannot read IP mode file for STMicroelectronics.X-CUBE-AZRTOS-H7.3.1.0
2023-09-24 13:16:10,984 [WARN] ConditionMgr:1039 - genDependencies : Invalid condition id : UX DEVICE CLASS RTOS Condition cause : null
2023-09-24 13:16:10,985 [WARN] ConditionMgr:1039 - genDependencies : Invalid condition id : UX DEVICE CLASS RTOS Condition cause : null
2023-09-24 13:16:10,986 [WARN] ConditionMgr:1039 - genDependencies : Invalid condition id : UX DEVICE CLASS RTOS Condition cause : null
2023-09-24 13:16:10,987 [WARN] ConditionMgr:1039 - genDependencies : Invalid condition id : UX DEVICE CLASS RTOS Condition cause : null
2023-09-24 13:16:10,987 [WARN] ConditionMgr:1039 - genDependencies : Invalid condition id : UX DEVICE CLASS RTOS Condition cause : null
2023-09-24 13:16:11,000 [WARN] PackLoader:240 - Cannot read IP mode file for STMicroelectronics.X-CUBE-NFC7.1.0.1
2023-09-24 13:16:11,013 [WARN] PackLoader:240 - Cannot read IP mode file for STMicroelectronics.X-CUBE-NFC6.3.0.0
2023-09-24 13:16:11,030 [WARN] PackLoader:240 - Cannot read IP mode file for STMicroelectronics.X-CUBE-EEPRMA1.4.1.0
2023-09-24 13:16:11,056 [WARN] ConditionMgr:438 - getConditionDescription Invalid condition id : LAN8742 Phy interface Condition cause : null
2023-09-24 13:16:11,057 [WARN] PackLoader:240 - Cannot read IP mode file for STMicroelectronics.X-CUBE-AZRTOS-L4.2.0.0
2023-09-24 13:16:11,062 [WARN] ConditionMgr:1039 - genDependencies : Invalid condition id : LAN8742 Phy interface Condition cause : null
2023-09-24 13:16:11,065 [WARN] ConditionMgr:1039 - genDependencies : Invalid condition id : LAN8742 Phy interface Condition cause : null
2023-09-24 13:16:11,067 [WARN] ConditionMgr:1039 - genDependencies : Invalid condition id : LAN8742 Phy interface Condition cause : null
2023-09-24 13:16:11,091 [WARN] PackLoader:240 - Cannot read IP mode file for STMicroelectronics.X-CUBE-SFXS2LP1.4.0.0
2023-09-24 13:16:11,101 [WARN] PackLoader:240 - Cannot read IP mode file for STMicroelectronics.X-CUBE-ISPU.1.1.0
2023-09-24 13:16:11,120 [WARN] ConditionMgr:438 - getConditionDescription Invalid condition id : UX DEVICE CLASS RTOS Condition cause : null
2023-09-24 13:16:11,121 [WARN] ConditionMgr:438 - getConditionDescription Invalid condition id : UX DEVICE CLASS RTOS Condition cause : null
2023-09-24 13:16:11,127 [WARN] PackLoader:240 - Cannot read IP mode file for STMicroelectronics.X-CUBE-AZRTOS-WB.2.0.0
2023-09-24 13:16:11,129 [WARN] ConditionMgr:1039 - genDependencies : Invalid condition id : UX DEVICE CLASS RTOS Condition cause : null
2023-09-24 13:16:11,129 [WARN] ConditionMgr:1039 - genDependencies : Invalid condition id : UX DEVICE CLASS RTOS Condition cause : null
2023-09-24 13:16:11,131 [WARN] ConditionMgr:1039 - genDependencies : Invalid condition id : UX DEVICE CLASS RTOS Condition cause : null
2023-09-24 13:16:11,132 [WARN] ConditionMgr:1039 - genDependencies : Invalid condition id : UX DEVICE CLASS RTOS Condition cause : null
2023-09-24 13:16:11,132 [WARN] ConditionMgr:1039 - genDependencies : Invalid condition id : UX DEVICE CLASS RTOS Condition cause : null
2023-09-24 13:16:11,156 [WARN] PackLoader:240 - Cannot read IP mode file for STMicroelectronics.X-CUBE-FREERTOS.1.0.1
2023-09-24 13:16:11,176 [WARN] PackLoader:240 - Cannot read IP mode file for STMicroelectronics.X-CUBE-SUBG2.5.0.0
2023-09-24 13:16:11,205 [WARN] PackLoader:240 - Cannot read IP mode file for STMicroelectronics.X-CUBE-AZRTOS-G4.2.0.0
2023-09-24 13:16:11,222 [WARN] PackLoader:240 - Cannot read IP mode file for STMicroelectronics.X-CUBE-FREERTOS.1.1.0
2023-09-24 13:16:11,227 [WARN] PackLoader:240 - Cannot read IP mode file for portGmbH.I-Cube-SoM-uGOAL.1.1.0
2023-09-24 13:16:11,232 [WARN] PackLoader:240 - Cannot read IP mode file for STMicroelectronics.X-CUBE-ALS.1.0.1
2023-09-24 13:16:11,237 [WARN] PackLoader:240 - Cannot read IP mode file for STMicroelectronics.FP-ATR-ASTRA1.2.0.0
2023-09-24 13:16:11,238 [INFO] ThirdParty:978 - Integrity check success = true
2023-09-24 13:16:11,238 [INFO] IntegrityCheckThread:100 - exiting critical section [integrity check]
2023-09-24 13:16:11,238 [INFO] IntegrityCheckThread:103 - End integrity checks thread
2023-09-24 13:16:11,802 [INFO] WebApp:157 - Instantiating new browser for Auth
2023-09-24 13:16:12,910 [INFO] WebApp:753 - Register for checkConnection events
2023-09-24 13:16:12,911 [INFO] WebApp:390 - Apply proxy settings
2023-09-24 13:16:12,930 [INFO] WebApp:455 - Chromium authenticates against System proxy
2023-09-24 13:16:13,111 [INFO] WebApp:188 - Starting web application
2023-09-24 13:16:13,112 [INFO] WebApp:520 - Web application path used /Applications/STM32CubeIDE.app/Contents/Eclipse/plugins/com.st.stm32cube.common.mx_6.9.1.202307191849/db/plugins/mcufinder/reactClient1/index.html
2023-09-24 13:16:34,611 [ERROR] LogOutputStream:75 - [STDERR_REDIRECT] SLF4J: Failed to load class "org.slf4j.impl.StaticLoggerBinder".
2023-09-24 13:16:34,614 [ERROR] LogOutputStream:75 - [STDERR_REDIRECT] SLF4J: Defaulting to no-operation (NOP) logger implementation
2023-09-24 13:16:34,614 [ERROR] LogOutputStream:75 - [STDERR_REDIRECT] SLF4J: See http://www.slf4j.org/codes.html#StaticLoggerBinder for further details.
2023-09-24 13:43:18,306 [INFO] LogOutputStream:77 - [STDOUT_REDIRECT] ***WARNING: Display must be created on main thread due to Cocoa restrictions. Use vmarg -XstartOnFirstThread
2023-09-24 13:43:18,343 [INFO] LogOutputStream:77 - [STDOUT_REDIRECT] ***WARNING: Display must be created on main thread due to Cocoa restrictions. Use vmarg -XstartOnFirstThread
2023-09-24 13:43:18,486 [INFO] LogOutputStream:77 - [STDOUT_REDIRECT] ***WARNING: Display must be created on main thread due to Cocoa restrictions. Use vmarg -XstartOnFirstThread
2023-09-24 13:43:19,147 [ERROR] LogOutputStream:75 - [STDERR_REDIRECT] 
