2023-10-17 12:19:34,833 [INFO] Activator:176 - 


2023-10-17 12:19:34,839 [INFO] Activator:177 - !SESSION log4j initialized
2023-10-17 12:19:40,094 [ERROR] LogOutputStream:75 - [STDERR_REDIRECT] 
2023-10-17 12:19:41,408 [INFO] LogOutputStream:77 - [STDOUT_REDIRECT] 
2023-10-17 12:19:44,246 [INFO] LogOutputStream:77 - [STDOUT_REDIRECT] 
2023-10-17 12:19:45,879 [ERROR] LogOutputStream:75 - [STDERR_REDIRECT] java.net.URISyntaxException: Illegal character in path at index 106: file:/Users/josephstewart/Desktop/Github/EEE3096S-FlamingFlamingos/3096-Pracs-WXXSIT001-STWJOS003/Joseph's Workspace/.metadata/.log4j2.xml
2023-10-17 12:19:45,881 [ERROR] LogOutputStream:75 - [STDERR_REDIRECT] 	at java.base/java.net.URI$Parser.fail(URI.java:2974)
2023-10-17 12:19:45,881 [ERROR] LogOutputStream:75 - [STDERR_REDIRECT] 	at java.base/java.net.URI$Parser.checkChars(URI.java:3145)
2023-10-17 12:19:45,881 [ERROR] LogOutputStream:75 - [STDERR_REDIRECT] 	at java.base/java.net.URI$Parser.parseHierarchical(URI.java:3227)
2023-10-17 12:19:45,882 [ERROR] LogOutputStream:75 - [STDERR_REDIRECT] 	at java.base/java.net.URI$Parser.parse(URI.java:3175)
2023-10-17 12:19:45,882 [ERROR] LogOutputStream:75 - [STDERR_REDIRECT] 	at java.base/java.net.URI.<init>(URI.java:623)
2023-10-17 12:19:45,882 [ERROR] LogOutputStream:75 - [STDERR_REDIRECT] 	at java.base/java.net.URL.toURI(URL.java:1056)
2023-10-17 12:19:45,882 [ERROR] LogOutputStream:75 - [STDERR_REDIRECT] 	at com.st.stm32cube.common.mx.core.CubeMxInstance.getInstance(CubeMxInstance.java:81)
2023-10-17 12:19:45,883 [ERROR] LogOutputStream:75 - [STDERR_REDIRECT] 	at com.st.stm32cube.common.mx.userauth.UserAuthAdapter.<init>(UserAuthAdapter.java:18)
2023-10-17 12:19:45,884 [ERROR] LogOutputStream:75 - [STDERR_REDIRECT] 	at com.st.stm32cube.common.mx.userauth.UserAuthProvider.getUserAuthAdapter(UserAuthProvider.java:9)
2023-10-17 12:19:45,884 [ERROR] LogOutputStream:75 - [STDERR_REDIRECT] 	at com.st.stm32cube.common.ecosystemintegration.ui.core.MCUEcoSystemIntegrationUiHelper.getUserAuth(MCUEcoSystemIntegrationUiHelper.java:100)
2023-10-17 12:19:45,885 [ERROR] LogOutputStream:75 - [STDERR_REDIRECT] 	at com.st.stm32cube.ide.mcu.userauth.UserAuthStartup.earlyStartup(UserAuthStartup.java:41)
2023-10-17 12:19:45,885 [ERROR] LogOutputStream:75 - [STDERR_REDIRECT] 	at org.eclipse.ui.internal.EarlyStartupRunnable.runEarlyStartup(EarlyStartupRunnable.java:79)
2023-10-17 12:19:45,885 [ERROR] LogOutputStream:75 - [STDERR_REDIRECT] 	at org.eclipse.ui.internal.EarlyStartupRunnable.run(EarlyStartupRunnable.java:55)
2023-10-17 12:19:45,885 [ERROR] LogOutputStream:75 - [STDERR_REDIRECT] 	at org.eclipse.core.runtime.SafeRunner.run(SafeRunner.java:45)
2023-10-17 12:19:45,885 [ERROR] LogOutputStream:75 - [STDERR_REDIRECT] 	at org.eclipse.ui.internal.Workbench$39.run(Workbench.java:2656)
2023-10-17 12:19:45,886 [ERROR] LogOutputStream:75 - [STDERR_REDIRECT] 	at org.eclipse.core.internal.jobs.Worker.run(Worker.java:63)
2023-10-17 12:19:46,074 [INFO] ApplicationProperties:184 - Using Application install path: /Applications/STM32CubeIDE.app/Contents/Eclipse/plugins/com.st.stm32cube.common.mx_6.9.1.202307191849
2023-10-17 12:19:46,092 [INFO] DbMcusXml:78 - Set database path to: /Applications/STM32CubeIDE.app/Contents/Eclipse/plugins/com.st.stm32cube.common.mx_6.9.1.202307191849//db//mcu/
2023-10-17 12:19:46,092 [INFO] ApiDb:274 - Set plugin database path to: /Applications/STM32CubeIDE.app/Contents/Eclipse/plugins/com.st.stm32cube.common.mx_6.9.1.202307191849//db//plugins/boardmanager/
2023-10-17 12:19:46,093 [WARN] ApiDb:259 - Overriding images path with different value:  => /Applications/STM32CubeIDE.app/Contents/Eclipse/plugins/com.st.stm32cube.common.mx_6.9.1.202307191849//db//plugins/mcufinder/images/
2023-10-17 12:19:46,118 [INFO] ApiDb:250 - Set database path to: /Users/josephstewart/.stmcufinder/plugins/mcufinder//mcu/
2023-10-17 12:19:46,119 [INFO] DbMcusAds:125 - Set database path to: /Users/josephstewart/.stmcufinder/plugins/mcufinder//mcu/
2023-10-17 12:19:46,121 [INFO] CrossReferenceDbSqlite:203 - Set database path to: /Users/josephstewart/.stmcufinder/plugins/mcufinder//mcu/cs/
2023-10-17 12:19:46,247 [INFO] RulesReader:64 - Compatibility file has been processed (293 Rules)
2023-10-17 12:19:46,315 [INFO] DbMcusXml:78 - Set database path to: /Applications/STM32CubeIDE.app/Contents/Eclipse/plugins/com.st.stm32cube.common.mx_6.9.1.202307191849//db//mcu/
2023-10-17 12:19:46,315 [INFO] ApiDb:274 - Set plugin database path to: /Applications/STM32CubeIDE.app/Contents/Eclipse/plugins/com.st.stm32cube.common.mx_6.9.1.202307191849//db//plugins/boardmanager/
2023-10-17 12:19:46,315 [INFO] ApiDb:261 - Set plugin images path to: /Applications/STM32CubeIDE.app/Contents/Eclipse/plugins/com.st.stm32cube.common.mx_6.9.1.202307191849//db//plugins/mcufinder/images/
2023-10-17 12:19:46,316 [WARN] DbFile:41 - Overriding database path with different value: /Users/josephstewart/.stmcufinder/plugins/mcufinder/ => /Users/josephstewart/.stmcufinder/plugins/mcufinder
2023-10-17 12:19:46,316 [INFO] ApiDb:250 - Set database path to: /Users/josephstewart/.stmcufinder/plugins/mcufinder//mcu/
2023-10-17 12:19:46,316 [WARN] DbFile:41 - Overriding database path with different value: /Users/josephstewart/.stmcufinder/plugins/mcufinder/ => /Users/josephstewart/.stmcufinder/plugins/mcufinder
2023-10-17 12:19:46,316 [INFO] DbMcusAds:125 - Set database path to: /Users/josephstewart/.stmcufinder/plugins/mcufinder//mcu/
2023-10-17 12:19:46,316 [WARN] DbFile:41 - Overriding database path with different value: /Users/josephstewart/.stmcufinder/plugins/mcufinder/ => /Users/josephstewart/.stmcufinder/plugins/mcufinder
2023-10-17 12:19:46,316 [WARN] DbFile:41 - Overriding database path with different value: /Users/josephstewart/.stmcufinder/plugins/mcufinder/ => /Users/josephstewart/.stmcufinder/plugins/mcufinder
2023-10-17 12:19:46,316 [INFO] CrossReferenceDbSqlite:203 - Set database path to: /Users/josephstewart/.stmcufinder/plugins/mcufinder//mcu/cs/
2023-10-17 12:19:46,393 [INFO] MainPanel:262 - HeapMemory: 268435456
2023-10-17 12:19:46,480 [INFO] DbMcusXml:78 - Set database path to: /Applications/STM32CubeIDE.app/Contents/Eclipse/plugins/com.st.stm32cube.common.mx_6.9.1.202307191849//db//mcu/
2023-10-17 12:19:46,480 [INFO] ApiDb:274 - Set plugin database path to: /Applications/STM32CubeIDE.app/Contents/Eclipse/plugins/com.st.stm32cube.common.mx_6.9.1.202307191849//db//plugins/boardmanager/
2023-10-17 12:19:46,480 [INFO] ApiDb:261 - Set plugin images path to: /Applications/STM32CubeIDE.app/Contents/Eclipse/plugins/com.st.stm32cube.common.mx_6.9.1.202307191849//db//plugins/mcufinder/images/
2023-10-17 12:19:46,481 [WARN] DbFile:41 - Overriding database path with different value: /Users/josephstewart/.stmcufinder/plugins/mcufinder/ => /Users/josephstewart/.stmcufinder/plugins/mcufinder
2023-10-17 12:19:46,481 [INFO] ApiDb:250 - Set database path to: /Users/josephstewart/.stmcufinder/plugins/mcufinder//mcu/
2023-10-17 12:19:46,481 [WARN] DbFile:41 - Overriding database path with different value: /Users/josephstewart/.stmcufinder/plugins/mcufinder/ => /Users/josephstewart/.stmcufinder/plugins/mcufinder
2023-10-17 12:19:46,481 [INFO] DbMcusAds:125 - Set database path to: /Users/josephstewart/.stmcufinder/plugins/mcufinder//mcu/
2023-10-17 12:19:46,481 [WARN] DbFile:41 - Overriding database path with different value: /Users/josephstewart/.stmcufinder/plugins/mcufinder/ => /Users/josephstewart/.stmcufinder/plugins/mcufinder
2023-10-17 12:19:46,481 [WARN] DbFile:41 - Overriding database path with different value: /Users/josephstewart/.stmcufinder/plugins/mcufinder/ => /Users/josephstewart/.stmcufinder/plugins/mcufinder
2023-10-17 12:19:46,481 [INFO] CrossReferenceDbSqlite:203 - Set database path to: /Users/josephstewart/.stmcufinder/plugins/mcufinder//mcu/cs/
2023-10-17 12:19:46,500 [INFO] ApplicationProperties:184 - Using Application install path: /Applications/STM32CubeIDE.app/Contents/Eclipse/plugins/com.st.stm32cube.common.mx_6.9.1.202307191849
2023-10-17 12:19:46,501 [INFO] PluginManage:196 - Search for loadable plugins [exclusion list=, ]
2023-10-17 12:19:46,504 [INFO] PluginManage:310 - Check plugin analytics
2023-10-17 12:19:46,700 [INFO] AnalyticsPlugin:253 - Accepted Software Licenses: 
2023-10-17 12:19:46,700 [INFO] AnalyticsPlugin:255 - Accepted CMSIS Pack Licenses: 
2023-10-17 12:19:46,700 [INFO] AnalyticsPlugin:257 - Accepted Firmware Licenses: 
2023-10-17 12:19:46,706 [INFO] PluginManage:359 - Loaded plugin analytics (category:tool,tabindex:-1)
2023-10-17 12:19:46,709 [INFO] PluginManage:310 - Check plugin cadmodel
2023-10-17 12:19:47,135 [INFO] CADModel:105 - Init CAD model plugin
2023-10-17 12:19:47,137 [INFO] PluginManage:359 - Loaded plugin cadmodel (category:power,tabindex:5)
2023-10-17 12:19:47,141 [INFO] PluginManage:310 - Check plugin clock
2023-10-17 12:19:47,172 [INFO] PluginManage:359 - Loaded plugin clock (category:base,tabindex:2)
2023-10-17 12:19:47,173 [INFO] PluginManage:310 - Check plugin ddr
2023-10-17 12:19:47,180 [INFO] PluginManage:359 - Loaded plugin ddr (category:tool,tabindex:6)
2023-10-17 12:19:47,180 [INFO] PluginManage:310 - Check plugin filemanager
2023-10-17 12:19:47,485 [INFO] PluginManage:359 - Loaded plugin filemanager (category:base,tabindex:10)
2023-10-17 12:19:47,487 [INFO] PluginManage:310 - Check plugin ipmanager
2023-10-17 12:19:47,513 [INFO] PluginManage:359 - Loaded plugin ipmanager (category:base,tabindex:5)
2023-10-17 12:19:47,513 [INFO] PluginManage:310 - Check plugin lpbam
2023-10-17 12:19:47,531 [INFO] PluginManage:359 - Loaded plugin lpbam (category:base,tabindex:0)
2023-10-17 12:19:47,532 [INFO] PluginManage:310 - Check plugin memorymap
2023-10-17 12:19:47,550 [INFO] PluginManage:359 - Loaded plugin memorymap (category:base,tabindex:4)
2023-10-17 12:19:47,550 [INFO] PluginManage:310 - Check plugin pinoutandconfiguration
2023-10-17 12:19:47,558 [INFO] PluginManage:359 - Loaded plugin pinoutandconfiguration (category:base,tabindex:1)
2023-10-17 12:19:47,559 [INFO] PluginManage:310 - Check plugin pinoutconfig
2023-10-17 12:19:47,685 [WARN] SupportedApi:132 - Cannot load RTOS API schema: s4s-elt-must-match.1: The content of 'definitions' must match (annotation?, (simpleType | complexType)?, (unique | key | keyref)*)). A problem was found starting at: attribute.
2023-10-17 12:19:47,956 [INFO] PluginManage:359 - Loaded plugin pinoutconfig (category:base,tabindex:0)
2023-10-17 12:19:47,956 [INFO] PluginManage:310 - Check plugin power
2023-10-17 12:19:47,971 [INFO] PluginManage:359 - Loaded plugin power (category:power,tabindex:4)
2023-10-17 12:19:47,972 [INFO] PluginManage:310 - Check plugin projectmanager
2023-10-17 12:19:48,004 [INFO] PluginManage:359 - Loaded plugin projectmanager (category:projectmanager,tabindex:3)
2023-10-17 12:19:48,004 [INFO] PluginManage:310 - Check plugin thirdparty
2023-10-17 12:19:48,175 [INFO] PluginManage:359 - Loaded plugin thirdparty (category:base,tabindex:-1)
2023-10-17 12:19:48,175 [INFO] PluginManage:310 - Check plugin tools
2023-10-17 12:19:48,174 [WARN] IntegrityCheckThread:84 - waiting for thirdparty lock release [integrity check]
2023-10-17 12:19:48,176 [INFO] IntegrityCheckThread:86 - entering critical section [integrity check]
2023-10-17 12:19:48,177 [INFO] ThirdPartyUpdaterWithRetryManager:70 - Updater plugin not ready yet. [1/15]
2023-10-17 12:19:48,179 [INFO] PluginManage:359 - Loaded plugin tools (category:base,tabindex:7)
2023-10-17 12:19:48,180 [INFO] PluginManage:310 - Check plugin tutovideos
2023-10-17 12:19:48,364 [INFO] PluginManage:359 - Loaded plugin tutovideos (category:base,tabindex:-1)
2023-10-17 12:19:48,365 [INFO] PluginManage:310 - Check plugin updater
2023-10-17 12:19:48,375 [INFO] PluginManage:359 - Loaded plugin updater (category:base,tabindex:12)
2023-10-17 12:19:48,375 [INFO] PluginManage:310 - Check plugin userauth
2023-10-17 12:19:48,381 [INFO] UserAuth:113 - Init User Auth plugin
2023-10-17 12:19:48,381 [INFO] PluginManage:359 - Loaded plugin userauth (category:base,tabindex:14)
2023-10-17 12:19:48,382 [INFO] PluginManage:283 - PluginManage : Loaded plugins [17]
2023-10-17 12:19:48,604 [INFO] PinOutPanel:1499 - setPackage(No Configuration,No Configuration)
2023-10-17 12:19:48,703 [INFO] CADModel:165 - CPN selected for project level
2023-10-17 12:19:48,703 [INFO] CADModel:114 - Register for checkConnection events
2023-10-17 12:19:48,714 [INFO] IPUIPlugin:80 - create IPUIPlugin
2023-10-17 12:19:48,715 [INFO] PluginManager:220 - loadIPPluginJar : add mdma
2023-10-17 12:19:48,721 [INFO] IPUIPlugin:80 - create IPUIPlugin
2023-10-17 12:19:48,721 [INFO] PluginManager:220 - loadIPPluginJar : add freertos
2023-10-17 12:19:48,724 [INFO] IPUIPlugin:80 - create IPUIPlugin
2023-10-17 12:19:48,724 [INFO] PluginManager:220 - loadIPPluginJar : add gic
2023-10-17 12:19:48,729 [INFO] IPUIPlugin:80 - create IPUIPlugin
2023-10-17 12:19:48,730 [INFO] PluginManager:220 - loadIPPluginJar : add adc
2023-10-17 12:19:48,732 [INFO] IPUIPlugin:80 - create IPUIPlugin
2023-10-17 12:19:48,732 [INFO] PluginManager:220 - loadIPPluginJar : add gtzc
2023-10-17 12:19:48,733 [INFO] IPUIPlugin:80 - create IPUIPlugin
2023-10-17 12:19:48,733 [INFO] PluginManager:220 - loadIPPluginJar : add quadspi
2023-10-17 12:19:48,734 [INFO] IPUIPlugin:80 - create IPUIPlugin
2023-10-17 12:19:48,734 [INFO] PluginManager:220 - loadIPPluginJar : add aes
2023-10-17 12:19:48,737 [INFO] IPUIPlugin:80 - create IPUIPlugin
2023-10-17 12:19:48,737 [INFO] PluginManager:220 - loadIPPluginJar : add pdm2pcm
2023-10-17 12:19:48,739 [INFO] IPUIPlugin:80 - create IPUIPlugin
2023-10-17 12:19:48,739 [INFO] PluginManager:220 - loadIPPluginJar : add hash
2023-10-17 12:19:48,740 [INFO] IPUIPlugin:80 - create IPUIPlugin
2023-10-17 12:19:48,740 [INFO] PluginManager:220 - loadIPPluginJar : add tim
2023-10-17 12:19:48,741 [INFO] IPUIPlugin:80 - create IPUIPlugin
2023-10-17 12:19:48,741 [INFO] PluginManager:220 - loadIPPluginJar : add tsc
2023-10-17 12:19:48,742 [INFO] IPUIPlugin:80 - create IPUIPlugin
2023-10-17 12:19:48,742 [INFO] PluginManager:220 - loadIPPluginJar : add ts
2023-10-17 12:19:48,743 [INFO] IPUIPlugin:80 - create IPUIPlugin
2023-10-17 12:19:48,744 [INFO] PluginManager:220 - loadIPPluginJar : add can
2023-10-17 12:19:48,745 [INFO] IPUIPlugin:80 - create IPUIPlugin
2023-10-17 12:19:48,746 [INFO] PluginManager:220 - loadIPPluginJar : add dma3
2023-10-17 12:19:48,748 [INFO] IPUIPlugin:80 - create IPUIPlugin
2023-10-17 12:19:48,748 [INFO] PluginManager:220 - loadIPPluginJar : add dfsdm
2023-10-17 12:19:48,749 [INFO] IPUIPlugin:80 - create IPUIPlugin
2023-10-17 12:19:48,749 [INFO] PluginManager:220 - loadIPPluginJar : add spi
2023-10-17 12:19:48,751 [INFO] IPUIPlugin:80 - create IPUIPlugin
2023-10-17 12:19:48,751 [INFO] PluginManager:220 - loadIPPluginJar : add gfxmmu
2023-10-17 12:19:48,752 [INFO] IPUIPlugin:80 - create IPUIPlugin
2023-10-17 12:19:48,752 [INFO] PluginManager:220 - loadIPPluginJar : add genericplugin
2023-10-17 12:19:48,753 [INFO] IPUIPlugin:80 - create IPUIPlugin
2023-10-17 12:19:48,753 [INFO] PluginManager:220 - loadIPPluginJar : add cryp
2023-10-17 12:19:48,755 [INFO] IPUIPlugin:80 - create IPUIPlugin
2023-10-17 12:19:48,755 [INFO] PluginManager:220 - loadIPPluginJar : add gpio
2023-10-17 12:19:48,756 [INFO] IPUIPlugin:80 - create IPUIPlugin
2023-10-17 12:19:48,756 [INFO] PluginManager:220 - loadIPPluginJar : add comp
2023-10-17 12:19:48,757 [INFO] IPUIPlugin:80 - create IPUIPlugin
2023-10-17 12:19:48,757 [INFO] PluginManager:220 - loadIPPluginJar : add tracer_emb
2023-10-17 12:19:48,759 [INFO] IPUIPlugin:80 - create IPUIPlugin
2023-10-17 12:19:48,760 [INFO] PluginManager:220 - loadIPPluginJar : add openamp
2023-10-17 12:19:48,762 [INFO] IPUIPlugin:80 - create IPUIPlugin
2023-10-17 12:19:48,763 [INFO] PluginManager:220 - loadIPPluginJar : add stm32_wpan
2023-10-17 12:19:48,767 [INFO] IPUIPlugin:80 - create IPUIPlugin
2023-10-17 12:19:48,769 [INFO] PluginManager:220 - loadIPPluginJar : add plateformsettings
2023-10-17 12:19:48,771 [INFO] IPUIPlugin:80 - create IPUIPlugin
2023-10-17 12:19:48,771 [INFO] PluginManager:220 - loadIPPluginJar : add ipddr
2023-10-17 12:19:48,773 [INFO] IPUIPlugin:80 - create IPUIPlugin
2023-10-17 12:19:48,773 [INFO] PluginManager:220 - loadIPPluginJar : add usart
2023-10-17 12:19:48,774 [INFO] IPUIPlugin:80 - create IPUIPlugin
2023-10-17 12:19:48,774 [INFO] PluginManager:220 - loadIPPluginJar : add ltdc
2023-10-17 12:19:48,776 [INFO] IPUIPlugin:80 - create IPUIPlugin
2023-10-17 12:19:48,776 [INFO] PluginManager:220 - loadIPPluginJar : add nvic
2023-10-17 12:19:48,777 [INFO] IPUIPlugin:80 - create IPUIPlugin
2023-10-17 12:19:48,777 [INFO] PluginManager:220 - loadIPPluginJar : add fatfs
2023-10-17 12:19:48,781 [INFO] IPUIPlugin:80 - create IPUIPlugin
2023-10-17 12:19:48,781 [INFO] PluginManager:220 - loadIPPluginJar : add linkedlist
2023-10-17 12:19:48,785 [INFO] IPUIPlugin:80 - create IPUIPlugin
2023-10-17 12:19:48,785 [INFO] PluginManager:220 - loadIPPluginJar : add dma
2023-10-17 12:19:48,788 [INFO] IPUIPlugin:80 - create IPUIPlugin
2023-10-17 12:19:48,789 [INFO] PluginManager:220 - loadIPPluginJar : add fmc
2023-10-17 12:19:48,790 [INFO] IPUIPlugin:80 - create IPUIPlugin
2023-10-17 12:19:48,791 [INFO] PluginManager:220 - loadIPPluginJar : add i2s
2023-10-17 12:19:48,793 [INFO] IPUIPlugin:80 - create IPUIPlugin
2023-10-17 12:19:48,793 [INFO] PluginManager:220 - loadIPPluginJar : add ucpd
2023-10-17 12:19:48,794 [INFO] IPUIPlugin:80 - create IPUIPlugin
2023-10-17 12:19:48,794 [INFO] PluginManager:220 - loadIPPluginJar : add lorawan
2023-10-17 12:19:48,795 [INFO] IPUIPlugin:80 - create IPUIPlugin
2023-10-17 12:19:48,795 [INFO] PluginManager:220 - loadIPPluginJar : add opamp
2023-10-17 12:19:48,797 [INFO] IPUIPlugin:80 - create IPUIPlugin
2023-10-17 12:19:48,797 [INFO] PluginManager:220 - loadIPPluginJar : add i3c
2023-10-17 12:19:48,799 [INFO] IPUIPlugin:80 - create IPUIPlugin
2023-10-17 12:19:48,799 [INFO] PluginManager:220 - loadIPPluginJar : add touchsensing
2023-10-17 12:19:48,801 [INFO] IPUIPlugin:80 - create IPUIPlugin
2023-10-17 12:19:48,801 [INFO] PluginManager:220 - loadIPPluginJar : add i2c
2023-10-17 12:19:48,803 [INFO] IPUIPlugin:80 - create IPUIPlugin
2023-10-17 12:19:48,803 [INFO] PluginManager:220 - loadIPPluginJar : add resmgrutility
2023-10-17 12:19:48,804 [INFO] IPUIPlugin:80 - create IPUIPlugin
2023-10-17 12:19:48,805 [INFO] PluginManager:220 - loadIPPluginJar : add sai
2023-10-17 12:19:48,806 [INFO] IPUIPlugin:80 - create IPUIPlugin
2023-10-17 12:19:48,806 [INFO] PluginManager:220 - loadIPPluginJar : add usbx
2023-10-17 12:19:48,938 [INFO] CADModel:165 - CPN selected for project level
2023-10-17 12:19:48,939 [INFO] CADModel:114 - Register for checkConnection events
2023-10-17 12:19:48,939 [FATAL] Updater:308 - Updater called before beeing initialized
2023-10-17 12:19:48,939 [ERROR] CADModel:125 - Updater not yet initialized, retry later 
2023-10-17 12:19:49,151 [INFO] CADModel:165 - CPN selected for project level
2023-10-17 12:19:49,152 [INFO] CADModel:114 - Register for checkConnection events
2023-10-17 12:19:49,152 [FATAL] Updater:308 - Updater called before beeing initialized
2023-10-17 12:19:49,152 [ERROR] CADModel:125 - Updater not yet initialized, retry later 
2023-10-17 12:19:49,155 [FATAL] Updater:308 - Updater called before beeing initialized
2023-10-17 12:19:49,291 [FATAL] Updater:308 - Updater called before beeing initialized
2023-10-17 12:19:49,301 [INFO] DbMcusAds:53 - JSON generation date=Thu Sep 30 08:55:09 SAST 2021 (1632984909247)
2023-10-17 12:19:49,302 [FATAL] Updater:308 - Updater called before beeing initialized
2023-10-17 12:19:49,426 [WARN] DetailPanel:346 - Failed to get advertising image, set to default
2023-10-17 12:19:49,532 [FATAL] Updater:308 - Updater called before beeing initialized
2023-10-17 12:19:49,537 [FATAL] Updater:308 - Updater called before beeing initialized
2023-10-17 12:19:49,537 [FATAL] Updater:308 - Updater called before beeing initialized
2023-10-17 12:19:49,537 [WARN] DetailPanel:346 - Failed to get advertising image, set to default
2023-10-17 12:19:49,544 [FATAL] Updater:308 - Updater called before beeing initialized
2023-10-17 12:19:49,616 [ERROR] Updater:1120 - MainUpdater not yet initialized. External WinMGr cannot be set.
2023-10-17 12:19:49,644 [INFO] Updater:1056 - Updater Version found : 6.9.1
2023-10-17 12:19:49,662 [INFO] ApplicationProperties:184 - Using Application install path: /Applications/STM32CubeIDE.app/Contents/Eclipse/plugins/com.st.stm32cube.common.mx_6.9.1.202307191849
2023-10-17 12:19:49,838 [INFO] MainUpdater:2868 - connection check result : 10
2023-10-17 12:19:49,839 [INFO] MainUpdater:3562 - Updater definition file requires update
2023-10-17 12:19:49,839 [INFO] MainUpdater:285 - Updater Check For Update Now.
2023-10-17 12:19:49,840 [INFO] MicroXplorer:498 - Change Database Version : DB.6.0.91
2023-10-17 12:19:49,846 [INFO] McuFinderGlobals:63 - Set McuFinder mode to 2 (CubeIDE integrated)
2023-10-17 12:19:49,846 [INFO] UserAuth:179 - activating auth plugin
2023-10-17 12:19:49,851 [INFO] UserAuth:393 - Internet connection configuration mode: 1
2023-10-17 12:19:49,863 [INFO] JxBrowserEngine:151 - Initiate JxBrowser Engine with user profile folder
2023-10-17 12:19:49,894 [INFO] ServerAccessManage:473 - Download File updaters.zip
2023-10-17 12:19:50,040 [INFO] FileExtend:240 - Unzip File : updaters.zip
2023-10-17 12:19:50,042 [INFO] FileExtend:255 - Standard Zip Deflate
2023-10-17 12:19:50,303 [INFO] ServerAccessManage:473 - Download File PacksControlFlags.xml
2023-10-17 12:19:50,489 [INFO] ServerAccessManage:473 - Download File cubemx.pidx
2023-10-17 12:19:51,185 [WARN] MainUpdater:1189 - Updater busy. Cannot search thirdparties
2023-10-17 12:19:51,187 [INFO] ThirdPartyUpdaterWithRetryManager:96 - Updater plugin is busy. [1/15]
2023-10-17 12:19:52,978 [INFO] ServerAccessManage:473 - Download File STMicroelectronics.X-CUBE-MEMS1.pdsc
2023-10-17 12:19:54,194 [WARN] MainUpdater:1189 - Updater busy. Cannot search thirdparties
2023-10-17 12:19:54,195 [INFO] ThirdPartyUpdaterWithRetryManager:96 - Updater plugin is busy. [2/15]
2023-10-17 12:19:54,724 [ERROR] ServerAccessManage:1089 - Problem, file not found on Server
2023-10-17 12:19:55,783 [INFO] ServerAccessManage:473 - Download File STMicroelectronics.X-CUBE-TOUCHGFX.pdsc
2023-10-17 12:19:57,200 [WARN] MainUpdater:1189 - Updater busy. Cannot search thirdparties
2023-10-17 12:19:57,200 [INFO] ThirdPartyUpdaterWithRetryManager:96 - Updater plugin is busy. [3/15]
2023-10-17 12:19:57,666 [INFO] WebApp:157 - Instantiating new browser for Auth
2023-10-17 12:19:58,798 [INFO] WebApp:753 - Register for checkConnection events
2023-10-17 12:19:58,799 [INFO] WebApp:390 - Apply proxy settings
2023-10-17 12:19:58,809 [INFO] WebApp:455 - Chromium authenticates against System proxy
2023-10-17 12:19:59,012 [INFO] WebApp:188 - Starting web application
2023-10-17 12:19:59,012 [INFO] WebApp:520 - Web application path used /Applications/STM32CubeIDE.app/Contents/Eclipse/plugins/com.st.stm32cube.common.mx_6.9.1.202307191849/db/plugins/mcufinder/reactClient1/index.html
2023-10-17 12:20:00,206 [WARN] MainUpdater:1189 - Updater busy. Cannot search thirdparties
2023-10-17 12:20:00,206 [INFO] ThirdPartyUpdaterWithRetryManager:96 - Updater plugin is busy. [4/15]
2023-10-17 12:20:03,212 [WARN] MainUpdater:1189 - Updater busy. Cannot search thirdparties
2023-10-17 12:20:03,212 [INFO] ThirdPartyUpdaterWithRetryManager:96 - Updater plugin is busy. [5/15]
2023-10-17 12:20:06,214 [WARN] MainUpdater:1189 - Updater busy. Cannot search thirdparties
2023-10-17 12:20:06,215 [INFO] ThirdPartyUpdaterWithRetryManager:96 - Updater plugin is busy. [6/15]
2023-10-17 12:20:09,221 [WARN] MainUpdater:1189 - Updater busy. Cannot search thirdparties
2023-10-17 12:20:09,221 [INFO] ThirdPartyUpdaterWithRetryManager:96 - Updater plugin is busy. [7/15]
2023-10-17 12:20:11,582 [ERROR] ServerAccessManage:1096 - Problem, Http access forbiden
2023-10-17 12:20:11,584 [ERROR] ServerAccessManage:651 - Problem, Http access forbiden : RoweBots.I-CUBE-UNISONRTOS.pdsc.
2023-10-17 12:20:12,230 [WARN] MainUpdater:1189 - Updater busy. Cannot search thirdparties
2023-10-17 12:20:12,233 [INFO] ThirdPartyUpdaterWithRetryManager:96 - Updater plugin is busy. [8/15]
2023-10-17 12:20:13,445 [INFO] ServerAccessManage:473 - Download File ITTIA_DB.I-CUBE-ITTIADB.pdsc
2023-10-17 12:20:15,239 [WARN] MainUpdater:1189 - Updater busy. Cannot search thirdparties
2023-10-17 12:20:15,239 [INFO] ThirdPartyUpdaterWithRetryManager:96 - Updater plugin is busy. [9/15]
2023-10-17 12:20:18,245 [WARN] MainUpdater:1189 - Updater busy. Cannot search thirdparties
2023-10-17 12:20:18,246 [INFO] ThirdPartyUpdaterWithRetryManager:96 - Updater plugin is busy. [10/15]
2023-10-17 12:20:19,631 [INFO] ServerAccessManage:473 - Download File Infineon.AIROC-Wi-Fi-Bluetooth-STM32.pdsc
2023-10-17 12:20:20,358 [ERROR] LogOutputStream:75 - [STDERR_REDIRECT] SLF4J: Failed to load class "org.slf4j.impl.StaticLoggerBinder".
2023-10-17 12:20:20,361 [ERROR] LogOutputStream:75 - [STDERR_REDIRECT] SLF4J: Defaulting to no-operation (NOP) logger implementation
2023-10-17 12:20:20,361 [ERROR] LogOutputStream:75 - [STDERR_REDIRECT] SLF4J: See http://www.slf4j.org/codes.html#StaticLoggerBinder for further details.
2023-10-17 12:20:21,256 [WARN] MainUpdater:1189 - Updater busy. Cannot search thirdparties
2023-10-17 12:20:21,258 [INFO] ThirdPartyUpdaterWithRetryManager:96 - Updater plugin is busy. [11/15]
2023-10-17 12:20:22,037 [INFO] CheckServerUpdateThread:120 - End of CheckServer Thread
2023-10-17 12:20:22,456 [WARN] PackLoader:240 - Cannot read IP mode file for STMicroelectronics.X-CUBE-TOUCHGFX.4.22.1
2023-10-17 12:20:22,497 [WARN] PackLoader:240 - Cannot read IP mode file for ITTIA_DB.I-CUBE-ITTIADB.8.8.0
2023-10-17 12:20:22,544 [WARN] PackLoader:240 - Cannot read IP mode file for Infineon.AIROC-Wi-Fi-Bluetooth-STM32.1.5.1
2023-10-17 12:20:22,565 [INFO] PopulateThirdPartyThread:66 - Ending populate Thread
2023-10-17 12:20:22,568 [INFO] ThirdParty:1030 - CMSIS Pack Vendor :STMicroelectronics X-CUBE-MEMS1 10.0.0
2023-10-17 12:20:22,568 [INFO] ThirdParty:1030 - CMSIS Pack Vendor :STMicroelectronics X-CUBE-TOUCHGFX 4.22.1
2023-10-17 12:20:22,568 [INFO] ThirdParty:1030 - CMSIS Pack Vendor :Infineon AIROC-Wi-Fi-Bluetooth-STM32 1.5.1
2023-10-17 12:20:22,568 [INFO] ThirdParty:1030 - CMSIS Pack Vendor :ITTIA_DB I-CUBE-ITTIADB 8.8.0
2023-10-17 12:20:22,568 [INFO] LoadServerUpdatesThread:373 - End of LoadServerUpdate Thread
2023-10-17 12:20:24,484 [WARN] PackLoader:240 - Cannot read IP mode file for STMicroelectronics.X-CUBE-SMBUS.2.1.0
2023-10-17 12:20:24,564 [WARN] PackLoader:240 - Cannot read IP mode file for STMicroelectronics.X-CUBE-AZRTOS-F7.1.1.0
2023-10-17 12:20:24,602 [WARN] PackLoader:240 - Cannot read IP mode file for STMicroelectronics.FP-SNS-MOTENV1.4.3.2
2023-10-17 12:20:24,638 [WARN] PackLoader:240 - Cannot read IP mode file for STMicroelectronics.X-CUBE-DISPLAY.3.0.0
2023-10-17 12:20:24,660 [WARN] PackLoader:240 - Cannot read IP mode file for emotas.I-CUBE-CANOPEN.1.3.0
2023-10-17 12:20:24,668 [WARN] PackLoader:240 - Cannot read IP mode file for STMicroelectronics.X-CUBE-TOUCHGFX.4.22.0
2023-10-17 12:20:24,676 [WARN] PackLoader:240 - Cannot read IP mode file for STMicroelectronics.X-CUBE-TOUCHGFX.4.22.1
2023-10-17 12:20:24,685 [WARN] PackLoader:240 - Cannot read IP mode file for STMicroelectronics.FP-SNS-SMARTAG2.1.2.0
2023-10-17 12:20:24,721 [INFO] LogOutputStream:77 - [STDOUT_REDIRECT] 1 : Invalid condition id : UX_CORESTACK_Condition cause : null
2023-10-17 12:20:24,723 [INFO] LogOutputStream:77 - [STDOUT_REDIRECT] 1 : Invalid condition id : UX_CORESTACK_Condition cause : null
2023-10-17 12:20:24,724 [INFO] LogOutputStream:77 - [STDOUT_REDIRECT] 1 : Invalid condition id : UX_CORESTACK_Condition cause : null
2023-10-17 12:20:24,725 [INFO] LogOutputStream:77 - [STDOUT_REDIRECT] 1 : Invalid condition id : UX_CORESTACK_Condition cause : null
2023-10-17 12:20:24,725 [INFO] LogOutputStream:77 - [STDOUT_REDIRECT] 1 : Invalid condition id : UX_CORESTACK_Condition cause : null
2023-10-17 12:20:24,749 [WARN] PackLoader:240 - Cannot read IP mode file for STMicroelectronics.X-CUBE-AZRTOS-WL.2.0.0
2023-10-17 12:20:24,802 [WARN] PackLoader:240 - Cannot read IP mode file for WES.I-CUBE-Cesium.1.3.0
2023-10-17 12:20:24,848 [WARN] PackLoader:240 - Cannot read IP mode file for STMicroelectronics.X-CUBE-BLE2.3.3.0
2023-10-17 12:20:24,896 [WARN] PackLoader:240 - Cannot read IP mode file for STMicroelectronics.X-CUBE-ALGOBUILD.1.3.0
2023-10-17 12:20:24,944 [WARN] PackLoader:240 - Cannot read IP mode file for STMicroelectronics.X-CUBE-AZRTOS-G0.1.1.0
2023-10-17 12:20:24,985 [WARN] PackLoader:240 - Cannot read IP mode file for STMicroelectronics.X-CUBE-NFC4.3.0.0
2023-10-17 12:20:25,039 [WARN] PackLoader:240 - Cannot read IP mode file for STMicroelectronics.FP-ATR-SIGFOX1.3.2.0
2023-10-17 12:20:25,228 [WARN] PackLoader:240 - Cannot read IP mode file for SEGGER.I-CUBE-embOS.1.3.1
2023-10-17 12:20:25,325 [WARN] PackLoader:240 - Cannot read IP mode file for STMicroelectronics.X-CUBE-GNSS1.6.0.0
2023-10-17 12:20:25,388 [WARN] PackLoader:240 - Cannot read IP mode file for STMicroelectronics.X-CUBE-AZRTOS-F4.1.1.0
2023-10-17 12:20:25,404 [WARN] PackLoader:240 - Cannot read IP mode file for wolfSSL.I-CUBE-wolfSSL.5.6.3
2023-10-17 12:20:25,437 [WARN] PackLoader:240 - Cannot read IP mode file for STMicroelectronics.X-CUBE-AZRTOS-L5.2.0.0
2023-10-17 12:20:25,550 [WARN] PackLoader:240 - Cannot read IP mode file for STMicroelectronics.X-CUBE-MEMS1.9.6.0
2023-10-17 12:20:25,713 [WARN] PackLoader:240 - Cannot read IP mode file for ITTIA_DB.I-CUBE-ITTIADB.8.8.0
2023-10-17 12:20:25,735 [WARN] PackLoader:240 - Cannot read IP mode file for STMicroelectronics.X-CUBE-BLEMGR.2.0.0
2023-10-17 12:20:25,835 [WARN] ConditionMgr:438 - getConditionDescription Invalid condition id : UX DEVICE CLASS RTOS Condition cause : null
2023-10-17 12:20:25,837 [WARN] ConditionMgr:438 - getConditionDescription Invalid condition id : UX DEVICE CLASS RTOS Condition cause : null
2023-10-17 12:20:25,845 [WARN] PackLoader:240 - Cannot read IP mode file for STMicroelectronics.X-CUBE-AZRTOS-H7.3.1.0
2023-10-17 12:20:25,860 [WARN] ConditionMgr:1039 - genDependencies : Invalid condition id : UX DEVICE CLASS RTOS Condition cause : null
2023-10-17 12:20:25,860 [WARN] ConditionMgr:1039 - genDependencies : Invalid condition id : UX DEVICE CLASS RTOS Condition cause : null
2023-10-17 12:20:25,861 [WARN] ConditionMgr:1039 - genDependencies : Invalid condition id : UX DEVICE CLASS RTOS Condition cause : null
2023-10-17 12:20:25,862 [WARN] ConditionMgr:1039 - genDependencies : Invalid condition id : UX DEVICE CLASS RTOS Condition cause : null
2023-10-17 12:20:25,862 [WARN] ConditionMgr:1039 - genDependencies : Invalid condition id : UX DEVICE CLASS RTOS Condition cause : null
2023-10-17 12:20:25,877 [WARN] PackLoader:240 - Cannot read IP mode file for STMicroelectronics.X-CUBE-NFC7.1.0.1
2023-10-17 12:20:25,890 [WARN] PackLoader:240 - Cannot read IP mode file for STMicroelectronics.X-CUBE-NFC6.3.0.0
2023-10-17 12:20:25,906 [WARN] PackLoader:240 - Cannot read IP mode file for STMicroelectronics.X-CUBE-EEPRMA1.4.1.0
2023-10-17 12:20:25,927 [WARN] ConditionMgr:438 - getConditionDescription Invalid condition id : LAN8742 Phy interface Condition cause : null
2023-10-17 12:20:25,929 [WARN] PackLoader:240 - Cannot read IP mode file for STMicroelectronics.X-CUBE-AZRTOS-L4.2.0.0
2023-10-17 12:20:25,931 [WARN] ConditionMgr:1039 - genDependencies : Invalid condition id : LAN8742 Phy interface Condition cause : null
2023-10-17 12:20:25,931 [WARN] ConditionMgr:1039 - genDependencies : Invalid condition id : LAN8742 Phy interface Condition cause : null
2023-10-17 12:20:25,932 [WARN] ConditionMgr:1039 - genDependencies : Invalid condition id : LAN8742 Phy interface Condition cause : null
2023-10-17 12:20:25,941 [WARN] PackLoader:240 - Cannot read IP mode file for STMicroelectronics.X-CUBE-SFXS2LP1.4.0.0
2023-10-17 12:20:25,955 [WARN] PackLoader:240 - Cannot read IP mode file for STMicroelectronics.X-CUBE-ISPU.1.1.0
2023-10-17 12:20:25,970 [WARN] ConditionMgr:438 - getConditionDescription Invalid condition id : UX DEVICE CLASS RTOS Condition cause : null
2023-10-17 12:20:25,970 [WARN] ConditionMgr:438 - getConditionDescription Invalid condition id : UX DEVICE CLASS RTOS Condition cause : null
2023-10-17 12:20:25,974 [WARN] PackLoader:240 - Cannot read IP mode file for STMicroelectronics.X-CUBE-AZRTOS-WB.2.0.0
2023-10-17 12:20:25,975 [WARN] ConditionMgr:1039 - genDependencies : Invalid condition id : UX DEVICE CLASS RTOS Condition cause : null
2023-10-17 12:20:25,975 [WARN] ConditionMgr:1039 - genDependencies : Invalid condition id : UX DEVICE CLASS RTOS Condition cause : null
2023-10-17 12:20:25,976 [WARN] ConditionMgr:1039 - genDependencies : Invalid condition id : UX DEVICE CLASS RTOS Condition cause : null
2023-10-17 12:20:25,976 [WARN] ConditionMgr:1039 - genDependencies : Invalid condition id : UX DEVICE CLASS RTOS Condition cause : null
2023-10-17 12:20:25,976 [WARN] ConditionMgr:1039 - genDependencies : Invalid condition id : UX DEVICE CLASS RTOS Condition cause : null
2023-10-17 12:20:25,989 [WARN] PackLoader:240 - Cannot read IP mode file for STMicroelectronics.X-CUBE-FREERTOS.1.0.1
2023-10-17 12:20:26,002 [WARN] PackLoader:240 - Cannot read IP mode file for STMicroelectronics.X-CUBE-SUBG2.5.0.0
2023-10-17 12:20:26,027 [WARN] PackLoader:240 - Cannot read IP mode file for STMicroelectronics.X-CUBE-AZRTOS-G4.2.0.0
2023-10-17 12:20:26,048 [WARN] PackLoader:240 - Cannot read IP mode file for Infineon.AIROC-Wi-Fi-Bluetooth-STM32.1.5.1
2023-10-17 12:20:26,059 [WARN] PackLoader:240 - Cannot read IP mode file for STMicroelectronics.X-CUBE-FREERTOS.1.1.0
2023-10-17 12:20:26,064 [WARN] PackLoader:240 - Cannot read IP mode file for portGmbH.I-Cube-SoM-uGOAL.1.1.0
2023-10-17 12:20:26,070 [WARN] PackLoader:240 - Cannot read IP mode file for STMicroelectronics.X-CUBE-ALS.1.0.1
2023-10-17 12:20:26,073 [WARN] PackLoader:240 - Cannot read IP mode file for STMicroelectronics.FP-ATR-ASTRA1.2.0.0
2023-10-17 12:20:26,076 [INFO] ThirdParty:978 - Integrity check success = true
2023-10-17 12:20:26,076 [INFO] IntegrityCheckThread:100 - exiting critical section [integrity check]
2023-10-17 12:20:26,076 [INFO] IntegrityCheckThread:103 - End integrity checks thread
2023-10-17 12:22:24,270 [INFO] LogOutputStream:77 - [STDOUT_REDIRECT] Unexpected error loading extension: org.eclipse.equinox.p2.metadata.repository.compositeRepository
2023-10-17 12:22:24,337 [ERROR] LogOutputStream:75 - [STDERR_REDIRECT] 
2023-10-17 12:22:38,250 [INFO] Activator:176 - 


2023-10-17 12:22:38,252 [INFO] Activator:177 - !SESSION log4j initialized
2023-10-17 12:22:41,817 [ERROR] LogOutputStream:75 - [STDERR_REDIRECT] 
2023-10-17 12:22:42,278 [INFO] LogOutputStream:77 - [STDOUT_REDIRECT] 
2023-10-17 12:22:44,538 [INFO] LogOutputStream:77 - [STDOUT_REDIRECT] 
2023-10-17 12:22:45,383 [ERROR] LogOutputStream:75 - [STDERR_REDIRECT] java.net.URISyntaxException: Illegal character in path at index 106: file:/Users/josephstewart/Desktop/Github/EEE3096S-FlamingFlamingos/3096-Pracs-WXXSIT001-STWJOS003/Joseph's Workspace/.metadata/.log4j2.xml
2023-10-17 12:22:45,384 [ERROR] LogOutputStream:75 - [STDERR_REDIRECT] 	at java.base/java.net.URI$Parser.fail(URI.java:2974)
2023-10-17 12:22:45,385 [ERROR] LogOutputStream:75 - [STDERR_REDIRECT] 	at java.base/java.net.URI$Parser.checkChars(URI.java:3145)
2023-10-17 12:22:45,386 [ERROR] LogOutputStream:75 - [STDERR_REDIRECT] 	at java.base/java.net.URI$Parser.parseHierarchical(URI.java:3227)
2023-10-17 12:22:45,386 [ERROR] LogOutputStream:75 - [STDERR_REDIRECT] 	at java.base/java.net.URI$Parser.parse(URI.java:3175)
2023-10-17 12:22:45,388 [ERROR] LogOutputStream:75 - [STDERR_REDIRECT] 	at java.base/java.net.URI.<init>(URI.java:623)
2023-10-17 12:22:45,390 [ERROR] LogOutputStream:75 - [STDERR_REDIRECT] 	at java.base/java.net.URL.toURI(URL.java:1056)
2023-10-17 12:22:45,390 [ERROR] LogOutputStream:75 - [STDERR_REDIRECT] 	at com.st.stm32cube.common.mx.core.CubeMxInstance.getInstance(CubeMxInstance.java:81)
2023-10-17 12:22:45,391 [ERROR] LogOutputStream:75 - [STDERR_REDIRECT] 	at com.st.stm32cube.common.mx.userauth.UserAuthAdapter.<init>(UserAuthAdapter.java:18)
2023-10-17 12:22:45,391 [ERROR] LogOutputStream:75 - [STDERR_REDIRECT] 	at com.st.stm32cube.common.mx.userauth.UserAuthProvider.getUserAuthAdapter(UserAuthProvider.java:9)
2023-10-17 12:22:45,391 [ERROR] LogOutputStream:75 - [STDERR_REDIRECT] 	at com.st.stm32cube.common.ecosystemintegration.ui.core.MCUEcoSystemIntegrationUiHelper.getUserAuth(MCUEcoSystemIntegrationUiHelper.java:100)
2023-10-17 12:22:45,392 [ERROR] LogOutputStream:75 - [STDERR_REDIRECT] 	at com.st.stm32cube.ide.mcu.userauth.UserAuthStartup.earlyStartup(UserAuthStartup.java:41)
2023-10-17 12:22:45,392 [ERROR] LogOutputStream:75 - [STDERR_REDIRECT] 	at org.eclipse.ui.internal.EarlyStartupRunnable.runEarlyStartup(EarlyStartupRunnable.java:79)
2023-10-17 12:22:45,392 [ERROR] LogOutputStream:75 - [STDERR_REDIRECT] 	at org.eclipse.ui.internal.EarlyStartupRunnable.run(EarlyStartupRunnable.java:55)
2023-10-17 12:22:45,392 [ERROR] LogOutputStream:75 - [STDERR_REDIRECT] 	at org.eclipse.core.runtime.SafeRunner.run(SafeRunner.java:45)
2023-10-17 12:22:45,392 [ERROR] LogOutputStream:75 - [STDERR_REDIRECT] 	at org.eclipse.ui.internal.Workbench$39.run(Workbench.java:2656)
2023-10-17 12:22:45,392 [ERROR] LogOutputStream:75 - [STDERR_REDIRECT] 	at org.eclipse.core.internal.jobs.Worker.run(Worker.java:63)
2023-10-17 12:22:45,482 [INFO] ApplicationProperties:184 - Using Application install path: /Applications/STM32CubeIDE.app/Contents/Eclipse/plugins/com.st.stm32cube.common.mx_6.9.1.202307191849
2023-10-17 12:22:45,495 [INFO] DbMcusXml:78 - Set database path to: /Applications/STM32CubeIDE.app/Contents/Eclipse/plugins/com.st.stm32cube.common.mx_6.9.1.202307191849//db//mcu/
2023-10-17 12:22:45,495 [INFO] ApiDb:274 - Set plugin database path to: /Applications/STM32CubeIDE.app/Contents/Eclipse/plugins/com.st.stm32cube.common.mx_6.9.1.202307191849//db//plugins/boardmanager/
2023-10-17 12:22:45,496 [WARN] ApiDb:259 - Overriding images path with different value:  => /Applications/STM32CubeIDE.app/Contents/Eclipse/plugins/com.st.stm32cube.common.mx_6.9.1.202307191849//db//plugins/mcufinder/images/
2023-10-17 12:22:45,509 [INFO] ApiDb:250 - Set database path to: /Users/josephstewart/.stmcufinder/plugins/mcufinder//mcu/
2023-10-17 12:22:45,511 [INFO] DbMcusAds:125 - Set database path to: /Users/josephstewart/.stmcufinder/plugins/mcufinder//mcu/
2023-10-17 12:22:45,513 [INFO] CrossReferenceDbSqlite:203 - Set database path to: /Users/josephstewart/.stmcufinder/plugins/mcufinder//mcu/cs/
2023-10-17 12:22:45,629 [INFO] RulesReader:64 - Compatibility file has been processed (293 Rules)
2023-10-17 12:22:45,692 [INFO] DbMcusXml:78 - Set database path to: /Applications/STM32CubeIDE.app/Contents/Eclipse/plugins/com.st.stm32cube.common.mx_6.9.1.202307191849//db//mcu/
2023-10-17 12:22:45,692 [INFO] ApiDb:274 - Set plugin database path to: /Applications/STM32CubeIDE.app/Contents/Eclipse/plugins/com.st.stm32cube.common.mx_6.9.1.202307191849//db//plugins/boardmanager/
2023-10-17 12:22:45,693 [INFO] ApiDb:261 - Set plugin images path to: /Applications/STM32CubeIDE.app/Contents/Eclipse/plugins/com.st.stm32cube.common.mx_6.9.1.202307191849//db//plugins/mcufinder/images/
2023-10-17 12:22:45,693 [WARN] DbFile:41 - Overriding database path with different value: /Users/josephstewart/.stmcufinder/plugins/mcufinder/ => /Users/josephstewart/.stmcufinder/plugins/mcufinder
2023-10-17 12:22:45,693 [INFO] ApiDb:250 - Set database path to: /Users/josephstewart/.stmcufinder/plugins/mcufinder//mcu/
2023-10-17 12:22:45,693 [WARN] DbFile:41 - Overriding database path with different value: /Users/josephstewart/.stmcufinder/plugins/mcufinder/ => /Users/josephstewart/.stmcufinder/plugins/mcufinder
2023-10-17 12:22:45,693 [INFO] DbMcusAds:125 - Set database path to: /Users/josephstewart/.stmcufinder/plugins/mcufinder//mcu/
2023-10-17 12:22:45,693 [WARN] DbFile:41 - Overriding database path with different value: /Users/josephstewart/.stmcufinder/plugins/mcufinder/ => /Users/josephstewart/.stmcufinder/plugins/mcufinder
2023-10-17 12:22:45,693 [WARN] DbFile:41 - Overriding database path with different value: /Users/josephstewart/.stmcufinder/plugins/mcufinder/ => /Users/josephstewart/.stmcufinder/plugins/mcufinder
2023-10-17 12:22:45,693 [INFO] CrossReferenceDbSqlite:203 - Set database path to: /Users/josephstewart/.stmcufinder/plugins/mcufinder//mcu/cs/
2023-10-17 12:22:45,764 [INFO] MainPanel:262 - HeapMemory: 268435456
2023-10-17 12:22:45,848 [INFO] DbMcusXml:78 - Set database path to: /Applications/STM32CubeIDE.app/Contents/Eclipse/plugins/com.st.stm32cube.common.mx_6.9.1.202307191849//db//mcu/
2023-10-17 12:22:45,848 [INFO] ApiDb:274 - Set plugin database path to: /Applications/STM32CubeIDE.app/Contents/Eclipse/plugins/com.st.stm32cube.common.mx_6.9.1.202307191849//db//plugins/boardmanager/
2023-10-17 12:22:45,848 [INFO] ApiDb:261 - Set plugin images path to: /Applications/STM32CubeIDE.app/Contents/Eclipse/plugins/com.st.stm32cube.common.mx_6.9.1.202307191849//db//plugins/mcufinder/images/
2023-10-17 12:22:45,849 [WARN] DbFile:41 - Overriding database path with different value: /Users/josephstewart/.stmcufinder/plugins/mcufinder/ => /Users/josephstewart/.stmcufinder/plugins/mcufinder
2023-10-17 12:22:45,849 [INFO] ApiDb:250 - Set database path to: /Users/josephstewart/.stmcufinder/plugins/mcufinder//mcu/
2023-10-17 12:22:45,849 [WARN] DbFile:41 - Overriding database path with different value: /Users/josephstewart/.stmcufinder/plugins/mcufinder/ => /Users/josephstewart/.stmcufinder/plugins/mcufinder
2023-10-17 12:22:45,849 [INFO] DbMcusAds:125 - Set database path to: /Users/josephstewart/.stmcufinder/plugins/mcufinder//mcu/
2023-10-17 12:22:45,849 [WARN] DbFile:41 - Overriding database path with different value: /Users/josephstewart/.stmcufinder/plugins/mcufinder/ => /Users/josephstewart/.stmcufinder/plugins/mcufinder
2023-10-17 12:22:45,850 [WARN] DbFile:41 - Overriding database path with different value: /Users/josephstewart/.stmcufinder/plugins/mcufinder/ => /Users/josephstewart/.stmcufinder/plugins/mcufinder
2023-10-17 12:22:45,850 [INFO] CrossReferenceDbSqlite:203 - Set database path to: /Users/josephstewart/.stmcufinder/plugins/mcufinder//mcu/cs/
2023-10-17 12:22:45,869 [INFO] ApplicationProperties:184 - Using Application install path: /Applications/STM32CubeIDE.app/Contents/Eclipse/plugins/com.st.stm32cube.common.mx_6.9.1.202307191849
2023-10-17 12:22:45,870 [INFO] PluginManage:196 - Search for loadable plugins [exclusion list=, ]
2023-10-17 12:22:45,872 [INFO] PluginManage:310 - Check plugin analytics
2023-10-17 12:22:46,062 [INFO] AnalyticsPlugin:253 - Accepted Software Licenses: 
2023-10-17 12:22:46,062 [INFO] AnalyticsPlugin:255 - Accepted CMSIS Pack Licenses: 
2023-10-17 12:22:46,062 [INFO] AnalyticsPlugin:257 - Accepted Firmware Licenses: 
2023-10-17 12:22:46,072 [INFO] PluginManage:359 - Loaded plugin analytics (category:tool,tabindex:-1)
2023-10-17 12:22:46,073 [INFO] PluginManage:310 - Check plugin cadmodel
2023-10-17 12:22:46,442 [INFO] CADModel:105 - Init CAD model plugin
2023-10-17 12:22:46,442 [INFO] PluginManage:359 - Loaded plugin cadmodel (category:power,tabindex:5)
2023-10-17 12:22:46,442 [INFO] PluginManage:310 - Check plugin clock
2023-10-17 12:22:46,455 [INFO] PluginManage:359 - Loaded plugin clock (category:base,tabindex:2)
2023-10-17 12:22:46,455 [INFO] PluginManage:310 - Check plugin ddr
2023-10-17 12:22:46,457 [INFO] PluginManage:359 - Loaded plugin ddr (category:tool,tabindex:6)
2023-10-17 12:22:46,457 [INFO] PluginManage:310 - Check plugin filemanager
2023-10-17 12:22:46,589 [INFO] PluginManage:359 - Loaded plugin filemanager (category:base,tabindex:10)
2023-10-17 12:22:46,590 [INFO] PluginManage:310 - Check plugin ipmanager
2023-10-17 12:22:46,600 [INFO] PluginManage:359 - Loaded plugin ipmanager (category:base,tabindex:5)
2023-10-17 12:22:46,600 [INFO] PluginManage:310 - Check plugin lpbam
2023-10-17 12:22:46,608 [INFO] PluginManage:359 - Loaded plugin lpbam (category:base,tabindex:0)
2023-10-17 12:22:46,609 [INFO] PluginManage:310 - Check plugin memorymap
2023-10-17 12:22:46,620 [INFO] PluginManage:359 - Loaded plugin memorymap (category:base,tabindex:4)
2023-10-17 12:22:46,621 [INFO] PluginManage:310 - Check plugin pinoutandconfiguration
2023-10-17 12:22:46,626 [INFO] PluginManage:359 - Loaded plugin pinoutandconfiguration (category:base,tabindex:1)
2023-10-17 12:22:46,626 [INFO] PluginManage:310 - Check plugin pinoutconfig
2023-10-17 12:22:46,889 [WARN] SupportedApi:132 - Cannot load RTOS API schema: s4s-elt-must-match.1: The content of 'definitions' must match (annotation?, (simpleType | complexType)?, (unique | key | keyref)*)). A problem was found starting at: attribute.
2023-10-17 12:22:47,048 [INFO] PluginManage:359 - Loaded plugin pinoutconfig (category:base,tabindex:0)
2023-10-17 12:22:47,049 [INFO] PluginManage:310 - Check plugin power
2023-10-17 12:22:47,066 [INFO] PluginManage:359 - Loaded plugin power (category:power,tabindex:4)
2023-10-17 12:22:47,066 [INFO] PluginManage:310 - Check plugin projectmanager
2023-10-17 12:22:47,103 [INFO] PluginManage:359 - Loaded plugin projectmanager (category:projectmanager,tabindex:3)
2023-10-17 12:22:47,103 [INFO] PluginManage:310 - Check plugin thirdparty
2023-10-17 12:22:47,260 [INFO] PluginManage:359 - Loaded plugin thirdparty (category:base,tabindex:-1)
2023-10-17 12:22:47,261 [INFO] PluginManage:310 - Check plugin tools
2023-10-17 12:22:47,260 [WARN] IntegrityCheckThread:84 - waiting for thirdparty lock release [integrity check]
2023-10-17 12:22:47,262 [INFO] IntegrityCheckThread:86 - entering critical section [integrity check]
2023-10-17 12:22:47,263 [INFO] ThirdPartyUpdaterWithRetryManager:70 - Updater plugin not ready yet. [1/15]
2023-10-17 12:22:47,265 [INFO] PluginManage:359 - Loaded plugin tools (category:base,tabindex:7)
2023-10-17 12:22:47,265 [INFO] PluginManage:310 - Check plugin tutovideos
2023-10-17 12:22:47,456 [INFO] PluginManage:359 - Loaded plugin tutovideos (category:base,tabindex:-1)
2023-10-17 12:22:47,458 [INFO] PluginManage:310 - Check plugin updater
2023-10-17 12:22:47,492 [INFO] PluginManage:359 - Loaded plugin updater (category:base,tabindex:12)
2023-10-17 12:22:47,493 [INFO] PluginManage:310 - Check plugin userauth
2023-10-17 12:22:47,500 [INFO] UserAuth:113 - Init User Auth plugin
2023-10-17 12:22:47,500 [INFO] PluginManage:359 - Loaded plugin userauth (category:base,tabindex:14)
2023-10-17 12:22:47,502 [INFO] PluginManage:283 - PluginManage : Loaded plugins [17]
2023-10-17 12:22:47,876 [INFO] PinOutPanel:1499 - setPackage(No Configuration,No Configuration)
2023-10-17 12:22:47,971 [INFO] CADModel:165 - CPN selected for project level
2023-10-17 12:22:47,971 [INFO] CADModel:114 - Register for checkConnection events
2023-10-17 12:22:47,983 [INFO] IPUIPlugin:80 - create IPUIPlugin
2023-10-17 12:22:47,983 [INFO] PluginManager:220 - loadIPPluginJar : add mdma
2023-10-17 12:22:47,988 [INFO] IPUIPlugin:80 - create IPUIPlugin
2023-10-17 12:22:47,989 [INFO] PluginManager:220 - loadIPPluginJar : add freertos
2023-10-17 12:22:47,991 [INFO] IPUIPlugin:80 - create IPUIPlugin
2023-10-17 12:22:47,991 [INFO] PluginManager:220 - loadIPPluginJar : add gic
2023-10-17 12:22:47,997 [INFO] IPUIPlugin:80 - create IPUIPlugin
2023-10-17 12:22:47,997 [INFO] PluginManager:220 - loadIPPluginJar : add adc
2023-10-17 12:22:47,998 [INFO] IPUIPlugin:80 - create IPUIPlugin
2023-10-17 12:22:47,999 [INFO] PluginManager:220 - loadIPPluginJar : add gtzc
2023-10-17 12:22:47,999 [INFO] IPUIPlugin:80 - create IPUIPlugin
2023-10-17 12:22:47,999 [INFO] PluginManager:220 - loadIPPluginJar : add quadspi
2023-10-17 12:22:48,001 [INFO] IPUIPlugin:80 - create IPUIPlugin
2023-10-17 12:22:48,001 [INFO] PluginManager:220 - loadIPPluginJar : add aes
2023-10-17 12:22:48,003 [INFO] IPUIPlugin:80 - create IPUIPlugin
2023-10-17 12:22:48,003 [INFO] PluginManager:220 - loadIPPluginJar : add pdm2pcm
2023-10-17 12:22:48,005 [INFO] IPUIPlugin:80 - create IPUIPlugin
2023-10-17 12:22:48,005 [INFO] PluginManager:220 - loadIPPluginJar : add hash
2023-10-17 12:22:48,006 [INFO] IPUIPlugin:80 - create IPUIPlugin
2023-10-17 12:22:48,006 [INFO] PluginManager:220 - loadIPPluginJar : add tim
2023-10-17 12:22:48,006 [INFO] IPUIPlugin:80 - create IPUIPlugin
2023-10-17 12:22:48,006 [INFO] PluginManager:220 - loadIPPluginJar : add tsc
2023-10-17 12:22:48,007 [INFO] IPUIPlugin:80 - create IPUIPlugin
2023-10-17 12:22:48,007 [INFO] PluginManager:220 - loadIPPluginJar : add ts
2023-10-17 12:22:48,009 [INFO] IPUIPlugin:80 - create IPUIPlugin
2023-10-17 12:22:48,009 [INFO] PluginManager:220 - loadIPPluginJar : add can
2023-10-17 12:22:48,010 [INFO] IPUIPlugin:80 - create IPUIPlugin
2023-10-17 12:22:48,010 [INFO] PluginManager:220 - loadIPPluginJar : add dma3
2023-10-17 12:22:48,013 [INFO] IPUIPlugin:80 - create IPUIPlugin
2023-10-17 12:22:48,013 [INFO] PluginManager:220 - loadIPPluginJar : add dfsdm
2023-10-17 12:22:48,015 [INFO] IPUIPlugin:80 - create IPUIPlugin
2023-10-17 12:22:48,015 [INFO] PluginManager:220 - loadIPPluginJar : add spi
2023-10-17 12:22:48,016 [INFO] IPUIPlugin:80 - create IPUIPlugin
2023-10-17 12:22:48,016 [INFO] PluginManager:220 - loadIPPluginJar : add gfxmmu
2023-10-17 12:22:48,017 [INFO] IPUIPlugin:80 - create IPUIPlugin
2023-10-17 12:22:48,017 [INFO] PluginManager:220 - loadIPPluginJar : add genericplugin
2023-10-17 12:22:48,018 [INFO] IPUIPlugin:80 - create IPUIPlugin
2023-10-17 12:22:48,018 [INFO] PluginManager:220 - loadIPPluginJar : add cryp
2023-10-17 12:22:48,021 [INFO] IPUIPlugin:80 - create IPUIPlugin
2023-10-17 12:22:48,021 [INFO] PluginManager:220 - loadIPPluginJar : add gpio
2023-10-17 12:22:48,022 [INFO] IPUIPlugin:80 - create IPUIPlugin
2023-10-17 12:22:48,022 [INFO] PluginManager:220 - loadIPPluginJar : add comp
2023-10-17 12:22:48,023 [INFO] IPUIPlugin:80 - create IPUIPlugin
2023-10-17 12:22:48,023 [INFO] PluginManager:220 - loadIPPluginJar : add tracer_emb
2023-10-17 12:22:48,024 [INFO] IPUIPlugin:80 - create IPUIPlugin
2023-10-17 12:22:48,025 [INFO] PluginManager:220 - loadIPPluginJar : add openamp
2023-10-17 12:22:48,027 [INFO] IPUIPlugin:80 - create IPUIPlugin
2023-10-17 12:22:48,027 [INFO] PluginManager:220 - loadIPPluginJar : add stm32_wpan
2023-10-17 12:22:48,031 [INFO] IPUIPlugin:80 - create IPUIPlugin
2023-10-17 12:22:48,036 [INFO] PluginManager:220 - loadIPPluginJar : add plateformsettings
2023-10-17 12:22:48,038 [INFO] IPUIPlugin:80 - create IPUIPlugin
2023-10-17 12:22:48,039 [INFO] PluginManager:220 - loadIPPluginJar : add ipddr
2023-10-17 12:22:48,042 [INFO] IPUIPlugin:80 - create IPUIPlugin
2023-10-17 12:22:48,042 [INFO] PluginManager:220 - loadIPPluginJar : add usart
2023-10-17 12:22:48,043 [INFO] IPUIPlugin:80 - create IPUIPlugin
2023-10-17 12:22:48,044 [INFO] PluginManager:220 - loadIPPluginJar : add ltdc
2023-10-17 12:22:48,047 [INFO] IPUIPlugin:80 - create IPUIPlugin
2023-10-17 12:22:48,047 [INFO] PluginManager:220 - loadIPPluginJar : add nvic
2023-10-17 12:22:48,048 [INFO] IPUIPlugin:80 - create IPUIPlugin
2023-10-17 12:22:48,048 [INFO] PluginManager:220 - loadIPPluginJar : add fatfs
2023-10-17 12:22:48,052 [INFO] IPUIPlugin:80 - create IPUIPlugin
2023-10-17 12:22:48,052 [INFO] PluginManager:220 - loadIPPluginJar : add linkedlist
2023-10-17 12:22:48,055 [INFO] IPUIPlugin:80 - create IPUIPlugin
2023-10-17 12:22:48,055 [INFO] PluginManager:220 - loadIPPluginJar : add dma
2023-10-17 12:22:48,057 [INFO] IPUIPlugin:80 - create IPUIPlugin
2023-10-17 12:22:48,057 [INFO] PluginManager:220 - loadIPPluginJar : add fmc
2023-10-17 12:22:48,058 [INFO] IPUIPlugin:80 - create IPUIPlugin
2023-10-17 12:22:48,059 [INFO] PluginManager:220 - loadIPPluginJar : add i2s
2023-10-17 12:22:48,060 [INFO] IPUIPlugin:80 - create IPUIPlugin
2023-10-17 12:22:48,060 [INFO] PluginManager:220 - loadIPPluginJar : add ucpd
2023-10-17 12:22:48,061 [INFO] IPUIPlugin:80 - create IPUIPlugin
2023-10-17 12:22:48,062 [INFO] PluginManager:220 - loadIPPluginJar : add lorawan
2023-10-17 12:22:48,063 [INFO] IPUIPlugin:80 - create IPUIPlugin
2023-10-17 12:22:48,063 [INFO] PluginManager:220 - loadIPPluginJar : add opamp
2023-10-17 12:22:48,064 [INFO] IPUIPlugin:80 - create IPUIPlugin
2023-10-17 12:22:48,064 [INFO] PluginManager:220 - loadIPPluginJar : add i3c
2023-10-17 12:22:48,066 [INFO] IPUIPlugin:80 - create IPUIPlugin
2023-10-17 12:22:48,066 [INFO] PluginManager:220 - loadIPPluginJar : add touchsensing
2023-10-17 12:22:48,068 [INFO] IPUIPlugin:80 - create IPUIPlugin
2023-10-17 12:22:48,069 [INFO] PluginManager:220 - loadIPPluginJar : add i2c
2023-10-17 12:22:48,070 [INFO] IPUIPlugin:80 - create IPUIPlugin
2023-10-17 12:22:48,070 [INFO] PluginManager:220 - loadIPPluginJar : add resmgrutility
2023-10-17 12:22:48,072 [INFO] IPUIPlugin:80 - create IPUIPlugin
2023-10-17 12:22:48,072 [INFO] PluginManager:220 - loadIPPluginJar : add sai
2023-10-17 12:22:48,073 [INFO] IPUIPlugin:80 - create IPUIPlugin
2023-10-17 12:22:48,073 [INFO] PluginManager:220 - loadIPPluginJar : add usbx
2023-10-17 12:22:48,191 [INFO] CADModel:165 - CPN selected for project level
2023-10-17 12:22:48,192 [INFO] CADModel:114 - Register for checkConnection events
2023-10-17 12:22:48,192 [FATAL] Updater:308 - Updater called before beeing initialized
2023-10-17 12:22:48,193 [ERROR] CADModel:125 - Updater not yet initialized, retry later 
2023-10-17 12:22:48,409 [INFO] CADModel:165 - CPN selected for project level
2023-10-17 12:22:48,410 [INFO] CADModel:114 - Register for checkConnection events
2023-10-17 12:22:48,410 [FATAL] Updater:308 - Updater called before beeing initialized
2023-10-17 12:22:48,410 [ERROR] CADModel:125 - Updater not yet initialized, retry later 
2023-10-17 12:22:48,412 [FATAL] Updater:308 - Updater called before beeing initialized
2023-10-17 12:22:48,529 [FATAL] Updater:308 - Updater called before beeing initialized
2023-10-17 12:22:48,538 [INFO] DbMcusAds:53 - JSON generation date=Thu Sep 30 08:55:09 SAST 2021 (1632984909247)
2023-10-17 12:22:48,538 [FATAL] Updater:308 - Updater called before beeing initialized
2023-10-17 12:22:48,590 [WARN] DetailPanel:346 - Failed to get advertising image, set to default
2023-10-17 12:22:48,667 [FATAL] Updater:308 - Updater called before beeing initialized
2023-10-17 12:22:48,669 [FATAL] Updater:308 - Updater called before beeing initialized
2023-10-17 12:22:48,669 [FATAL] Updater:308 - Updater called before beeing initialized
2023-10-17 12:22:48,669 [WARN] DetailPanel:346 - Failed to get advertising image, set to default
2023-10-17 12:22:48,672 [FATAL] Updater:308 - Updater called before beeing initialized
2023-10-17 12:22:48,732 [ERROR] Updater:1120 - MainUpdater not yet initialized. External WinMGr cannot be set.
2023-10-17 12:22:48,772 [INFO] Updater:1056 - Updater Version found : 6.9.1
2023-10-17 12:22:48,786 [INFO] ApplicationProperties:184 - Using Application install path: /Applications/STM32CubeIDE.app/Contents/Eclipse/plugins/com.st.stm32cube.common.mx_6.9.1.202307191849
2023-10-17 12:22:48,981 [INFO] MainUpdater:2868 - connection check result : 10
2023-10-17 12:22:48,982 [INFO] MainUpdater:285 - Updater Check For Update Now.
2023-10-17 12:22:48,982 [INFO] MicroXplorer:498 - Change Database Version : DB.6.0.91
2023-10-17 12:22:48,986 [INFO] McuFinderGlobals:63 - Set McuFinder mode to 2 (CubeIDE integrated)
2023-10-17 12:22:48,987 [INFO] UserAuth:179 - activating auth plugin
2023-10-17 12:22:48,995 [INFO] UserAuth:393 - Internet connection configuration mode: 1
2023-10-17 12:22:49,008 [INFO] JxBrowserEngine:151 - Initiate JxBrowser Engine with user profile folder
2023-10-17 12:22:49,209 [INFO] CheckServerUpdateThread:120 - End of CheckServer Thread
2023-10-17 12:22:50,446 [WARN] PackLoader:240 - Cannot read IP mode file for STMicroelectronics.X-CUBE-SMBUS.2.1.0
2023-10-17 12:22:50,521 [WARN] PackLoader:240 - Cannot read IP mode file for STMicroelectronics.X-CUBE-AZRTOS-F7.1.1.0
2023-10-17 12:22:50,560 [WARN] PackLoader:240 - Cannot read IP mode file for STMicroelectronics.FP-SNS-MOTENV1.4.3.2
2023-10-17 12:22:50,590 [WARN] PackLoader:240 - Cannot read IP mode file for STMicroelectronics.X-CUBE-DISPLAY.3.0.0
2023-10-17 12:22:50,617 [WARN] PackLoader:240 - Cannot read IP mode file for emotas.I-CUBE-CANOPEN.1.3.0
2023-10-17 12:22:50,631 [WARN] PackLoader:240 - Cannot read IP mode file for STMicroelectronics.X-CUBE-TOUCHGFX.4.22.0
2023-10-17 12:22:50,634 [WARN] PackLoader:240 - Cannot read IP mode file for STMicroelectronics.X-CUBE-TOUCHGFX.4.22.1
2023-10-17 12:22:50,642 [WARN] PackLoader:240 - Cannot read IP mode file for STMicroelectronics.FP-SNS-SMARTAG2.1.2.0
2023-10-17 12:22:50,660 [INFO] LogOutputStream:77 - [STDOUT_REDIRECT] 1 : Invalid condition id : UX_CORESTACK_Condition cause : null
2023-10-17 12:22:50,664 [INFO] LogOutputStream:77 - [STDOUT_REDIRECT] 1 : Invalid condition id : UX_CORESTACK_Condition cause : null
2023-10-17 12:22:50,665 [INFO] LogOutputStream:77 - [STDOUT_REDIRECT] 1 : Invalid condition id : UX_CORESTACK_Condition cause : null
2023-10-17 12:22:50,665 [INFO] LogOutputStream:77 - [STDOUT_REDIRECT] 1 : Invalid condition id : UX_CORESTACK_Condition cause : null
2023-10-17 12:22:50,665 [INFO] LogOutputStream:77 - [STDOUT_REDIRECT] 1 : Invalid condition id : UX_CORESTACK_Condition cause : null
2023-10-17 12:22:50,672 [WARN] PackLoader:240 - Cannot read IP mode file for STMicroelectronics.X-CUBE-AZRTOS-WL.2.0.0
2023-10-17 12:22:50,702 [WARN] PackLoader:240 - Cannot read IP mode file for WES.I-CUBE-Cesium.1.3.0
2023-10-17 12:22:50,737 [WARN] PackLoader:240 - Cannot read IP mode file for STMicroelectronics.X-CUBE-BLE2.3.3.0
2023-10-17 12:22:50,773 [WARN] PackLoader:240 - Cannot read IP mode file for STMicroelectronics.X-CUBE-ALGOBUILD.1.3.0
2023-10-17 12:22:50,827 [WARN] PackLoader:240 - Cannot read IP mode file for STMicroelectronics.X-CUBE-AZRTOS-G0.1.1.0
2023-10-17 12:22:50,849 [WARN] PackLoader:240 - Cannot read IP mode file for STMicroelectronics.X-CUBE-NFC4.3.0.0
2023-10-17 12:22:50,862 [WARN] PackLoader:240 - Cannot read IP mode file for STMicroelectronics.FP-ATR-SIGFOX1.3.2.0
2023-10-17 12:22:50,951 [WARN] PackLoader:240 - Cannot read IP mode file for SEGGER.I-CUBE-embOS.1.3.1
2023-10-17 12:22:51,052 [WARN] PackLoader:240 - Cannot read IP mode file for STMicroelectronics.X-CUBE-GNSS1.6.0.0
2023-10-17 12:22:51,088 [WARN] PackLoader:240 - Cannot read IP mode file for STMicroelectronics.X-CUBE-AZRTOS-F4.1.1.0
2023-10-17 12:22:51,101 [WARN] PackLoader:240 - Cannot read IP mode file for wolfSSL.I-CUBE-wolfSSL.5.6.3
2023-10-17 12:22:51,136 [WARN] PackLoader:240 - Cannot read IP mode file for STMicroelectronics.X-CUBE-AZRTOS-L5.2.0.0
2023-10-17 12:22:51,254 [WARN] PackLoader:240 - Cannot read IP mode file for STMicroelectronics.X-CUBE-MEMS1.9.6.0
2023-10-17 12:22:51,405 [WARN] PackLoader:240 - Cannot read IP mode file for ITTIA_DB.I-CUBE-ITTIADB.8.8.0
2023-10-17 12:22:51,425 [WARN] PackLoader:240 - Cannot read IP mode file for STMicroelectronics.X-CUBE-BLEMGR.2.0.0
2023-10-17 12:22:51,468 [WARN] ConditionMgr:438 - getConditionDescription Invalid condition id : UX DEVICE CLASS RTOS Condition cause : null
2023-10-17 12:22:51,468 [WARN] ConditionMgr:438 - getConditionDescription Invalid condition id : UX DEVICE CLASS RTOS Condition cause : null
2023-10-17 12:22:51,474 [WARN] PackLoader:240 - Cannot read IP mode file for STMicroelectronics.X-CUBE-AZRTOS-H7.3.1.0
2023-10-17 12:22:51,483 [WARN] ConditionMgr:1039 - genDependencies : Invalid condition id : UX DEVICE CLASS RTOS Condition cause : null
2023-10-17 12:22:51,484 [WARN] ConditionMgr:1039 - genDependencies : Invalid condition id : UX DEVICE CLASS RTOS Condition cause : null
2023-10-17 12:22:51,485 [WARN] ConditionMgr:1039 - genDependencies : Invalid condition id : UX DEVICE CLASS RTOS Condition cause : null
2023-10-17 12:22:51,486 [WARN] ConditionMgr:1039 - genDependencies : Invalid condition id : UX DEVICE CLASS RTOS Condition cause : null
2023-10-17 12:22:51,486 [WARN] ConditionMgr:1039 - genDependencies : Invalid condition id : UX DEVICE CLASS RTOS Condition cause : null
2023-10-17 12:22:51,495 [WARN] PackLoader:240 - Cannot read IP mode file for STMicroelectronics.X-CUBE-NFC7.1.0.1
2023-10-17 12:22:51,511 [WARN] PackLoader:240 - Cannot read IP mode file for STMicroelectronics.X-CUBE-NFC6.3.0.0
2023-10-17 12:22:51,521 [WARN] PackLoader:240 - Cannot read IP mode file for STMicroelectronics.X-CUBE-EEPRMA1.4.1.0
2023-10-17 12:22:51,544 [WARN] ConditionMgr:438 - getConditionDescription Invalid condition id : LAN8742 Phy interface Condition cause : null
2023-10-17 12:22:51,545 [WARN] PackLoader:240 - Cannot read IP mode file for STMicroelectronics.X-CUBE-AZRTOS-L4.2.0.0
2023-10-17 12:22:51,547 [WARN] ConditionMgr:1039 - genDependencies : Invalid condition id : LAN8742 Phy interface Condition cause : null
2023-10-17 12:22:51,548 [WARN] ConditionMgr:1039 - genDependencies : Invalid condition id : LAN8742 Phy interface Condition cause : null
2023-10-17 12:22:51,549 [WARN] ConditionMgr:1039 - genDependencies : Invalid condition id : LAN8742 Phy interface Condition cause : null
2023-10-17 12:22:51,569 [WARN] PackLoader:240 - Cannot read IP mode file for STMicroelectronics.X-CUBE-SFXS2LP1.4.0.0
2023-10-17 12:22:51,577 [WARN] PackLoader:240 - Cannot read IP mode file for STMicroelectronics.X-CUBE-ISPU.1.1.0
2023-10-17 12:22:51,591 [WARN] ConditionMgr:438 - getConditionDescription Invalid condition id : UX DEVICE CLASS RTOS Condition cause : null
2023-10-17 12:22:51,592 [WARN] ConditionMgr:438 - getConditionDescription Invalid condition id : UX DEVICE CLASS RTOS Condition cause : null
2023-10-17 12:22:51,596 [WARN] PackLoader:240 - Cannot read IP mode file for STMicroelectronics.X-CUBE-AZRTOS-WB.2.0.0
2023-10-17 12:22:51,597 [WARN] ConditionMgr:1039 - genDependencies : Invalid condition id : UX DEVICE CLASS RTOS Condition cause : null
2023-10-17 12:22:51,597 [WARN] ConditionMgr:1039 - genDependencies : Invalid condition id : UX DEVICE CLASS RTOS Condition cause : null
2023-10-17 12:22:51,597 [WARN] ConditionMgr:1039 - genDependencies : Invalid condition id : UX DEVICE CLASS RTOS Condition cause : null
2023-10-17 12:22:51,598 [WARN] ConditionMgr:1039 - genDependencies : Invalid condition id : UX DEVICE CLASS RTOS Condition cause : null
2023-10-17 12:22:51,598 [WARN] ConditionMgr:1039 - genDependencies : Invalid condition id : UX DEVICE CLASS RTOS Condition cause : null
2023-10-17 12:22:51,619 [WARN] PackLoader:240 - Cannot read IP mode file for STMicroelectronics.X-CUBE-FREERTOS.1.0.1
2023-10-17 12:22:51,636 [WARN] PackLoader:240 - Cannot read IP mode file for STMicroelectronics.X-CUBE-SUBG2.5.0.0
2023-10-17 12:22:51,660 [WARN] PackLoader:240 - Cannot read IP mode file for STMicroelectronics.X-CUBE-AZRTOS-G4.2.0.0
2023-10-17 12:22:51,689 [WARN] PackLoader:240 - Cannot read IP mode file for Infineon.AIROC-Wi-Fi-Bluetooth-STM32.1.5.1
2023-10-17 12:22:51,721 [WARN] PackLoader:240 - Cannot read IP mode file for STMicroelectronics.X-CUBE-FREERTOS.1.1.0
2023-10-17 12:22:51,740 [WARN] PackLoader:240 - Cannot read IP mode file for portGmbH.I-Cube-SoM-uGOAL.1.1.0
2023-10-17 12:22:51,755 [WARN] PackLoader:240 - Cannot read IP mode file for STMicroelectronics.X-CUBE-ALS.1.0.1
2023-10-17 12:22:51,764 [WARN] PackLoader:240 - Cannot read IP mode file for STMicroelectronics.FP-ATR-ASTRA1.2.0.0
2023-10-17 12:22:51,767 [INFO] ThirdParty:978 - Integrity check success = true
2023-10-17 12:22:51,768 [INFO] IntegrityCheckThread:100 - exiting critical section [integrity check]
2023-10-17 12:22:51,768 [INFO] IntegrityCheckThread:103 - End integrity checks thread
2023-10-17 12:22:53,363 [INFO] WebApp:157 - Instantiating new browser for Auth
2023-10-17 12:22:54,350 [INFO] WebApp:753 - Register for checkConnection events
2023-10-17 12:22:54,351 [INFO] WebApp:390 - Apply proxy settings
2023-10-17 12:22:54,367 [INFO] WebApp:455 - Chromium authenticates against System proxy
2023-10-17 12:22:54,535 [INFO] WebApp:188 - Starting web application
2023-10-17 12:22:54,535 [INFO] WebApp:520 - Web application path used /Applications/STM32CubeIDE.app/Contents/Eclipse/plugins/com.st.stm32cube.common.mx_6.9.1.202307191849/db/plugins/mcufinder/reactClient1/index.html
2023-10-17 12:23:16,014 [ERROR] LogOutputStream:75 - [STDERR_REDIRECT] SLF4J: Failed to load class "org.slf4j.impl.StaticLoggerBinder".
2023-10-17 12:23:16,017 [ERROR] LogOutputStream:75 - [STDERR_REDIRECT] SLF4J: Defaulting to no-operation (NOP) logger implementation
2023-10-17 12:23:16,018 [ERROR] LogOutputStream:75 - [STDERR_REDIRECT] SLF4J: See http://www.slf4j.org/codes.html#StaticLoggerBinder for further details.
2023-10-17 12:29:16,186 [ERROR] LogOutputStream:75 - [STDERR_REDIRECT] 
