2023-08-23 11:14:46,522 [INFO] Activator:176 - 


2023-08-23 11:14:46,528 [INFO] Activator:177 - !SESSION log4j initialized
2023-08-23 11:14:51,961 [ERROR] LogOutputStream:75 - [STDERR_REDIRECT] 
2023-08-23 11:14:52,884 [INFO] LogOutputStream:77 - [STDOUT_REDIRECT] 
2023-08-23 11:14:55,000 [INFO] LogOutputStream:77 - [STDOUT_REDIRECT] 
2023-08-23 11:14:55,954 [ERROR] LogOutputStream:75 - [STDERR_REDIRECT] java.net.URISyntaxException: Illegal character in path at index 106: file:/Users/josephstewart/Desktop/Github/EEE3096S-FlamingFlamingos/3096-Pracs-WXXSIT001-STWJOS003/Joseph's Workspace/.metadata/.log4j2.xml
2023-08-23 11:14:55,958 [ERROR] LogOutputStream:75 - [STDERR_REDIRECT] 	at java.base/java.net.URI$Parser.fail(URI.java:2974)
2023-08-23 11:14:55,959 [ERROR] LogOutputStream:75 - [STDERR_REDIRECT] 	at java.base/java.net.URI$Parser.checkChars(URI.java:3145)
2023-08-23 11:14:55,959 [ERROR] LogOutputStream:75 - [STDERR_REDIRECT] 	at java.base/java.net.URI$Parser.parseHierarchical(URI.java:3227)
2023-08-23 11:14:55,959 [ERROR] LogOutputStream:75 - [STDERR_REDIRECT] 	at java.base/java.net.URI$Parser.parse(URI.java:3175)
2023-08-23 11:14:55,959 [ERROR] LogOutputStream:75 - [STDERR_REDIRECT] 	at java.base/java.net.URI.<init>(URI.java:623)
2023-08-23 11:14:55,960 [ERROR] LogOutputStream:75 - [STDERR_REDIRECT] 	at java.base/java.net.URL.toURI(URL.java:1056)
2023-08-23 11:14:55,960 [ERROR] LogOutputStream:75 - [STDERR_REDIRECT] 	at com.st.stm32cube.common.mx.core.CubeMxInstance.getInstance(CubeMxInstance.java:81)
2023-08-23 11:14:55,960 [ERROR] LogOutputStream:75 - [STDERR_REDIRECT] 	at com.st.stm32cube.common.mx.userauth.UserAuthAdapter.<init>(UserAuthAdapter.java:18)
2023-08-23 11:14:55,960 [ERROR] LogOutputStream:75 - [STDERR_REDIRECT] 	at com.st.stm32cube.common.mx.userauth.UserAuthProvider.getUserAuthAdapter(UserAuthProvider.java:9)
2023-08-23 11:14:55,961 [ERROR] LogOutputStream:75 - [STDERR_REDIRECT] 	at com.st.stm32cube.common.ecosystemintegration.ui.core.MCUEcoSystemIntegrationUiHelper.getUserAuth(MCUEcoSystemIntegrationUiHelper.java:100)
2023-08-23 11:14:55,961 [ERROR] LogOutputStream:75 - [STDERR_REDIRECT] 	at com.st.stm32cube.ide.mcu.userauth.UserAuthStartup.earlyStartup(UserAuthStartup.java:41)
2023-08-23 11:14:55,961 [ERROR] LogOutputStream:75 - [STDERR_REDIRECT] 	at org.eclipse.ui.internal.EarlyStartupRunnable.runEarlyStartup(EarlyStartupRunnable.java:79)
2023-08-23 11:14:55,961 [ERROR] LogOutputStream:75 - [STDERR_REDIRECT] 	at org.eclipse.ui.internal.EarlyStartupRunnable.run(EarlyStartupRunnable.java:55)
2023-08-23 11:14:55,962 [ERROR] LogOutputStream:75 - [STDERR_REDIRECT] 	at org.eclipse.core.runtime.SafeRunner.run(SafeRunner.java:45)
2023-08-23 11:14:55,963 [ERROR] LogOutputStream:75 - [STDERR_REDIRECT] 	at org.eclipse.ui.internal.Workbench$39.run(Workbench.java:2656)
2023-08-23 11:14:55,964 [ERROR] LogOutputStream:75 - [STDERR_REDIRECT] 	at org.eclipse.core.internal.jobs.Worker.run(Worker.java:63)
2023-08-23 11:14:56,103 [INFO] ApplicationProperties:184 - Using Application install path: /Applications/STM32CubeIDE.app/Contents/Eclipse/plugins/com.st.stm32cube.common.mx_6.9.1.202307191849
2023-08-23 11:14:56,118 [INFO] DbMcusXml:78 - Set database path to: /Applications/STM32CubeIDE.app/Contents/Eclipse/plugins/com.st.stm32cube.common.mx_6.9.1.202307191849//db//mcu/
2023-08-23 11:14:56,119 [INFO] ApiDb:274 - Set plugin database path to: /Applications/STM32CubeIDE.app/Contents/Eclipse/plugins/com.st.stm32cube.common.mx_6.9.1.202307191849//db//plugins/boardmanager/
2023-08-23 11:14:56,119 [WARN] ApiDb:259 - Overriding images path with different value:  => /Applications/STM32CubeIDE.app/Contents/Eclipse/plugins/com.st.stm32cube.common.mx_6.9.1.202307191849//db//plugins/mcufinder/images/
2023-08-23 11:14:56,133 [INFO] ApiDb:250 - Set database path to: /Users/josephstewart/.stmcufinder/plugins/mcufinder//mcu/
2023-08-23 11:14:56,134 [INFO] DbMcusAds:125 - Set database path to: /Users/josephstewart/.stmcufinder/plugins/mcufinder//mcu/
2023-08-23 11:14:56,136 [INFO] CrossReferenceDbSqlite:203 - Set database path to: /Users/josephstewart/.stmcufinder/plugins/mcufinder//mcu/cs/
2023-08-23 11:14:56,257 [INFO] RulesReader:64 - Compatibility file has been processed (293 Rules)
2023-08-23 11:14:56,329 [INFO] DbMcusXml:78 - Set database path to: /Applications/STM32CubeIDE.app/Contents/Eclipse/plugins/com.st.stm32cube.common.mx_6.9.1.202307191849//db//mcu/
2023-08-23 11:14:56,329 [INFO] ApiDb:274 - Set plugin database path to: /Applications/STM32CubeIDE.app/Contents/Eclipse/plugins/com.st.stm32cube.common.mx_6.9.1.202307191849//db//plugins/boardmanager/
2023-08-23 11:14:56,330 [INFO] ApiDb:261 - Set plugin images path to: /Applications/STM32CubeIDE.app/Contents/Eclipse/plugins/com.st.stm32cube.common.mx_6.9.1.202307191849//db//plugins/mcufinder/images/
2023-08-23 11:14:56,330 [WARN] DbFile:41 - Overriding database path with different value: /Users/josephstewart/.stmcufinder/plugins/mcufinder/ => /Users/josephstewart/.stmcufinder/plugins/mcufinder
2023-08-23 11:14:56,330 [INFO] ApiDb:250 - Set database path to: /Users/josephstewart/.stmcufinder/plugins/mcufinder//mcu/
2023-08-23 11:14:56,330 [WARN] DbFile:41 - Overriding database path with different value: /Users/josephstewart/.stmcufinder/plugins/mcufinder/ => /Users/josephstewart/.stmcufinder/plugins/mcufinder
2023-08-23 11:14:56,330 [INFO] DbMcusAds:125 - Set database path to: /Users/josephstewart/.stmcufinder/plugins/mcufinder//mcu/
2023-08-23 11:14:56,330 [WARN] DbFile:41 - Overriding database path with different value: /Users/josephstewart/.stmcufinder/plugins/mcufinder/ => /Users/josephstewart/.stmcufinder/plugins/mcufinder
2023-08-23 11:14:56,330 [WARN] DbFile:41 - Overriding database path with different value: /Users/josephstewart/.stmcufinder/plugins/mcufinder/ => /Users/josephstewart/.stmcufinder/plugins/mcufinder
2023-08-23 11:14:56,330 [INFO] CrossReferenceDbSqlite:203 - Set database path to: /Users/josephstewart/.stmcufinder/plugins/mcufinder//mcu/cs/
2023-08-23 11:14:56,408 [INFO] MainPanel:262 - HeapMemory: 268435456
2023-08-23 11:14:56,493 [INFO] DbMcusXml:78 - Set database path to: /Applications/STM32CubeIDE.app/Contents/Eclipse/plugins/com.st.stm32cube.common.mx_6.9.1.202307191849//db//mcu/
2023-08-23 11:14:56,493 [INFO] ApiDb:274 - Set plugin database path to: /Applications/STM32CubeIDE.app/Contents/Eclipse/plugins/com.st.stm32cube.common.mx_6.9.1.202307191849//db//plugins/boardmanager/
2023-08-23 11:14:56,493 [INFO] ApiDb:261 - Set plugin images path to: /Applications/STM32CubeIDE.app/Contents/Eclipse/plugins/com.st.stm32cube.common.mx_6.9.1.202307191849//db//plugins/mcufinder/images/
2023-08-23 11:14:56,494 [WARN] DbFile:41 - Overriding database path with different value: /Users/josephstewart/.stmcufinder/plugins/mcufinder/ => /Users/josephstewart/.stmcufinder/plugins/mcufinder
2023-08-23 11:14:56,494 [INFO] ApiDb:250 - Set database path to: /Users/josephstewart/.stmcufinder/plugins/mcufinder//mcu/
2023-08-23 11:14:56,494 [WARN] DbFile:41 - Overriding database path with different value: /Users/josephstewart/.stmcufinder/plugins/mcufinder/ => /Users/josephstewart/.stmcufinder/plugins/mcufinder
2023-08-23 11:14:56,494 [INFO] DbMcusAds:125 - Set database path to: /Users/josephstewart/.stmcufinder/plugins/mcufinder//mcu/
2023-08-23 11:14:56,495 [WARN] DbFile:41 - Overriding database path with different value: /Users/josephstewart/.stmcufinder/plugins/mcufinder/ => /Users/josephstewart/.stmcufinder/plugins/mcufinder
2023-08-23 11:14:56,495 [WARN] DbFile:41 - Overriding database path with different value: /Users/josephstewart/.stmcufinder/plugins/mcufinder/ => /Users/josephstewart/.stmcufinder/plugins/mcufinder
2023-08-23 11:14:56,495 [INFO] CrossReferenceDbSqlite:203 - Set database path to: /Users/josephstewart/.stmcufinder/plugins/mcufinder//mcu/cs/
2023-08-23 11:14:56,514 [INFO] ApplicationProperties:184 - Using Application install path: /Applications/STM32CubeIDE.app/Contents/Eclipse/plugins/com.st.stm32cube.common.mx_6.9.1.202307191849
2023-08-23 11:14:56,515 [INFO] PluginManage:196 - Search for loadable plugins [exclusion list=, ]
2023-08-23 11:14:56,517 [INFO] PluginManage:310 - Check plugin analytics
2023-08-23 11:14:56,733 [INFO] AnalyticsPlugin:253 - Accepted Software Licenses: 
2023-08-23 11:14:56,734 [INFO] AnalyticsPlugin:255 - Accepted CMSIS Pack Licenses: 
2023-08-23 11:14:56,734 [INFO] AnalyticsPlugin:257 - Accepted Firmware Licenses: 
2023-08-23 11:14:56,742 [INFO] PluginManage:359 - Loaded plugin analytics (category:tool,tabindex:-1)
2023-08-23 11:14:56,745 [INFO] PluginManage:310 - Check plugin cadmodel
2023-08-23 11:14:57,108 [INFO] CADModel:105 - Init CAD model plugin
2023-08-23 11:14:57,109 [INFO] PluginManage:359 - Loaded plugin cadmodel (category:power,tabindex:5)
2023-08-23 11:14:57,110 [INFO] PluginManage:310 - Check plugin clock
2023-08-23 11:14:57,126 [INFO] PluginManage:359 - Loaded plugin clock (category:base,tabindex:2)
2023-08-23 11:14:57,126 [INFO] PluginManage:310 - Check plugin ddr
2023-08-23 11:14:57,130 [INFO] PluginManage:359 - Loaded plugin ddr (category:tool,tabindex:6)
2023-08-23 11:14:57,130 [INFO] PluginManage:310 - Check plugin filemanager
2023-08-23 11:14:57,270 [INFO] PluginManage:359 - Loaded plugin filemanager (category:base,tabindex:10)
2023-08-23 11:14:57,270 [INFO] PluginManage:310 - Check plugin ipmanager
2023-08-23 11:14:57,276 [INFO] PluginManage:359 - Loaded plugin ipmanager (category:base,tabindex:5)
2023-08-23 11:14:57,276 [INFO] PluginManage:310 - Check plugin lpbam
2023-08-23 11:14:57,283 [INFO] PluginManage:359 - Loaded plugin lpbam (category:base,tabindex:0)
2023-08-23 11:14:57,283 [INFO] PluginManage:310 - Check plugin memorymap
2023-08-23 11:14:57,291 [INFO] PluginManage:359 - Loaded plugin memorymap (category:base,tabindex:4)
2023-08-23 11:14:57,292 [INFO] PluginManage:310 - Check plugin pinoutandconfiguration
2023-08-23 11:14:57,297 [INFO] PluginManage:359 - Loaded plugin pinoutandconfiguration (category:base,tabindex:1)
2023-08-23 11:14:57,297 [INFO] PluginManage:310 - Check plugin pinoutconfig
2023-08-23 11:14:57,404 [WARN] SupportedApi:132 - Cannot load RTOS API schema: s4s-elt-must-match.1: The content of 'definitions' must match (annotation?, (simpleType | complexType)?, (unique | key | keyref)*)). A problem was found starting at: attribute.
2023-08-23 11:14:57,657 [INFO] PluginManage:359 - Loaded plugin pinoutconfig (category:base,tabindex:0)
2023-08-23 11:14:57,657 [INFO] PluginManage:310 - Check plugin power
2023-08-23 11:14:57,680 [INFO] PluginManage:359 - Loaded plugin power (category:power,tabindex:4)
2023-08-23 11:14:57,681 [INFO] PluginManage:310 - Check plugin projectmanager
2023-08-23 11:14:57,719 [INFO] PluginManage:359 - Loaded plugin projectmanager (category:projectmanager,tabindex:3)
2023-08-23 11:14:57,719 [INFO] PluginManage:310 - Check plugin thirdparty
2023-08-23 11:14:58,034 [INFO] PluginManage:359 - Loaded plugin thirdparty (category:base,tabindex:-1)
2023-08-23 11:14:58,035 [INFO] PluginManage:310 - Check plugin tools
2023-08-23 11:14:58,034 [WARN] IntegrityCheckThread:84 - waiting for thirdparty lock release [integrity check]
2023-08-23 11:14:58,037 [INFO] IntegrityCheckThread:86 - entering critical section [integrity check]
2023-08-23 11:14:58,041 [INFO] ThirdPartyUpdaterWithRetryManager:70 - Updater plugin not ready yet. [1/15]
2023-08-23 11:14:58,045 [INFO] PluginManage:359 - Loaded plugin tools (category:base,tabindex:7)
2023-08-23 11:14:58,045 [INFO] PluginManage:310 - Check plugin tutovideos
2023-08-23 11:14:58,348 [INFO] PluginManage:359 - Loaded plugin tutovideos (category:base,tabindex:-1)
2023-08-23 11:14:58,349 [INFO] PluginManage:310 - Check plugin updater
2023-08-23 11:14:58,369 [INFO] PluginManage:359 - Loaded plugin updater (category:base,tabindex:12)
2023-08-23 11:14:58,369 [INFO] PluginManage:310 - Check plugin userauth
2023-08-23 11:14:58,375 [INFO] UserAuth:113 - Init User Auth plugin
2023-08-23 11:14:58,376 [INFO] PluginManage:359 - Loaded plugin userauth (category:base,tabindex:14)
2023-08-23 11:14:58,376 [INFO] PluginManage:283 - PluginManage : Loaded plugins [17]
2023-08-23 11:14:58,625 [INFO] PinOutPanel:1499 - setPackage(No Configuration,No Configuration)
2023-08-23 11:14:58,735 [INFO] CADModel:165 - CPN selected for project level
2023-08-23 11:14:58,735 [INFO] CADModel:114 - Register for checkConnection events
2023-08-23 11:14:58,746 [INFO] IPUIPlugin:80 - create IPUIPlugin
2023-08-23 11:14:58,746 [INFO] PluginManager:220 - loadIPPluginJar : add mdma
2023-08-23 11:14:58,752 [INFO] IPUIPlugin:80 - create IPUIPlugin
2023-08-23 11:14:58,752 [INFO] PluginManager:220 - loadIPPluginJar : add freertos
2023-08-23 11:14:58,755 [INFO] IPUIPlugin:80 - create IPUIPlugin
2023-08-23 11:14:58,755 [INFO] PluginManager:220 - loadIPPluginJar : add gic
2023-08-23 11:14:58,763 [INFO] IPUIPlugin:80 - create IPUIPlugin
2023-08-23 11:14:58,763 [INFO] PluginManager:220 - loadIPPluginJar : add adc
2023-08-23 11:14:58,766 [INFO] IPUIPlugin:80 - create IPUIPlugin
2023-08-23 11:14:58,767 [INFO] PluginManager:220 - loadIPPluginJar : add gtzc
2023-08-23 11:14:58,768 [INFO] IPUIPlugin:80 - create IPUIPlugin
2023-08-23 11:14:58,768 [INFO] PluginManager:220 - loadIPPluginJar : add quadspi
2023-08-23 11:14:58,770 [INFO] IPUIPlugin:80 - create IPUIPlugin
2023-08-23 11:14:58,770 [INFO] PluginManager:220 - loadIPPluginJar : add aes
2023-08-23 11:14:58,773 [INFO] IPUIPlugin:80 - create IPUIPlugin
2023-08-23 11:14:58,773 [INFO] PluginManager:220 - loadIPPluginJar : add pdm2pcm
2023-08-23 11:14:58,774 [INFO] IPUIPlugin:80 - create IPUIPlugin
2023-08-23 11:14:58,775 [INFO] PluginManager:220 - loadIPPluginJar : add hash
2023-08-23 11:14:58,776 [INFO] IPUIPlugin:80 - create IPUIPlugin
2023-08-23 11:14:58,776 [INFO] PluginManager:220 - loadIPPluginJar : add tim
2023-08-23 11:14:58,777 [INFO] IPUIPlugin:80 - create IPUIPlugin
2023-08-23 11:14:58,777 [INFO] PluginManager:220 - loadIPPluginJar : add tsc
2023-08-23 11:14:58,778 [INFO] IPUIPlugin:80 - create IPUIPlugin
2023-08-23 11:14:58,778 [INFO] PluginManager:220 - loadIPPluginJar : add ts
2023-08-23 11:14:58,779 [INFO] IPUIPlugin:80 - create IPUIPlugin
2023-08-23 11:14:58,779 [INFO] PluginManager:220 - loadIPPluginJar : add can
2023-08-23 11:14:58,781 [INFO] IPUIPlugin:80 - create IPUIPlugin
2023-08-23 11:14:58,782 [INFO] PluginManager:220 - loadIPPluginJar : add dma3
2023-08-23 11:14:58,783 [INFO] IPUIPlugin:80 - create IPUIPlugin
2023-08-23 11:14:58,784 [INFO] PluginManager:220 - loadIPPluginJar : add dfsdm
2023-08-23 11:14:58,785 [INFO] IPUIPlugin:80 - create IPUIPlugin
2023-08-23 11:14:58,785 [INFO] PluginManager:220 - loadIPPluginJar : add spi
2023-08-23 11:14:58,786 [INFO] IPUIPlugin:80 - create IPUIPlugin
2023-08-23 11:14:58,787 [INFO] PluginManager:220 - loadIPPluginJar : add gfxmmu
2023-08-23 11:14:58,787 [INFO] IPUIPlugin:80 - create IPUIPlugin
2023-08-23 11:14:58,787 [INFO] PluginManager:220 - loadIPPluginJar : add genericplugin
2023-08-23 11:14:58,789 [INFO] IPUIPlugin:80 - create IPUIPlugin
2023-08-23 11:14:58,789 [INFO] PluginManager:220 - loadIPPluginJar : add cryp
2023-08-23 11:14:58,792 [INFO] IPUIPlugin:80 - create IPUIPlugin
2023-08-23 11:14:58,792 [INFO] PluginManager:220 - loadIPPluginJar : add gpio
2023-08-23 11:14:58,793 [INFO] IPUIPlugin:80 - create IPUIPlugin
2023-08-23 11:14:58,793 [INFO] PluginManager:220 - loadIPPluginJar : add comp
2023-08-23 11:14:58,794 [INFO] IPUIPlugin:80 - create IPUIPlugin
2023-08-23 11:14:58,794 [INFO] PluginManager:220 - loadIPPluginJar : add tracer_emb
2023-08-23 11:14:58,798 [INFO] IPUIPlugin:80 - create IPUIPlugin
2023-08-23 11:14:58,799 [INFO] PluginManager:220 - loadIPPluginJar : add openamp
2023-08-23 11:14:58,802 [INFO] IPUIPlugin:80 - create IPUIPlugin
2023-08-23 11:14:58,802 [INFO] PluginManager:220 - loadIPPluginJar : add stm32_wpan
2023-08-23 11:14:58,805 [INFO] IPUIPlugin:80 - create IPUIPlugin
2023-08-23 11:14:58,807 [INFO] PluginManager:220 - loadIPPluginJar : add plateformsettings
2023-08-23 11:14:58,810 [INFO] IPUIPlugin:80 - create IPUIPlugin
2023-08-23 11:14:58,810 [INFO] PluginManager:220 - loadIPPluginJar : add ipddr
2023-08-23 11:14:58,814 [INFO] IPUIPlugin:80 - create IPUIPlugin
2023-08-23 11:14:58,815 [INFO] PluginManager:220 - loadIPPluginJar : add usart
2023-08-23 11:14:58,816 [INFO] IPUIPlugin:80 - create IPUIPlugin
2023-08-23 11:14:58,816 [INFO] PluginManager:220 - loadIPPluginJar : add ltdc
2023-08-23 11:14:58,819 [INFO] IPUIPlugin:80 - create IPUIPlugin
2023-08-23 11:14:58,819 [INFO] PluginManager:220 - loadIPPluginJar : add nvic
2023-08-23 11:14:58,819 [INFO] IPUIPlugin:80 - create IPUIPlugin
2023-08-23 11:14:58,820 [INFO] PluginManager:220 - loadIPPluginJar : add fatfs
2023-08-23 11:14:58,825 [INFO] IPUIPlugin:80 - create IPUIPlugin
2023-08-23 11:14:58,825 [INFO] PluginManager:220 - loadIPPluginJar : add linkedlist
2023-08-23 11:14:58,829 [INFO] IPUIPlugin:80 - create IPUIPlugin
2023-08-23 11:14:58,830 [INFO] PluginManager:220 - loadIPPluginJar : add dma
2023-08-23 11:14:58,854 [INFO] IPUIPlugin:80 - create IPUIPlugin
2023-08-23 11:14:58,854 [INFO] PluginManager:220 - loadIPPluginJar : add fmc
2023-08-23 11:14:58,860 [INFO] IPUIPlugin:80 - create IPUIPlugin
2023-08-23 11:14:58,860 [INFO] PluginManager:220 - loadIPPluginJar : add i2s
2023-08-23 11:14:58,862 [INFO] IPUIPlugin:80 - create IPUIPlugin
2023-08-23 11:14:58,863 [INFO] PluginManager:220 - loadIPPluginJar : add ucpd
2023-08-23 11:14:58,866 [INFO] IPUIPlugin:80 - create IPUIPlugin
2023-08-23 11:14:58,866 [INFO] PluginManager:220 - loadIPPluginJar : add lorawan
2023-08-23 11:14:58,867 [INFO] IPUIPlugin:80 - create IPUIPlugin
2023-08-23 11:14:58,868 [INFO] PluginManager:220 - loadIPPluginJar : add opamp
2023-08-23 11:14:58,869 [INFO] IPUIPlugin:80 - create IPUIPlugin
2023-08-23 11:14:58,869 [INFO] PluginManager:220 - loadIPPluginJar : add i3c
2023-08-23 11:14:58,872 [INFO] IPUIPlugin:80 - create IPUIPlugin
2023-08-23 11:14:58,872 [INFO] PluginManager:220 - loadIPPluginJar : add touchsensing
2023-08-23 11:14:58,887 [INFO] IPUIPlugin:80 - create IPUIPlugin
2023-08-23 11:14:58,887 [INFO] PluginManager:220 - loadIPPluginJar : add i2c
2023-08-23 11:14:58,892 [INFO] IPUIPlugin:80 - create IPUIPlugin
2023-08-23 11:14:58,892 [INFO] PluginManager:220 - loadIPPluginJar : add resmgrutility
2023-08-23 11:14:58,894 [INFO] IPUIPlugin:80 - create IPUIPlugin
2023-08-23 11:14:58,894 [INFO] PluginManager:220 - loadIPPluginJar : add sai
2023-08-23 11:14:58,897 [INFO] IPUIPlugin:80 - create IPUIPlugin
2023-08-23 11:14:58,897 [INFO] PluginManager:220 - loadIPPluginJar : add usbx
2023-08-23 11:14:59,049 [INFO] CADModel:165 - CPN selected for project level
2023-08-23 11:14:59,050 [INFO] CADModel:114 - Register for checkConnection events
2023-08-23 11:14:59,051 [FATAL] Updater:308 - Updater called before beeing initialized
2023-08-23 11:14:59,051 [ERROR] CADModel:125 - Updater not yet initialized, retry later 
2023-08-23 11:14:59,282 [INFO] CADModel:165 - CPN selected for project level
2023-08-23 11:14:59,282 [INFO] CADModel:114 - Register for checkConnection events
2023-08-23 11:14:59,282 [FATAL] Updater:308 - Updater called before beeing initialized
2023-08-23 11:14:59,282 [ERROR] CADModel:125 - Updater not yet initialized, retry later 
2023-08-23 11:14:59,285 [FATAL] Updater:308 - Updater called before beeing initialized
2023-08-23 11:14:59,427 [FATAL] Updater:308 - Updater called before beeing initialized
2023-08-23 11:14:59,438 [INFO] DbMcusAds:53 - JSON generation date=Thu Sep 30 08:55:09 SAST 2021 (1632984909247)
2023-08-23 11:14:59,439 [FATAL] Updater:308 - Updater called before beeing initialized
2023-08-23 11:14:59,493 [WARN] DetailPanel:346 - Failed to get advertising image, set to default
2023-08-23 11:14:59,572 [FATAL] Updater:308 - Updater called before beeing initialized
2023-08-23 11:14:59,574 [FATAL] Updater:308 - Updater called before beeing initialized
2023-08-23 11:14:59,574 [FATAL] Updater:308 - Updater called before beeing initialized
2023-08-23 11:14:59,574 [WARN] DetailPanel:346 - Failed to get advertising image, set to default
2023-08-23 11:14:59,577 [FATAL] Updater:308 - Updater called before beeing initialized
2023-08-23 11:14:59,639 [ERROR] Updater:1120 - MainUpdater not yet initialized. External WinMGr cannot be set.
2023-08-23 11:14:59,667 [INFO] Updater:1056 - Updater Version found : 6.9.1
2023-08-23 11:14:59,680 [INFO] ApplicationProperties:184 - Using Application install path: /Applications/STM32CubeIDE.app/Contents/Eclipse/plugins/com.st.stm32cube.common.mx_6.9.1.202307191849
2023-08-23 11:14:59,831 [INFO] MainUpdater:2868 - connection check result : 10
2023-08-23 11:14:59,832 [INFO] MainUpdater:285 - Updater Check For Update Now.
2023-08-23 11:14:59,832 [INFO] MicroXplorer:498 - Change Database Version : DB.6.0.91
2023-08-23 11:14:59,840 [INFO] McuFinderGlobals:63 - Set McuFinder mode to 2 (CubeIDE integrated)
2023-08-23 11:14:59,840 [INFO] UserAuth:179 - activating auth plugin
2023-08-23 11:14:59,848 [INFO] UserAuth:393 - Internet connection configuration mode: 1
2023-08-23 11:14:59,862 [INFO] JxBrowserEngine:151 - Initiate JxBrowser Engine with user profile folder
2023-08-23 11:15:00,085 [INFO] CheckServerUpdateThread:120 - End of CheckServer Thread
2023-08-23 11:15:01,176 [WARN] PackLoader:240 - Cannot read IP mode file for STMicroelectronics.X-CUBE-GNSS1.6.0.0
2023-08-23 11:15:01,195 [WARN] PackLoader:240 - Cannot read IP mode file for STMicroelectronics.X-CUBE-SMBUS.2.1.0
2023-08-23 11:15:01,379 [WARN] PackLoader:240 - Cannot read IP mode file for STMicroelectronics.X-CUBE-MEMS1.9.6.0
2023-08-23 11:15:01,738 [WARN] PackLoader:240 - Cannot read IP mode file for STMicroelectronics.FP-SNS-MOTENV1.4.3.2
2023-08-23 11:15:01,778 [WARN] PackLoader:240 - Cannot read IP mode file for STMicroelectronics.X-CUBE-BLEMGR.2.0.0
2023-08-23 11:15:01,812 [WARN] PackLoader:240 - Cannot read IP mode file for STMicroelectronics.X-CUBE-DISPLAY.3.0.0
2023-08-23 11:15:01,833 [WARN] PackLoader:240 - Cannot read IP mode file for STMicroelectronics.X-CUBE-NFC7.1.0.1
2023-08-23 11:15:01,852 [WARN] PackLoader:240 - Cannot read IP mode file for STMicroelectronics.X-CUBE-EEPRMA1.4.1.0
2023-08-23 11:15:01,878 [WARN] PackLoader:240 - Cannot read IP mode file for STMicroelectronics.X-CUBE-SFXS2LP1.4.0.0
2023-08-23 11:15:01,897 [WARN] PackLoader:240 - Cannot read IP mode file for STMicroelectronics.X-CUBE-BLE2.3.3.0
2023-08-23 11:15:01,908 [WARN] PackLoader:240 - Cannot read IP mode file for STMicroelectronics.X-CUBE-ISPU.1.1.0
2023-08-23 11:15:01,920 [WARN] PackLoader:240 - Cannot read IP mode file for STMicroelectronics.X-CUBE-FREERTOS.1.0.1
2023-08-23 11:15:01,943 [WARN] PackLoader:240 - Cannot read IP mode file for STMicroelectronics.X-CUBE-SUBG2.5.0.0
2023-08-23 11:15:01,960 [WARN] PackLoader:240 - Cannot read IP mode file for STMicroelectronics.X-CUBE-NFC4.3.0.0
2023-08-23 11:15:01,968 [WARN] PackLoader:240 - Cannot read IP mode file for STMicroelectronics.FP-ATR-SIGFOX1.3.2.0
2023-08-23 11:15:01,975 [WARN] PackLoader:240 - Cannot read IP mode file for STMicroelectronics.X-CUBE-ALS.1.0.1
2023-08-23 11:15:01,982 [WARN] PackLoader:240 - Cannot read IP mode file for STMicroelectronics.FP-ATR-ASTRA1.2.0.0
2023-08-23 11:15:01,989 [INFO] ThirdParty:978 - Integrity check success = true
2023-08-23 11:15:01,989 [INFO] IntegrityCheckThread:100 - exiting critical section [integrity check]
2023-08-23 11:15:01,990 [INFO] IntegrityCheckThread:103 - End integrity checks thread
2023-08-23 11:15:04,854 [INFO] WebApp:157 - Instantiating new browser for Auth
2023-08-23 11:15:05,973 [INFO] WebApp:753 - Register for checkConnection events
2023-08-23 11:15:05,973 [INFO] WebApp:390 - Apply proxy settings
2023-08-23 11:15:05,982 [INFO] WebApp:455 - Chromium authenticates against System proxy
2023-08-23 11:15:06,168 [INFO] WebApp:188 - Starting web application
2023-08-23 11:15:06,169 [INFO] WebApp:520 - Web application path used /Applications/STM32CubeIDE.app/Contents/Eclipse/plugins/com.st.stm32cube.common.mx_6.9.1.202307191849/db/plugins/mcufinder/reactClient1/index.html
2023-08-23 11:15:27,617 [ERROR] LogOutputStream:75 - [STDERR_REDIRECT] SLF4J: Failed to load class "org.slf4j.impl.StaticLoggerBinder".
2023-08-23 11:15:27,618 [ERROR] LogOutputStream:75 - [STDERR_REDIRECT] SLF4J: Defaulting to no-operation (NOP) logger implementation
2023-08-23 11:15:27,618 [ERROR] LogOutputStream:75 - [STDERR_REDIRECT] SLF4J: See http://www.slf4j.org/codes.html#StaticLoggerBinder for further details.
