2023-10-17 13:50:20,140 [INFO] Activator:176 - 


2023-10-17 13:50:20,143 [INFO] Activator:177 - !SESSION log4j initialized
2023-10-17 13:50:23,472 [ERROR] LogOutputStream:75 - [STDERR_REDIRECT] 
2023-10-17 13:50:23,906 [INFO] LogOutputStream:77 - [STDOUT_REDIRECT] 
2023-10-17 13:50:26,327 [INFO] LogOutputStream:77 - [STDOUT_REDIRECT] 
2023-10-17 13:50:28,549 [INFO] ApplicationProperties:184 - Using Application install path: /Applications/STM32CubeIDE.app/Contents/Eclipse/plugins/com.st.stm32cube.common.mx_6.9.1.202307191849
2023-10-17 13:50:28,568 [INFO] DbMcusXml:78 - Set database path to: /Applications/STM32CubeIDE.app/Contents/Eclipse/plugins/com.st.stm32cube.common.mx_6.9.1.202307191849//db//mcu/
2023-10-17 13:50:28,568 [INFO] ApiDb:274 - Set plugin database path to: /Applications/STM32CubeIDE.app/Contents/Eclipse/plugins/com.st.stm32cube.common.mx_6.9.1.202307191849//db//plugins/boardmanager/
2023-10-17 13:50:28,569 [WARN] ApiDb:259 - Overriding images path with different value:  => /Applications/STM32CubeIDE.app/Contents/Eclipse/plugins/com.st.stm32cube.common.mx_6.9.1.202307191849//db//plugins/mcufinder/images/
2023-10-17 13:50:28,585 [INFO] ApiDb:250 - Set database path to: /Users/josephstewart/.stmcufinder/plugins/mcufinder//mcu/
2023-10-17 13:50:28,586 [INFO] DbMcusAds:125 - Set database path to: /Users/josephstewart/.stmcufinder/plugins/mcufinder//mcu/
2023-10-17 13:50:28,588 [INFO] CrossReferenceDbSqlite:203 - Set database path to: /Users/josephstewart/.stmcufinder/plugins/mcufinder//mcu/cs/
2023-10-17 13:50:28,726 [INFO] RulesReader:64 - Compatibility file has been processed (293 Rules)
2023-10-17 13:50:28,825 [INFO] DbMcusXml:78 - Set database path to: /Applications/STM32CubeIDE.app/Contents/Eclipse/plugins/com.st.stm32cube.common.mx_6.9.1.202307191849//db//mcu/
2023-10-17 13:50:28,827 [INFO] ApiDb:274 - Set plugin database path to: /Applications/STM32CubeIDE.app/Contents/Eclipse/plugins/com.st.stm32cube.common.mx_6.9.1.202307191849//db//plugins/boardmanager/
2023-10-17 13:50:28,830 [INFO] ApiDb:261 - Set plugin images path to: /Applications/STM32CubeIDE.app/Contents/Eclipse/plugins/com.st.stm32cube.common.mx_6.9.1.202307191849//db//plugins/mcufinder/images/
2023-10-17 13:50:28,832 [WARN] DbFile:41 - Overriding database path with different value: /Users/josephstewart/.stmcufinder/plugins/mcufinder/ => /Users/josephstewart/.stmcufinder/plugins/mcufinder
2023-10-17 13:50:28,833 [INFO] ApiDb:250 - Set database path to: /Users/josephstewart/.stmcufinder/plugins/mcufinder//mcu/
2023-10-17 13:50:28,833 [WARN] DbFile:41 - Overriding database path with different value: /Users/josephstewart/.stmcufinder/plugins/mcufinder/ => /Users/josephstewart/.stmcufinder/plugins/mcufinder
2023-10-17 13:50:28,833 [INFO] DbMcusAds:125 - Set database path to: /Users/josephstewart/.stmcufinder/plugins/mcufinder//mcu/
2023-10-17 13:50:28,833 [WARN] DbFile:41 - Overriding database path with different value: /Users/josephstewart/.stmcufinder/plugins/mcufinder/ => /Users/josephstewart/.stmcufinder/plugins/mcufinder
2023-10-17 13:50:28,833 [WARN] DbFile:41 - Overriding database path with different value: /Users/josephstewart/.stmcufinder/plugins/mcufinder/ => /Users/josephstewart/.stmcufinder/plugins/mcufinder
2023-10-17 13:50:28,833 [INFO] CrossReferenceDbSqlite:203 - Set database path to: /Users/josephstewart/.stmcufinder/plugins/mcufinder//mcu/cs/
2023-10-17 13:50:29,025 [INFO] MainPanel:262 - HeapMemory: 271581184
2023-10-17 13:50:29,125 [INFO] DbMcusXml:78 - Set database path to: /Applications/STM32CubeIDE.app/Contents/Eclipse/plugins/com.st.stm32cube.common.mx_6.9.1.202307191849//db//mcu/
2023-10-17 13:50:29,125 [INFO] ApiDb:274 - Set plugin database path to: /Applications/STM32CubeIDE.app/Contents/Eclipse/plugins/com.st.stm32cube.common.mx_6.9.1.202307191849//db//plugins/boardmanager/
2023-10-17 13:50:29,126 [INFO] ApiDb:261 - Set plugin images path to: /Applications/STM32CubeIDE.app/Contents/Eclipse/plugins/com.st.stm32cube.common.mx_6.9.1.202307191849//db//plugins/mcufinder/images/
2023-10-17 13:50:29,128 [WARN] DbFile:41 - Overriding database path with different value: /Users/josephstewart/.stmcufinder/plugins/mcufinder/ => /Users/josephstewart/.stmcufinder/plugins/mcufinder
2023-10-17 13:50:29,128 [INFO] ApiDb:250 - Set database path to: /Users/josephstewart/.stmcufinder/plugins/mcufinder//mcu/
2023-10-17 13:50:29,128 [WARN] DbFile:41 - Overriding database path with different value: /Users/josephstewart/.stmcufinder/plugins/mcufinder/ => /Users/josephstewart/.stmcufinder/plugins/mcufinder
2023-10-17 13:50:29,128 [INFO] DbMcusAds:125 - Set database path to: /Users/josephstewart/.stmcufinder/plugins/mcufinder//mcu/
2023-10-17 13:50:29,128 [WARN] DbFile:41 - Overriding database path with different value: /Users/josephstewart/.stmcufinder/plugins/mcufinder/ => /Users/josephstewart/.stmcufinder/plugins/mcufinder
2023-10-17 13:50:29,128 [WARN] DbFile:41 - Overriding database path with different value: /Users/josephstewart/.stmcufinder/plugins/mcufinder/ => /Users/josephstewart/.stmcufinder/plugins/mcufinder
2023-10-17 13:50:29,129 [INFO] CrossReferenceDbSqlite:203 - Set database path to: /Users/josephstewart/.stmcufinder/plugins/mcufinder//mcu/cs/
2023-10-17 13:50:29,158 [INFO] ApplicationProperties:184 - Using Application install path: /Applications/STM32CubeIDE.app/Contents/Eclipse/plugins/com.st.stm32cube.common.mx_6.9.1.202307191849
2023-10-17 13:50:29,160 [INFO] PluginManage:196 - Search for loadable plugins [exclusion list=, ]
2023-10-17 13:50:29,162 [INFO] PluginManage:310 - Check plugin analytics
2023-10-17 13:50:29,535 [INFO] AnalyticsPlugin:253 - Accepted Software Licenses: 
2023-10-17 13:50:29,535 [INFO] AnalyticsPlugin:255 - Accepted CMSIS Pack Licenses: 
2023-10-17 13:50:29,535 [INFO] AnalyticsPlugin:257 - Accepted Firmware Licenses: 
2023-10-17 13:50:29,542 [INFO] PluginManage:359 - Loaded plugin analytics (category:tool,tabindex:-1)
2023-10-17 13:50:29,544 [INFO] PluginManage:310 - Check plugin cadmodel
2023-10-17 13:50:30,125 [INFO] CADModel:105 - Init CAD model plugin
2023-10-17 13:50:30,127 [INFO] PluginManage:359 - Loaded plugin cadmodel (category:power,tabindex:5)
2023-10-17 13:50:30,129 [INFO] PluginManage:310 - Check plugin clock
2023-10-17 13:50:30,177 [INFO] PluginManage:359 - Loaded plugin clock (category:base,tabindex:2)
2023-10-17 13:50:30,180 [INFO] PluginManage:310 - Check plugin ddr
2023-10-17 13:50:30,183 [INFO] PluginManage:359 - Loaded plugin ddr (category:tool,tabindex:6)
2023-10-17 13:50:30,185 [INFO] PluginManage:310 - Check plugin filemanager
2023-10-17 13:50:30,371 [INFO] PluginManage:359 - Loaded plugin filemanager (category:base,tabindex:10)
2023-10-17 13:50:30,372 [INFO] PluginManage:310 - Check plugin ipmanager
2023-10-17 13:50:30,381 [INFO] PluginManage:359 - Loaded plugin ipmanager (category:base,tabindex:5)
2023-10-17 13:50:30,381 [INFO] PluginManage:310 - Check plugin lpbam
2023-10-17 13:50:30,391 [INFO] PluginManage:359 - Loaded plugin lpbam (category:base,tabindex:0)
2023-10-17 13:50:30,391 [INFO] PluginManage:310 - Check plugin memorymap
2023-10-17 13:50:30,402 [INFO] PluginManage:359 - Loaded plugin memorymap (category:base,tabindex:4)
2023-10-17 13:50:30,403 [INFO] PluginManage:310 - Check plugin pinoutandconfiguration
2023-10-17 13:50:30,408 [INFO] PluginManage:359 - Loaded plugin pinoutandconfiguration (category:base,tabindex:1)
2023-10-17 13:50:30,408 [INFO] PluginManage:310 - Check plugin pinoutconfig
2023-10-17 13:50:30,504 [WARN] SupportedApi:132 - Cannot load RTOS API schema: s4s-elt-must-match.1: The content of 'definitions' must match (annotation?, (simpleType | complexType)?, (unique | key | keyref)*)). A problem was found starting at: attribute.
2023-10-17 13:50:30,659 [INFO] PluginManage:359 - Loaded plugin pinoutconfig (category:base,tabindex:0)
2023-10-17 13:50:30,659 [INFO] PluginManage:310 - Check plugin power
2023-10-17 13:50:30,668 [INFO] PluginManage:359 - Loaded plugin power (category:power,tabindex:4)
2023-10-17 13:50:30,669 [INFO] PluginManage:310 - Check plugin projectmanager
2023-10-17 13:50:30,697 [INFO] PluginManage:359 - Loaded plugin projectmanager (category:projectmanager,tabindex:3)
2023-10-17 13:50:30,697 [INFO] PluginManage:310 - Check plugin thirdparty
2023-10-17 13:50:30,835 [INFO] PluginManage:359 - Loaded plugin thirdparty (category:base,tabindex:-1)
2023-10-17 13:50:30,835 [INFO] PluginManage:310 - Check plugin tools
2023-10-17 13:50:30,834 [WARN] IntegrityCheckThread:84 - waiting for thirdparty lock release [integrity check]
2023-10-17 13:50:30,836 [INFO] IntegrityCheckThread:86 - entering critical section [integrity check]
2023-10-17 13:50:30,837 [INFO] ThirdPartyUpdaterWithRetryManager:70 - Updater plugin not ready yet. [1/15]
2023-10-17 13:50:30,839 [INFO] PluginManage:359 - Loaded plugin tools (category:base,tabindex:7)
2023-10-17 13:50:30,839 [INFO] PluginManage:310 - Check plugin tutovideos
2023-10-17 13:50:30,989 [INFO] PluginManage:359 - Loaded plugin tutovideos (category:base,tabindex:-1)
2023-10-17 13:50:30,989 [INFO] PluginManage:310 - Check plugin updater
2023-10-17 13:50:31,002 [INFO] PluginManage:359 - Loaded plugin updater (category:base,tabindex:12)
2023-10-17 13:50:31,002 [INFO] PluginManage:310 - Check plugin userauth
2023-10-17 13:50:31,008 [INFO] UserAuth:113 - Init User Auth plugin
2023-10-17 13:50:31,008 [INFO] PluginManage:359 - Loaded plugin userauth (category:base,tabindex:14)
2023-10-17 13:50:31,009 [INFO] PluginManage:283 - PluginManage : Loaded plugins [17]
2023-10-17 13:50:31,269 [INFO] PinOutPanel:1499 - setPackage(No Configuration,No Configuration)
2023-10-17 13:50:31,376 [INFO] CADModel:165 - CPN selected for project level
2023-10-17 13:50:31,377 [INFO] CADModel:114 - Register for checkConnection events
2023-10-17 13:50:31,386 [INFO] IPUIPlugin:80 - create IPUIPlugin
2023-10-17 13:50:31,386 [INFO] PluginManager:220 - loadIPPluginJar : add mdma
2023-10-17 13:50:31,392 [INFO] IPUIPlugin:80 - create IPUIPlugin
2023-10-17 13:50:31,392 [INFO] PluginManager:220 - loadIPPluginJar : add freertos
2023-10-17 13:50:31,394 [INFO] IPUIPlugin:80 - create IPUIPlugin
2023-10-17 13:50:31,394 [INFO] PluginManager:220 - loadIPPluginJar : add gic
2023-10-17 13:50:31,399 [INFO] IPUIPlugin:80 - create IPUIPlugin
2023-10-17 13:50:31,399 [INFO] PluginManager:220 - loadIPPluginJar : add adc
2023-10-17 13:50:31,402 [INFO] IPUIPlugin:80 - create IPUIPlugin
2023-10-17 13:50:31,402 [INFO] PluginManager:220 - loadIPPluginJar : add gtzc
2023-10-17 13:50:31,403 [INFO] IPUIPlugin:80 - create IPUIPlugin
2023-10-17 13:50:31,403 [INFO] PluginManager:220 - loadIPPluginJar : add quadspi
2023-10-17 13:50:31,404 [INFO] IPUIPlugin:80 - create IPUIPlugin
2023-10-17 13:50:31,404 [INFO] PluginManager:220 - loadIPPluginJar : add aes
2023-10-17 13:50:31,406 [INFO] IPUIPlugin:80 - create IPUIPlugin
2023-10-17 13:50:31,406 [INFO] PluginManager:220 - loadIPPluginJar : add pdm2pcm
2023-10-17 13:50:31,407 [INFO] IPUIPlugin:80 - create IPUIPlugin
2023-10-17 13:50:31,407 [INFO] PluginManager:220 - loadIPPluginJar : add hash
2023-10-17 13:50:31,408 [INFO] IPUIPlugin:80 - create IPUIPlugin
2023-10-17 13:50:31,408 [INFO] PluginManager:220 - loadIPPluginJar : add tim
2023-10-17 13:50:31,409 [INFO] IPUIPlugin:80 - create IPUIPlugin
2023-10-17 13:50:31,409 [INFO] PluginManager:220 - loadIPPluginJar : add tsc
2023-10-17 13:50:31,410 [INFO] IPUIPlugin:80 - create IPUIPlugin
2023-10-17 13:50:31,410 [INFO] PluginManager:220 - loadIPPluginJar : add ts
2023-10-17 13:50:31,411 [INFO] IPUIPlugin:80 - create IPUIPlugin
2023-10-17 13:50:31,411 [INFO] PluginManager:220 - loadIPPluginJar : add can
2023-10-17 13:50:31,414 [INFO] IPUIPlugin:80 - create IPUIPlugin
2023-10-17 13:50:31,414 [INFO] PluginManager:220 - loadIPPluginJar : add dma3
2023-10-17 13:50:31,416 [INFO] IPUIPlugin:80 - create IPUIPlugin
2023-10-17 13:50:31,416 [INFO] PluginManager:220 - loadIPPluginJar : add dfsdm
2023-10-17 13:50:31,417 [INFO] IPUIPlugin:80 - create IPUIPlugin
2023-10-17 13:50:31,417 [INFO] PluginManager:220 - loadIPPluginJar : add spi
2023-10-17 13:50:31,418 [INFO] IPUIPlugin:80 - create IPUIPlugin
2023-10-17 13:50:31,418 [INFO] PluginManager:220 - loadIPPluginJar : add gfxmmu
2023-10-17 13:50:31,418 [INFO] IPUIPlugin:80 - create IPUIPlugin
2023-10-17 13:50:31,418 [INFO] PluginManager:220 - loadIPPluginJar : add genericplugin
2023-10-17 13:50:31,419 [INFO] IPUIPlugin:80 - create IPUIPlugin
2023-10-17 13:50:31,419 [INFO] PluginManager:220 - loadIPPluginJar : add cryp
2023-10-17 13:50:31,421 [INFO] IPUIPlugin:80 - create IPUIPlugin
2023-10-17 13:50:31,422 [INFO] PluginManager:220 - loadIPPluginJar : add gpio
2023-10-17 13:50:31,422 [INFO] IPUIPlugin:80 - create IPUIPlugin
2023-10-17 13:50:31,423 [INFO] PluginManager:220 - loadIPPluginJar : add comp
2023-10-17 13:50:31,424 [INFO] IPUIPlugin:80 - create IPUIPlugin
2023-10-17 13:50:31,424 [INFO] PluginManager:220 - loadIPPluginJar : add tracer_emb
2023-10-17 13:50:31,426 [INFO] IPUIPlugin:80 - create IPUIPlugin
2023-10-17 13:50:31,426 [INFO] PluginManager:220 - loadIPPluginJar : add openamp
2023-10-17 13:50:31,428 [INFO] IPUIPlugin:80 - create IPUIPlugin
2023-10-17 13:50:31,429 [INFO] PluginManager:220 - loadIPPluginJar : add stm32_wpan
2023-10-17 13:50:31,432 [INFO] IPUIPlugin:80 - create IPUIPlugin
2023-10-17 13:50:31,437 [INFO] PluginManager:220 - loadIPPluginJar : add plateformsettings
2023-10-17 13:50:31,439 [INFO] IPUIPlugin:80 - create IPUIPlugin
2023-10-17 13:50:31,439 [INFO] PluginManager:220 - loadIPPluginJar : add ipddr
2023-10-17 13:50:31,441 [INFO] IPUIPlugin:80 - create IPUIPlugin
2023-10-17 13:50:31,441 [INFO] PluginManager:220 - loadIPPluginJar : add usart
2023-10-17 13:50:31,442 [INFO] IPUIPlugin:80 - create IPUIPlugin
2023-10-17 13:50:31,442 [INFO] PluginManager:220 - loadIPPluginJar : add ltdc
2023-10-17 13:50:31,444 [INFO] IPUIPlugin:80 - create IPUIPlugin
2023-10-17 13:50:31,444 [INFO] PluginManager:220 - loadIPPluginJar : add nvic
2023-10-17 13:50:31,445 [INFO] IPUIPlugin:80 - create IPUIPlugin
2023-10-17 13:50:31,445 [INFO] PluginManager:220 - loadIPPluginJar : add fatfs
2023-10-17 13:50:31,449 [INFO] IPUIPlugin:80 - create IPUIPlugin
2023-10-17 13:50:31,449 [INFO] PluginManager:220 - loadIPPluginJar : add linkedlist
2023-10-17 13:50:31,453 [INFO] IPUIPlugin:80 - create IPUIPlugin
2023-10-17 13:50:31,453 [INFO] PluginManager:220 - loadIPPluginJar : add dma
2023-10-17 13:50:31,456 [INFO] IPUIPlugin:80 - create IPUIPlugin
2023-10-17 13:50:31,456 [INFO] PluginManager:220 - loadIPPluginJar : add fmc
2023-10-17 13:50:31,457 [INFO] IPUIPlugin:80 - create IPUIPlugin
2023-10-17 13:50:31,457 [INFO] PluginManager:220 - loadIPPluginJar : add i2s
2023-10-17 13:50:31,458 [INFO] IPUIPlugin:80 - create IPUIPlugin
2023-10-17 13:50:31,458 [INFO] PluginManager:220 - loadIPPluginJar : add ucpd
2023-10-17 13:50:31,459 [INFO] IPUIPlugin:80 - create IPUIPlugin
2023-10-17 13:50:31,459 [INFO] PluginManager:220 - loadIPPluginJar : add lorawan
2023-10-17 13:50:31,461 [INFO] IPUIPlugin:80 - create IPUIPlugin
2023-10-17 13:50:31,461 [INFO] PluginManager:220 - loadIPPluginJar : add opamp
2023-10-17 13:50:31,463 [INFO] IPUIPlugin:80 - create IPUIPlugin
2023-10-17 13:50:31,463 [INFO] PluginManager:220 - loadIPPluginJar : add i3c
2023-10-17 13:50:31,465 [INFO] IPUIPlugin:80 - create IPUIPlugin
2023-10-17 13:50:31,465 [INFO] PluginManager:220 - loadIPPluginJar : add touchsensing
2023-10-17 13:50:31,468 [INFO] IPUIPlugin:80 - create IPUIPlugin
2023-10-17 13:50:31,468 [INFO] PluginManager:220 - loadIPPluginJar : add i2c
2023-10-17 13:50:31,470 [INFO] IPUIPlugin:80 - create IPUIPlugin
2023-10-17 13:50:31,471 [INFO] PluginManager:220 - loadIPPluginJar : add resmgrutility
2023-10-17 13:50:31,472 [INFO] IPUIPlugin:80 - create IPUIPlugin
2023-10-17 13:50:31,472 [INFO] PluginManager:220 - loadIPPluginJar : add sai
2023-10-17 13:50:31,474 [INFO] IPUIPlugin:80 - create IPUIPlugin
2023-10-17 13:50:31,474 [INFO] PluginManager:220 - loadIPPluginJar : add usbx
2023-10-17 13:50:31,594 [INFO] CADModel:165 - CPN selected for project level
2023-10-17 13:50:31,596 [INFO] CADModel:114 - Register for checkConnection events
2023-10-17 13:50:31,598 [FATAL] Updater:308 - Updater called before beeing initialized
2023-10-17 13:50:31,598 [ERROR] CADModel:125 - Updater not yet initialized, retry later 
2023-10-17 13:50:31,843 [INFO] CADModel:165 - CPN selected for project level
2023-10-17 13:50:31,843 [INFO] CADModel:114 - Register for checkConnection events
2023-10-17 13:50:31,843 [FATAL] Updater:308 - Updater called before beeing initialized
2023-10-17 13:50:31,844 [ERROR] CADModel:125 - Updater not yet initialized, retry later 
2023-10-17 13:50:31,846 [FATAL] Updater:308 - Updater called before beeing initialized
2023-10-17 13:50:31,986 [FATAL] Updater:308 - Updater called before beeing initialized
2023-10-17 13:50:32,000 [INFO] DbMcusAds:53 - JSON generation date=Tue Mar 07 10:50:55 SAST 2023 (1678179055114)
2023-10-17 13:50:32,000 [FATAL] Updater:308 - Updater called before beeing initialized
2023-10-17 13:50:32,052 [WARN] DetailPanel:346 - Failed to get advertising image, set to default
2023-10-17 13:50:32,125 [FATAL] Updater:308 - Updater called before beeing initialized
2023-10-17 13:50:32,127 [FATAL] Updater:308 - Updater called before beeing initialized
2023-10-17 13:50:32,127 [FATAL] Updater:308 - Updater called before beeing initialized
2023-10-17 13:50:32,127 [WARN] DetailPanel:346 - Failed to get advertising image, set to default
2023-10-17 13:50:32,128 [FATAL] Updater:308 - Updater called before beeing initialized
2023-10-17 13:50:32,212 [ERROR] Updater:1120 - MainUpdater not yet initialized. External WinMGr cannot be set.
2023-10-17 13:50:32,244 [INFO] Updater:1056 - Updater Version found : 6.9.1
2023-10-17 13:50:32,257 [INFO] ApplicationProperties:184 - Using Application install path: /Applications/STM32CubeIDE.app/Contents/Eclipse/plugins/com.st.stm32cube.common.mx_6.9.1.202307191849
2023-10-17 13:50:32,441 [INFO] MainUpdater:2868 - connection check result : 10
2023-10-17 13:50:32,442 [INFO] MainUpdater:285 - Updater Check For Update Now.
2023-10-17 13:50:32,442 [INFO] MicroXplorer:498 - Change Database Version : DB.6.0.91
2023-10-17 13:50:32,450 [INFO] McuFinderGlobals:63 - Set McuFinder mode to 2 (CubeIDE integrated)
2023-10-17 13:50:32,451 [INFO] UserAuth:179 - activating auth plugin
2023-10-17 13:50:32,458 [INFO] UserAuth:393 - Internet connection configuration mode: 1
2023-10-17 13:50:32,474 [INFO] JxBrowserEngine:151 - Initiate JxBrowser Engine with user profile folder
2023-10-17 13:50:32,691 [INFO] CheckServerUpdateThread:120 - End of CheckServer Thread
2023-10-17 13:50:34,008 [WARN] PackLoader:240 - Cannot read IP mode file for STMicroelectronics.X-CUBE-SMBUS.2.1.0
2023-10-17 13:50:34,075 [WARN] PackLoader:240 - Cannot read IP mode file for STMicroelectronics.X-CUBE-AZRTOS-F7.1.1.0
2023-10-17 13:50:34,109 [WARN] PackLoader:240 - Cannot read IP mode file for STMicroelectronics.FP-SNS-MOTENV1.4.3.2
2023-10-17 13:50:34,136 [WARN] PackLoader:240 - Cannot read IP mode file for STMicroelectronics.X-CUBE-DISPLAY.3.0.0
2023-10-17 13:50:34,190 [WARN] PackLoader:240 - Cannot read IP mode file for emotas.I-CUBE-CANOPEN.1.3.0
2023-10-17 13:50:34,202 [WARN] PackLoader:240 - Cannot read IP mode file for STMicroelectronics.X-CUBE-TOUCHGFX.4.22.0
2023-10-17 13:50:34,208 [WARN] PackLoader:240 - Cannot read IP mode file for STMicroelectronics.X-CUBE-TOUCHGFX.4.22.1
2023-10-17 13:50:34,218 [WARN] PackLoader:240 - Cannot read IP mode file for STMicroelectronics.FP-SNS-SMARTAG2.1.2.0
2023-10-17 13:50:34,235 [INFO] LogOutputStream:77 - [STDOUT_REDIRECT] 1 : Invalid condition id : UX_CORESTACK_Condition cause : null
2023-10-17 13:50:34,238 [INFO] LogOutputStream:77 - [STDOUT_REDIRECT] 1 : Invalid condition id : UX_CORESTACK_Condition cause : null
2023-10-17 13:50:34,238 [INFO] LogOutputStream:77 - [STDOUT_REDIRECT] 1 : Invalid condition id : UX_CORESTACK_Condition cause : null
2023-10-17 13:50:34,238 [INFO] LogOutputStream:77 - [STDOUT_REDIRECT] 1 : Invalid condition id : UX_CORESTACK_Condition cause : null
2023-10-17 13:50:34,238 [INFO] LogOutputStream:77 - [STDOUT_REDIRECT] 1 : Invalid condition id : UX_CORESTACK_Condition cause : null
2023-10-17 13:50:34,254 [WARN] PackLoader:240 - Cannot read IP mode file for STMicroelectronics.X-CUBE-AZRTOS-WL.2.0.0
2023-10-17 13:50:34,276 [WARN] PackLoader:240 - Cannot read IP mode file for WES.I-CUBE-Cesium.1.3.0
2023-10-17 13:50:34,294 [WARN] PackLoader:240 - Cannot read IP mode file for STMicroelectronics.X-CUBE-BLE2.3.3.0
2023-10-17 13:50:34,315 [WARN] PackLoader:240 - Cannot read IP mode file for STMicroelectronics.X-CUBE-ALGOBUILD.1.3.0
2023-10-17 13:50:34,359 [WARN] PackLoader:240 - Cannot read IP mode file for STMicroelectronics.X-CUBE-AZRTOS-G0.1.1.0
2023-10-17 13:50:34,378 [WARN] PackLoader:240 - Cannot read IP mode file for STMicroelectronics.X-CUBE-NFC4.3.0.0
2023-10-17 13:50:34,392 [WARN] PackLoader:240 - Cannot read IP mode file for STMicroelectronics.FP-ATR-SIGFOX1.3.2.0
2023-10-17 13:50:34,510 [WARN] PackLoader:240 - Cannot read IP mode file for SEGGER.I-CUBE-embOS.1.3.1
2023-10-17 13:50:34,616 [WARN] PackLoader:240 - Cannot read IP mode file for STMicroelectronics.X-CUBE-GNSS1.6.0.0
2023-10-17 13:50:34,647 [WARN] PackLoader:240 - Cannot read IP mode file for STMicroelectronics.X-CUBE-AZRTOS-F4.1.1.0
2023-10-17 13:50:34,659 [WARN] PackLoader:240 - Cannot read IP mode file for wolfSSL.I-CUBE-wolfSSL.5.6.3
2023-10-17 13:50:34,689 [WARN] PackLoader:240 - Cannot read IP mode file for STMicroelectronics.X-CUBE-AZRTOS-L5.2.0.0
2023-10-17 13:50:34,791 [WARN] PackLoader:240 - Cannot read IP mode file for STMicroelectronics.X-CUBE-MEMS1.9.6.0
2023-10-17 13:50:34,948 [WARN] PackLoader:240 - Cannot read IP mode file for ITTIA_DB.I-CUBE-ITTIADB.8.8.0
2023-10-17 13:50:34,971 [WARN] PackLoader:240 - Cannot read IP mode file for STMicroelectronics.X-CUBE-BLEMGR.2.0.0
2023-10-17 13:50:35,019 [WARN] ConditionMgr:438 - getConditionDescription Invalid condition id : UX DEVICE CLASS RTOS Condition cause : null
2023-10-17 13:50:35,020 [WARN] ConditionMgr:438 - getConditionDescription Invalid condition id : UX DEVICE CLASS RTOS Condition cause : null
2023-10-17 13:50:35,026 [WARN] PackLoader:240 - Cannot read IP mode file for STMicroelectronics.X-CUBE-AZRTOS-H7.3.1.0
2023-10-17 13:50:35,029 [WARN] ConditionMgr:1039 - genDependencies : Invalid condition id : UX DEVICE CLASS RTOS Condition cause : null
2023-10-17 13:50:35,030 [WARN] ConditionMgr:1039 - genDependencies : Invalid condition id : UX DEVICE CLASS RTOS Condition cause : null
2023-10-17 13:50:35,031 [WARN] ConditionMgr:1039 - genDependencies : Invalid condition id : UX DEVICE CLASS RTOS Condition cause : null
2023-10-17 13:50:35,031 [WARN] ConditionMgr:1039 - genDependencies : Invalid condition id : UX DEVICE CLASS RTOS Condition cause : null
2023-10-17 13:50:35,032 [WARN] ConditionMgr:1039 - genDependencies : Invalid condition id : UX DEVICE CLASS RTOS Condition cause : null
2023-10-17 13:50:35,045 [WARN] PackLoader:240 - Cannot read IP mode file for STMicroelectronics.X-CUBE-NFC7.1.0.1
2023-10-17 13:50:35,062 [WARN] PackLoader:240 - Cannot read IP mode file for STMicroelectronics.X-CUBE-NFC6.3.0.0
2023-10-17 13:50:35,075 [WARN] PackLoader:240 - Cannot read IP mode file for STMicroelectronics.X-CUBE-EEPRMA1.4.1.0
2023-10-17 13:50:35,097 [WARN] ConditionMgr:438 - getConditionDescription Invalid condition id : LAN8742 Phy interface Condition cause : null
2023-10-17 13:50:35,099 [WARN] PackLoader:240 - Cannot read IP mode file for STMicroelectronics.X-CUBE-AZRTOS-L4.2.0.0
2023-10-17 13:50:35,102 [WARN] ConditionMgr:1039 - genDependencies : Invalid condition id : LAN8742 Phy interface Condition cause : null
2023-10-17 13:50:35,102 [WARN] ConditionMgr:1039 - genDependencies : Invalid condition id : LAN8742 Phy interface Condition cause : null
2023-10-17 13:50:35,103 [WARN] ConditionMgr:1039 - genDependencies : Invalid condition id : LAN8742 Phy interface Condition cause : null
2023-10-17 13:50:35,131 [WARN] PackLoader:240 - Cannot read IP mode file for STMicroelectronics.X-CUBE-SFXS2LP1.4.0.0
2023-10-17 13:50:35,140 [WARN] PackLoader:240 - Cannot read IP mode file for STMicroelectronics.X-CUBE-ISPU.1.1.0
2023-10-17 13:50:35,155 [WARN] ConditionMgr:438 - getConditionDescription Invalid condition id : UX DEVICE CLASS RTOS Condition cause : null
2023-10-17 13:50:35,155 [WARN] ConditionMgr:438 - getConditionDescription Invalid condition id : UX DEVICE CLASS RTOS Condition cause : null
2023-10-17 13:50:35,159 [WARN] PackLoader:240 - Cannot read IP mode file for STMicroelectronics.X-CUBE-AZRTOS-WB.2.0.0
2023-10-17 13:50:35,160 [WARN] ConditionMgr:1039 - genDependencies : Invalid condition id : UX DEVICE CLASS RTOS Condition cause : null
2023-10-17 13:50:35,161 [WARN] ConditionMgr:1039 - genDependencies : Invalid condition id : UX DEVICE CLASS RTOS Condition cause : null
2023-10-17 13:50:35,162 [WARN] ConditionMgr:1039 - genDependencies : Invalid condition id : UX DEVICE CLASS RTOS Condition cause : null
2023-10-17 13:50:35,162 [WARN] ConditionMgr:1039 - genDependencies : Invalid condition id : UX DEVICE CLASS RTOS Condition cause : null
2023-10-17 13:50:35,162 [WARN] ConditionMgr:1039 - genDependencies : Invalid condition id : UX DEVICE CLASS RTOS Condition cause : null
2023-10-17 13:50:35,176 [WARN] PackLoader:240 - Cannot read IP mode file for STMicroelectronics.X-CUBE-FREERTOS.1.0.1
2023-10-17 13:50:35,188 [WARN] PackLoader:240 - Cannot read IP mode file for STMicroelectronics.X-CUBE-SUBG2.5.0.0
2023-10-17 13:50:35,237 [WARN] PackLoader:240 - Cannot read IP mode file for STMicroelectronics.X-CUBE-AZRTOS-G4.2.0.0
2023-10-17 13:50:35,269 [WARN] PackLoader:240 - Cannot read IP mode file for Infineon.AIROC-Wi-Fi-Bluetooth-STM32.1.5.1
2023-10-17 13:50:35,283 [WARN] PackLoader:240 - Cannot read IP mode file for STMicroelectronics.X-CUBE-FREERTOS.1.1.0
2023-10-17 13:50:35,289 [WARN] PackLoader:240 - Cannot read IP mode file for portGmbH.I-Cube-SoM-uGOAL.1.1.0
2023-10-17 13:50:35,294 [WARN] PackLoader:240 - Cannot read IP mode file for STMicroelectronics.X-CUBE-ALS.1.0.1
2023-10-17 13:50:35,298 [WARN] PackLoader:240 - Cannot read IP mode file for STMicroelectronics.FP-ATR-ASTRA1.2.0.0
2023-10-17 13:50:35,299 [INFO] ThirdParty:978 - Integrity check success = true
2023-10-17 13:50:35,299 [INFO] IntegrityCheckThread:100 - exiting critical section [integrity check]
2023-10-17 13:50:35,299 [INFO] IntegrityCheckThread:103 - End integrity checks thread
2023-10-17 13:50:37,151 [INFO] WebApp:157 - Instantiating new browser for Auth
2023-10-17 13:50:38,501 [INFO] WebApp:753 - Register for checkConnection events
2023-10-17 13:50:38,504 [INFO] WebApp:390 - Apply proxy settings
2023-10-17 13:50:38,525 [INFO] WebApp:455 - Chromium authenticates against System proxy
2023-10-17 13:50:38,690 [INFO] WebApp:188 - Starting web application
2023-10-17 13:50:38,690 [INFO] WebApp:520 - Web application path used /Applications/STM32CubeIDE.app/Contents/Eclipse/plugins/com.st.stm32cube.common.mx_6.9.1.202307191849/db/plugins/mcufinder/reactClient1/index.html
2023-10-17 13:51:02,054 [ERROR] LogOutputStream:75 - [STDERR_REDIRECT] SLF4J: Failed to load class "org.slf4j.impl.StaticLoggerBinder".
2023-10-17 13:51:02,061 [ERROR] LogOutputStream:75 - [STDERR_REDIRECT] SLF4J: Defaulting to no-operation (NOP) logger implementation
2023-10-17 13:51:02,064 [ERROR] LogOutputStream:75 - [STDERR_REDIRECT] SLF4J: See http://www.slf4j.org/codes.html#StaticLoggerBinder for further details.
