2023-10-17 12:30:00,060 [INFO] Activator:176 - 


2023-10-17 12:30:00,063 [INFO] Activator:177 - !SESSION log4j initialized
2023-10-17 12:30:01,667 [ERROR] LogOutputStream:75 - [STDERR_REDIRECT] 
2023-10-17 12:30:02,553 [INFO] LogOutputStream:77 - [STDOUT_REDIRECT] 
2023-10-17 12:30:04,337 [INFO] LogOutputStream:77 - [STDOUT_REDIRECT] 
2023-10-17 12:30:06,316 [INFO] ApplicationProperties:184 - Using Application install path: /Applications/STM32CubeIDE.app/Contents/Eclipse/plugins/com.st.stm32cube.common.mx_6.9.1.202307191849
2023-10-17 12:30:06,332 [INFO] DbMcusXml:78 - Set database path to: /Applications/STM32CubeIDE.app/Contents/Eclipse/plugins/com.st.stm32cube.common.mx_6.9.1.202307191849//db//mcu/
2023-10-17 12:30:06,332 [INFO] ApiDb:274 - Set plugin database path to: /Applications/STM32CubeIDE.app/Contents/Eclipse/plugins/com.st.stm32cube.common.mx_6.9.1.202307191849//db//plugins/boardmanager/
2023-10-17 12:30:06,334 [WARN] ApiDb:259 - Overriding images path with different value:  => /Applications/STM32CubeIDE.app/Contents/Eclipse/plugins/com.st.stm32cube.common.mx_6.9.1.202307191849//db//plugins/mcufinder/images/
2023-10-17 12:30:06,425 [INFO] ApiDb:250 - Set database path to: /Users/josephstewart/.stmcufinder/plugins/mcufinder//mcu/
2023-10-17 12:30:06,427 [INFO] DbMcusAds:125 - Set database path to: /Users/josephstewart/.stmcufinder/plugins/mcufinder//mcu/
2023-10-17 12:30:06,429 [INFO] CrossReferenceDbSqlite:203 - Set database path to: /Users/josephstewart/.stmcufinder/plugins/mcufinder//mcu/cs/
2023-10-17 12:30:06,620 [INFO] RulesReader:64 - Compatibility file has been processed (293 Rules)
2023-10-17 12:30:06,749 [INFO] DbMcusXml:78 - Set database path to: /Applications/STM32CubeIDE.app/Contents/Eclipse/plugins/com.st.stm32cube.common.mx_6.9.1.202307191849//db//mcu/
2023-10-17 12:30:06,751 [INFO] ApiDb:274 - Set plugin database path to: /Applications/STM32CubeIDE.app/Contents/Eclipse/plugins/com.st.stm32cube.common.mx_6.9.1.202307191849//db//plugins/boardmanager/
2023-10-17 12:30:06,753 [INFO] ApiDb:261 - Set plugin images path to: /Applications/STM32CubeIDE.app/Contents/Eclipse/plugins/com.st.stm32cube.common.mx_6.9.1.202307191849//db//plugins/mcufinder/images/
2023-10-17 12:30:06,753 [WARN] DbFile:41 - Overriding database path with different value: /Users/josephstewart/.stmcufinder/plugins/mcufinder/ => /Users/josephstewart/.stmcufinder/plugins/mcufinder
2023-10-17 12:30:06,753 [INFO] ApiDb:250 - Set database path to: /Users/josephstewart/.stmcufinder/plugins/mcufinder//mcu/
2023-10-17 12:30:06,753 [WARN] DbFile:41 - Overriding database path with different value: /Users/josephstewart/.stmcufinder/plugins/mcufinder/ => /Users/josephstewart/.stmcufinder/plugins/mcufinder
2023-10-17 12:30:06,753 [INFO] DbMcusAds:125 - Set database path to: /Users/josephstewart/.stmcufinder/plugins/mcufinder//mcu/
2023-10-17 12:30:06,753 [WARN] DbFile:41 - Overriding database path with different value: /Users/josephstewart/.stmcufinder/plugins/mcufinder/ => /Users/josephstewart/.stmcufinder/plugins/mcufinder
2023-10-17 12:30:06,754 [WARN] DbFile:41 - Overriding database path with different value: /Users/josephstewart/.stmcufinder/plugins/mcufinder/ => /Users/josephstewart/.stmcufinder/plugins/mcufinder
2023-10-17 12:30:06,754 [INFO] CrossReferenceDbSqlite:203 - Set database path to: /Users/josephstewart/.stmcufinder/plugins/mcufinder//mcu/cs/
2023-10-17 12:30:06,869 [INFO] MainPanel:262 - HeapMemory: 281018368
2023-10-17 12:30:06,989 [INFO] DbMcusXml:78 - Set database path to: /Applications/STM32CubeIDE.app/Contents/Eclipse/plugins/com.st.stm32cube.common.mx_6.9.1.202307191849//db//mcu/
2023-10-17 12:30:06,989 [INFO] ApiDb:274 - Set plugin database path to: /Applications/STM32CubeIDE.app/Contents/Eclipse/plugins/com.st.stm32cube.common.mx_6.9.1.202307191849//db//plugins/boardmanager/
2023-10-17 12:30:06,990 [INFO] ApiDb:261 - Set plugin images path to: /Applications/STM32CubeIDE.app/Contents/Eclipse/plugins/com.st.stm32cube.common.mx_6.9.1.202307191849//db//plugins/mcufinder/images/
2023-10-17 12:30:06,991 [WARN] DbFile:41 - Overriding database path with different value: /Users/josephstewart/.stmcufinder/plugins/mcufinder/ => /Users/josephstewart/.stmcufinder/plugins/mcufinder
2023-10-17 12:30:06,991 [INFO] ApiDb:250 - Set database path to: /Users/josephstewart/.stmcufinder/plugins/mcufinder//mcu/
2023-10-17 12:30:06,991 [WARN] DbFile:41 - Overriding database path with different value: /Users/josephstewart/.stmcufinder/plugins/mcufinder/ => /Users/josephstewart/.stmcufinder/plugins/mcufinder
2023-10-17 12:30:06,991 [INFO] DbMcusAds:125 - Set database path to: /Users/josephstewart/.stmcufinder/plugins/mcufinder//mcu/
2023-10-17 12:30:06,991 [WARN] DbFile:41 - Overriding database path with different value: /Users/josephstewart/.stmcufinder/plugins/mcufinder/ => /Users/josephstewart/.stmcufinder/plugins/mcufinder
2023-10-17 12:30:06,991 [WARN] DbFile:41 - Overriding database path with different value: /Users/josephstewart/.stmcufinder/plugins/mcufinder/ => /Users/josephstewart/.stmcufinder/plugins/mcufinder
2023-10-17 12:30:06,991 [INFO] CrossReferenceDbSqlite:203 - Set database path to: /Users/josephstewart/.stmcufinder/plugins/mcufinder//mcu/cs/
2023-10-17 12:30:07,013 [INFO] ApplicationProperties:184 - Using Application install path: /Applications/STM32CubeIDE.app/Contents/Eclipse/plugins/com.st.stm32cube.common.mx_6.9.1.202307191849
2023-10-17 12:30:07,016 [INFO] PluginManage:196 - Search for loadable plugins [exclusion list=, ]
2023-10-17 12:30:07,021 [INFO] PluginManage:310 - Check plugin analytics
2023-10-17 12:30:07,281 [INFO] AnalyticsPlugin:253 - Accepted Software Licenses: 
2023-10-17 12:30:07,281 [INFO] AnalyticsPlugin:255 - Accepted CMSIS Pack Licenses: 
2023-10-17 12:30:07,281 [INFO] AnalyticsPlugin:257 - Accepted Firmware Licenses: 
2023-10-17 12:30:07,341 [INFO] PluginManage:359 - Loaded plugin analytics (category:tool,tabindex:-1)
2023-10-17 12:30:07,343 [INFO] PluginManage:310 - Check plugin cadmodel
2023-10-17 12:30:07,879 [INFO] CADModel:105 - Init CAD model plugin
2023-10-17 12:30:07,880 [INFO] PluginManage:359 - Loaded plugin cadmodel (category:power,tabindex:5)
2023-10-17 12:30:07,881 [INFO] PluginManage:310 - Check plugin clock
2023-10-17 12:30:07,913 [INFO] PluginManage:359 - Loaded plugin clock (category:base,tabindex:2)
2023-10-17 12:30:07,913 [INFO] PluginManage:310 - Check plugin ddr
2023-10-17 12:30:07,916 [INFO] PluginManage:359 - Loaded plugin ddr (category:tool,tabindex:6)
2023-10-17 12:30:07,916 [INFO] PluginManage:310 - Check plugin filemanager
2023-10-17 12:30:08,117 [INFO] PluginManage:359 - Loaded plugin filemanager (category:base,tabindex:10)
2023-10-17 12:30:08,119 [INFO] PluginManage:310 - Check plugin ipmanager
2023-10-17 12:30:08,143 [INFO] PluginManage:359 - Loaded plugin ipmanager (category:base,tabindex:5)
2023-10-17 12:30:08,144 [INFO] PluginManage:310 - Check plugin lpbam
2023-10-17 12:30:08,165 [INFO] PluginManage:359 - Loaded plugin lpbam (category:base,tabindex:0)
2023-10-17 12:30:08,165 [INFO] PluginManage:310 - Check plugin memorymap
2023-10-17 12:30:08,187 [INFO] PluginManage:359 - Loaded plugin memorymap (category:base,tabindex:4)
2023-10-17 12:30:08,188 [INFO] PluginManage:310 - Check plugin pinoutandconfiguration
2023-10-17 12:30:08,193 [INFO] PluginManage:359 - Loaded plugin pinoutandconfiguration (category:base,tabindex:1)
2023-10-17 12:30:08,194 [INFO] PluginManage:310 - Check plugin pinoutconfig
2023-10-17 12:30:08,302 [WARN] SupportedApi:132 - Cannot load RTOS API schema: s4s-elt-must-match.1: The content of 'definitions' must match (annotation?, (simpleType | complexType)?, (unique | key | keyref)*)). A problem was found starting at: attribute.
2023-10-17 12:30:08,620 [INFO] PluginManage:359 - Loaded plugin pinoutconfig (category:base,tabindex:0)
2023-10-17 12:30:08,621 [INFO] PluginManage:310 - Check plugin power
2023-10-17 12:30:08,638 [INFO] PluginManage:359 - Loaded plugin power (category:power,tabindex:4)
2023-10-17 12:30:08,639 [INFO] PluginManage:310 - Check plugin projectmanager
2023-10-17 12:30:08,669 [INFO] PluginManage:359 - Loaded plugin projectmanager (category:projectmanager,tabindex:3)
2023-10-17 12:30:08,670 [INFO] PluginManage:310 - Check plugin thirdparty
2023-10-17 12:30:08,812 [INFO] PluginManage:359 - Loaded plugin thirdparty (category:base,tabindex:-1)
2023-10-17 12:30:08,812 [INFO] PluginManage:310 - Check plugin tools
2023-10-17 12:30:08,812 [WARN] IntegrityCheckThread:84 - waiting for thirdparty lock release [integrity check]
2023-10-17 12:30:08,814 [INFO] IntegrityCheckThread:86 - entering critical section [integrity check]
2023-10-17 12:30:08,815 [INFO] ThirdPartyUpdaterWithRetryManager:70 - Updater plugin not ready yet. [1/15]
2023-10-17 12:30:08,815 [INFO] PluginManage:359 - Loaded plugin tools (category:base,tabindex:7)
2023-10-17 12:30:08,816 [INFO] PluginManage:310 - Check plugin tutovideos
2023-10-17 12:30:08,960 [INFO] PluginManage:359 - Loaded plugin tutovideos (category:base,tabindex:-1)
2023-10-17 12:30:08,961 [INFO] PluginManage:310 - Check plugin updater
2023-10-17 12:30:08,977 [INFO] PluginManage:359 - Loaded plugin updater (category:base,tabindex:12)
2023-10-17 12:30:08,977 [INFO] PluginManage:310 - Check plugin userauth
2023-10-17 12:30:08,982 [INFO] UserAuth:113 - Init User Auth plugin
2023-10-17 12:30:08,982 [INFO] PluginManage:359 - Loaded plugin userauth (category:base,tabindex:14)
2023-10-17 12:30:08,983 [INFO] PluginManage:283 - PluginManage : Loaded plugins [17]
2023-10-17 12:30:09,220 [INFO] PinOutPanel:1499 - setPackage(No Configuration,No Configuration)
2023-10-17 12:30:09,314 [INFO] CADModel:165 - CPN selected for project level
2023-10-17 12:30:09,314 [INFO] CADModel:114 - Register for checkConnection events
2023-10-17 12:30:09,324 [INFO] IPUIPlugin:80 - create IPUIPlugin
2023-10-17 12:30:09,324 [INFO] PluginManager:220 - loadIPPluginJar : add mdma
2023-10-17 12:30:09,330 [INFO] IPUIPlugin:80 - create IPUIPlugin
2023-10-17 12:30:09,330 [INFO] PluginManager:220 - loadIPPluginJar : add freertos
2023-10-17 12:30:09,333 [INFO] IPUIPlugin:80 - create IPUIPlugin
2023-10-17 12:30:09,333 [INFO] PluginManager:220 - loadIPPluginJar : add gic
2023-10-17 12:30:09,338 [INFO] IPUIPlugin:80 - create IPUIPlugin
2023-10-17 12:30:09,338 [INFO] PluginManager:220 - loadIPPluginJar : add adc
2023-10-17 12:30:09,340 [INFO] IPUIPlugin:80 - create IPUIPlugin
2023-10-17 12:30:09,340 [INFO] PluginManager:220 - loadIPPluginJar : add gtzc
2023-10-17 12:30:09,341 [INFO] IPUIPlugin:80 - create IPUIPlugin
2023-10-17 12:30:09,341 [INFO] PluginManager:220 - loadIPPluginJar : add quadspi
2023-10-17 12:30:09,343 [INFO] IPUIPlugin:80 - create IPUIPlugin
2023-10-17 12:30:09,343 [INFO] PluginManager:220 - loadIPPluginJar : add aes
2023-10-17 12:30:09,345 [INFO] IPUIPlugin:80 - create IPUIPlugin
2023-10-17 12:30:09,345 [INFO] PluginManager:220 - loadIPPluginJar : add pdm2pcm
2023-10-17 12:30:09,346 [INFO] IPUIPlugin:80 - create IPUIPlugin
2023-10-17 12:30:09,346 [INFO] PluginManager:220 - loadIPPluginJar : add hash
2023-10-17 12:30:09,347 [INFO] IPUIPlugin:80 - create IPUIPlugin
2023-10-17 12:30:09,347 [INFO] PluginManager:220 - loadIPPluginJar : add tim
2023-10-17 12:30:09,348 [INFO] IPUIPlugin:80 - create IPUIPlugin
2023-10-17 12:30:09,348 [INFO] PluginManager:220 - loadIPPluginJar : add tsc
2023-10-17 12:30:09,349 [INFO] IPUIPlugin:80 - create IPUIPlugin
2023-10-17 12:30:09,349 [INFO] PluginManager:220 - loadIPPluginJar : add ts
2023-10-17 12:30:09,350 [INFO] IPUIPlugin:80 - create IPUIPlugin
2023-10-17 12:30:09,350 [INFO] PluginManager:220 - loadIPPluginJar : add can
2023-10-17 12:30:09,352 [INFO] IPUIPlugin:80 - create IPUIPlugin
2023-10-17 12:30:09,352 [INFO] PluginManager:220 - loadIPPluginJar : add dma3
2023-10-17 12:30:09,353 [INFO] IPUIPlugin:80 - create IPUIPlugin
2023-10-17 12:30:09,353 [INFO] PluginManager:220 - loadIPPluginJar : add dfsdm
2023-10-17 12:30:09,354 [INFO] IPUIPlugin:80 - create IPUIPlugin
2023-10-17 12:30:09,354 [INFO] PluginManager:220 - loadIPPluginJar : add spi
2023-10-17 12:30:09,355 [INFO] IPUIPlugin:80 - create IPUIPlugin
2023-10-17 12:30:09,355 [INFO] PluginManager:220 - loadIPPluginJar : add gfxmmu
2023-10-17 12:30:09,356 [INFO] IPUIPlugin:80 - create IPUIPlugin
2023-10-17 12:30:09,356 [INFO] PluginManager:220 - loadIPPluginJar : add genericplugin
2023-10-17 12:30:09,357 [INFO] IPUIPlugin:80 - create IPUIPlugin
2023-10-17 12:30:09,357 [INFO] PluginManager:220 - loadIPPluginJar : add cryp
2023-10-17 12:30:09,360 [INFO] IPUIPlugin:80 - create IPUIPlugin
2023-10-17 12:30:09,360 [INFO] PluginManager:220 - loadIPPluginJar : add gpio
2023-10-17 12:30:09,363 [INFO] IPUIPlugin:80 - create IPUIPlugin
2023-10-17 12:30:09,363 [INFO] PluginManager:220 - loadIPPluginJar : add comp
2023-10-17 12:30:09,365 [INFO] IPUIPlugin:80 - create IPUIPlugin
2023-10-17 12:30:09,365 [INFO] PluginManager:220 - loadIPPluginJar : add tracer_emb
2023-10-17 12:30:09,367 [INFO] IPUIPlugin:80 - create IPUIPlugin
2023-10-17 12:30:09,367 [INFO] PluginManager:220 - loadIPPluginJar : add openamp
2023-10-17 12:30:09,371 [INFO] IPUIPlugin:80 - create IPUIPlugin
2023-10-17 12:30:09,371 [INFO] PluginManager:220 - loadIPPluginJar : add stm32_wpan
2023-10-17 12:30:09,374 [INFO] IPUIPlugin:80 - create IPUIPlugin
2023-10-17 12:30:09,377 [INFO] PluginManager:220 - loadIPPluginJar : add plateformsettings
2023-10-17 12:30:09,381 [INFO] IPUIPlugin:80 - create IPUIPlugin
2023-10-17 12:30:09,381 [INFO] PluginManager:220 - loadIPPluginJar : add ipddr
2023-10-17 12:30:09,383 [INFO] IPUIPlugin:80 - create IPUIPlugin
2023-10-17 12:30:09,383 [INFO] PluginManager:220 - loadIPPluginJar : add usart
2023-10-17 12:30:09,384 [INFO] IPUIPlugin:80 - create IPUIPlugin
2023-10-17 12:30:09,384 [INFO] PluginManager:220 - loadIPPluginJar : add ltdc
2023-10-17 12:30:09,386 [INFO] IPUIPlugin:80 - create IPUIPlugin
2023-10-17 12:30:09,386 [INFO] PluginManager:220 - loadIPPluginJar : add nvic
2023-10-17 12:30:09,387 [INFO] IPUIPlugin:80 - create IPUIPlugin
2023-10-17 12:30:09,387 [INFO] PluginManager:220 - loadIPPluginJar : add fatfs
2023-10-17 12:30:09,391 [INFO] IPUIPlugin:80 - create IPUIPlugin
2023-10-17 12:30:09,391 [INFO] PluginManager:220 - loadIPPluginJar : add linkedlist
2023-10-17 12:30:09,395 [INFO] IPUIPlugin:80 - create IPUIPlugin
2023-10-17 12:30:09,395 [INFO] PluginManager:220 - loadIPPluginJar : add dma
2023-10-17 12:30:09,397 [INFO] IPUIPlugin:80 - create IPUIPlugin
2023-10-17 12:30:09,398 [INFO] PluginManager:220 - loadIPPluginJar : add fmc
2023-10-17 12:30:09,399 [INFO] IPUIPlugin:80 - create IPUIPlugin
2023-10-17 12:30:09,399 [INFO] PluginManager:220 - loadIPPluginJar : add i2s
2023-10-17 12:30:09,399 [INFO] IPUIPlugin:80 - create IPUIPlugin
2023-10-17 12:30:09,399 [INFO] PluginManager:220 - loadIPPluginJar : add ucpd
2023-10-17 12:30:09,401 [INFO] IPUIPlugin:80 - create IPUIPlugin
2023-10-17 12:30:09,401 [INFO] PluginManager:220 - loadIPPluginJar : add lorawan
2023-10-17 12:30:09,403 [INFO] IPUIPlugin:80 - create IPUIPlugin
2023-10-17 12:30:09,403 [INFO] PluginManager:220 - loadIPPluginJar : add opamp
2023-10-17 12:30:09,405 [INFO] IPUIPlugin:80 - create IPUIPlugin
2023-10-17 12:30:09,405 [INFO] PluginManager:220 - loadIPPluginJar : add i3c
2023-10-17 12:30:09,406 [INFO] IPUIPlugin:80 - create IPUIPlugin
2023-10-17 12:30:09,406 [INFO] PluginManager:220 - loadIPPluginJar : add touchsensing
2023-10-17 12:30:09,408 [INFO] IPUIPlugin:80 - create IPUIPlugin
2023-10-17 12:30:09,408 [INFO] PluginManager:220 - loadIPPluginJar : add i2c
2023-10-17 12:30:09,410 [INFO] IPUIPlugin:80 - create IPUIPlugin
2023-10-17 12:30:09,411 [INFO] PluginManager:220 - loadIPPluginJar : add resmgrutility
2023-10-17 12:30:09,413 [INFO] IPUIPlugin:80 - create IPUIPlugin
2023-10-17 12:30:09,414 [INFO] PluginManager:220 - loadIPPluginJar : add sai
2023-10-17 12:30:09,415 [INFO] IPUIPlugin:80 - create IPUIPlugin
2023-10-17 12:30:09,415 [INFO] PluginManager:220 - loadIPPluginJar : add usbx
2023-10-17 12:30:09,534 [INFO] CADModel:165 - CPN selected for project level
2023-10-17 12:30:09,534 [INFO] CADModel:114 - Register for checkConnection events
2023-10-17 12:30:09,534 [FATAL] Updater:308 - Updater called before beeing initialized
2023-10-17 12:30:09,534 [ERROR] CADModel:125 - Updater not yet initialized, retry later 
2023-10-17 12:30:09,743 [INFO] CADModel:165 - CPN selected for project level
2023-10-17 12:30:09,744 [INFO] CADModel:114 - Register for checkConnection events
2023-10-17 12:30:09,744 [FATAL] Updater:308 - Updater called before beeing initialized
2023-10-17 12:30:09,744 [ERROR] CADModel:125 - Updater not yet initialized, retry later 
2023-10-17 12:30:09,747 [FATAL] Updater:308 - Updater called before beeing initialized
2023-10-17 12:30:09,877 [FATAL] Updater:308 - Updater called before beeing initialized
2023-10-17 12:30:09,890 [INFO] DbMcusAds:53 - JSON generation date=Thu Sep 30 08:55:09 SAST 2021 (1632984909247)
2023-10-17 12:30:09,890 [FATAL] Updater:308 - Updater called before beeing initialized
2023-10-17 12:30:09,941 [WARN] DetailPanel:346 - Failed to get advertising image, set to default
2023-10-17 12:30:10,013 [FATAL] Updater:308 - Updater called before beeing initialized
2023-10-17 12:30:10,015 [FATAL] Updater:308 - Updater called before beeing initialized
2023-10-17 12:30:10,015 [FATAL] Updater:308 - Updater called before beeing initialized
2023-10-17 12:30:10,015 [WARN] DetailPanel:346 - Failed to get advertising image, set to default
2023-10-17 12:30:10,016 [FATAL] Updater:308 - Updater called before beeing initialized
2023-10-17 12:30:10,087 [ERROR] Updater:1120 - MainUpdater not yet initialized. External WinMGr cannot be set.
2023-10-17 12:30:10,126 [INFO] Updater:1056 - Updater Version found : 6.9.1
2023-10-17 12:30:10,139 [INFO] ApplicationProperties:184 - Using Application install path: /Applications/STM32CubeIDE.app/Contents/Eclipse/plugins/com.st.stm32cube.common.mx_6.9.1.202307191849
2023-10-17 12:30:10,284 [INFO] MainUpdater:2868 - connection check result : 10
2023-10-17 12:30:10,285 [INFO] MainUpdater:285 - Updater Check For Update Now.
2023-10-17 12:30:10,285 [INFO] MicroXplorer:498 - Change Database Version : DB.6.0.91
2023-10-17 12:30:10,292 [INFO] McuFinderGlobals:63 - Set McuFinder mode to 2 (CubeIDE integrated)
2023-10-17 12:30:10,292 [INFO] UserAuth:179 - activating auth plugin
2023-10-17 12:30:10,302 [INFO] UserAuth:393 - Internet connection configuration mode: 1
2023-10-17 12:30:10,313 [INFO] JxBrowserEngine:151 - Initiate JxBrowser Engine with user profile folder
2023-10-17 12:30:10,545 [INFO] CheckServerUpdateThread:120 - End of CheckServer Thread
2023-10-17 12:30:12,026 [WARN] PackLoader:240 - Cannot read IP mode file for STMicroelectronics.X-CUBE-SMBUS.2.1.0
2023-10-17 12:30:12,141 [WARN] PackLoader:240 - Cannot read IP mode file for STMicroelectronics.X-CUBE-AZRTOS-F7.1.1.0
2023-10-17 12:30:12,185 [WARN] PackLoader:240 - Cannot read IP mode file for STMicroelectronics.FP-SNS-MOTENV1.4.3.2
2023-10-17 12:30:12,230 [WARN] PackLoader:240 - Cannot read IP mode file for STMicroelectronics.X-CUBE-DISPLAY.3.0.0
2023-10-17 12:30:12,264 [WARN] PackLoader:240 - Cannot read IP mode file for emotas.I-CUBE-CANOPEN.1.3.0
2023-10-17 12:30:12,283 [WARN] PackLoader:240 - Cannot read IP mode file for STMicroelectronics.X-CUBE-TOUCHGFX.4.22.0
2023-10-17 12:30:12,287 [WARN] PackLoader:240 - Cannot read IP mode file for STMicroelectronics.X-CUBE-TOUCHGFX.4.22.1
2023-10-17 12:30:12,292 [WARN] PackLoader:240 - Cannot read IP mode file for STMicroelectronics.FP-SNS-SMARTAG2.1.2.0
2023-10-17 12:30:12,312 [INFO] LogOutputStream:77 - [STDOUT_REDIRECT] 1 : Invalid condition id : UX_CORESTACK_Condition cause : null
2023-10-17 12:30:12,315 [INFO] LogOutputStream:77 - [STDOUT_REDIRECT] 1 : Invalid condition id : UX_CORESTACK_Condition cause : null
2023-10-17 12:30:12,316 [INFO] LogOutputStream:77 - [STDOUT_REDIRECT] 1 : Invalid condition id : UX_CORESTACK_Condition cause : null
2023-10-17 12:30:12,316 [INFO] LogOutputStream:77 - [STDOUT_REDIRECT] 1 : Invalid condition id : UX_CORESTACK_Condition cause : null
2023-10-17 12:30:12,316 [INFO] LogOutputStream:77 - [STDOUT_REDIRECT] 1 : Invalid condition id : UX_CORESTACK_Condition cause : null
2023-10-17 12:30:12,322 [WARN] PackLoader:240 - Cannot read IP mode file for STMicroelectronics.X-CUBE-AZRTOS-WL.2.0.0
2023-10-17 12:30:12,356 [WARN] PackLoader:240 - Cannot read IP mode file for WES.I-CUBE-Cesium.1.3.0
2023-10-17 12:30:12,372 [WARN] PackLoader:240 - Cannot read IP mode file for STMicroelectronics.X-CUBE-BLE2.3.3.0
2023-10-17 12:30:12,386 [WARN] PackLoader:240 - Cannot read IP mode file for STMicroelectronics.X-CUBE-ALGOBUILD.1.3.0
2023-10-17 12:30:12,422 [WARN] PackLoader:240 - Cannot read IP mode file for STMicroelectronics.X-CUBE-AZRTOS-G0.1.1.0
2023-10-17 12:30:12,442 [WARN] PackLoader:240 - Cannot read IP mode file for STMicroelectronics.X-CUBE-NFC4.3.0.0
2023-10-17 12:30:12,453 [WARN] PackLoader:240 - Cannot read IP mode file for STMicroelectronics.FP-ATR-SIGFOX1.3.2.0
2023-10-17 12:30:12,548 [WARN] PackLoader:240 - Cannot read IP mode file for SEGGER.I-CUBE-embOS.1.3.1
2023-10-17 12:30:12,653 [WARN] PackLoader:240 - Cannot read IP mode file for STMicroelectronics.X-CUBE-GNSS1.6.0.0
2023-10-17 12:30:12,776 [WARN] PackLoader:240 - Cannot read IP mode file for STMicroelectronics.X-CUBE-AZRTOS-F4.1.1.0
2023-10-17 12:30:12,826 [WARN] PackLoader:240 - Cannot read IP mode file for wolfSSL.I-CUBE-wolfSSL.5.6.3
2023-10-17 12:30:12,866 [WARN] PackLoader:240 - Cannot read IP mode file for STMicroelectronics.X-CUBE-AZRTOS-L5.2.0.0
2023-10-17 12:30:12,967 [WARN] PackLoader:240 - Cannot read IP mode file for STMicroelectronics.X-CUBE-MEMS1.9.6.0
2023-10-17 12:30:13,155 [WARN] PackLoader:240 - Cannot read IP mode file for ITTIA_DB.I-CUBE-ITTIADB.8.8.0
2023-10-17 12:30:13,188 [WARN] PackLoader:240 - Cannot read IP mode file for STMicroelectronics.X-CUBE-BLEMGR.2.0.0
2023-10-17 12:30:13,243 [WARN] ConditionMgr:438 - getConditionDescription Invalid condition id : UX DEVICE CLASS RTOS Condition cause : null
2023-10-17 12:30:13,244 [WARN] ConditionMgr:438 - getConditionDescription Invalid condition id : UX DEVICE CLASS RTOS Condition cause : null
2023-10-17 12:30:13,250 [WARN] PackLoader:240 - Cannot read IP mode file for STMicroelectronics.X-CUBE-AZRTOS-H7.3.1.0
2023-10-17 12:30:13,254 [WARN] ConditionMgr:1039 - genDependencies : Invalid condition id : UX DEVICE CLASS RTOS Condition cause : null
2023-10-17 12:30:13,255 [WARN] ConditionMgr:1039 - genDependencies : Invalid condition id : UX DEVICE CLASS RTOS Condition cause : null
2023-10-17 12:30:13,256 [WARN] ConditionMgr:1039 - genDependencies : Invalid condition id : UX DEVICE CLASS RTOS Condition cause : null
2023-10-17 12:30:13,257 [WARN] ConditionMgr:1039 - genDependencies : Invalid condition id : UX DEVICE CLASS RTOS Condition cause : null
2023-10-17 12:30:13,257 [WARN] ConditionMgr:1039 - genDependencies : Invalid condition id : UX DEVICE CLASS RTOS Condition cause : null
2023-10-17 12:30:13,268 [WARN] PackLoader:240 - Cannot read IP mode file for STMicroelectronics.X-CUBE-NFC7.1.0.1
2023-10-17 12:30:13,284 [WARN] PackLoader:240 - Cannot read IP mode file for STMicroelectronics.X-CUBE-NFC6.3.0.0
2023-10-17 12:30:13,306 [WARN] PackLoader:240 - Cannot read IP mode file for STMicroelectronics.X-CUBE-EEPRMA1.4.1.0
2023-10-17 12:30:13,346 [WARN] ConditionMgr:438 - getConditionDescription Invalid condition id : LAN8742 Phy interface Condition cause : null
2023-10-17 12:30:13,347 [WARN] PackLoader:240 - Cannot read IP mode file for STMicroelectronics.X-CUBE-AZRTOS-L4.2.0.0
2023-10-17 12:30:13,351 [WARN] ConditionMgr:1039 - genDependencies : Invalid condition id : LAN8742 Phy interface Condition cause : null
2023-10-17 12:30:13,352 [WARN] ConditionMgr:1039 - genDependencies : Invalid condition id : LAN8742 Phy interface Condition cause : null
2023-10-17 12:30:13,353 [WARN] ConditionMgr:1039 - genDependencies : Invalid condition id : LAN8742 Phy interface Condition cause : null
2023-10-17 12:30:13,365 [WARN] PackLoader:240 - Cannot read IP mode file for STMicroelectronics.X-CUBE-SFXS2LP1.4.0.0
2023-10-17 12:30:13,373 [WARN] PackLoader:240 - Cannot read IP mode file for STMicroelectronics.X-CUBE-ISPU.1.1.0
2023-10-17 12:30:13,385 [WARN] ConditionMgr:438 - getConditionDescription Invalid condition id : UX DEVICE CLASS RTOS Condition cause : null
2023-10-17 12:30:13,386 [WARN] ConditionMgr:438 - getConditionDescription Invalid condition id : UX DEVICE CLASS RTOS Condition cause : null
2023-10-17 12:30:13,390 [WARN] PackLoader:240 - Cannot read IP mode file for STMicroelectronics.X-CUBE-AZRTOS-WB.2.0.0
2023-10-17 12:30:13,391 [WARN] ConditionMgr:1039 - genDependencies : Invalid condition id : UX DEVICE CLASS RTOS Condition cause : null
2023-10-17 12:30:13,392 [WARN] ConditionMgr:1039 - genDependencies : Invalid condition id : UX DEVICE CLASS RTOS Condition cause : null
2023-10-17 12:30:13,392 [WARN] ConditionMgr:1039 - genDependencies : Invalid condition id : UX DEVICE CLASS RTOS Condition cause : null
2023-10-17 12:30:13,393 [WARN] ConditionMgr:1039 - genDependencies : Invalid condition id : UX DEVICE CLASS RTOS Condition cause : null
2023-10-17 12:30:13,393 [WARN] ConditionMgr:1039 - genDependencies : Invalid condition id : UX DEVICE CLASS RTOS Condition cause : null
2023-10-17 12:30:13,408 [WARN] PackLoader:240 - Cannot read IP mode file for STMicroelectronics.X-CUBE-FREERTOS.1.0.1
2023-10-17 12:30:13,423 [WARN] PackLoader:240 - Cannot read IP mode file for STMicroelectronics.X-CUBE-SUBG2.5.0.0
2023-10-17 12:30:13,464 [WARN] PackLoader:240 - Cannot read IP mode file for STMicroelectronics.X-CUBE-AZRTOS-G4.2.0.0
2023-10-17 12:30:13,489 [WARN] PackLoader:240 - Cannot read IP mode file for Infineon.AIROC-Wi-Fi-Bluetooth-STM32.1.5.1
2023-10-17 12:30:13,502 [WARN] PackLoader:240 - Cannot read IP mode file for STMicroelectronics.X-CUBE-FREERTOS.1.1.0
2023-10-17 12:30:13,507 [WARN] PackLoader:240 - Cannot read IP mode file for portGmbH.I-Cube-SoM-uGOAL.1.1.0
2023-10-17 12:30:13,511 [WARN] PackLoader:240 - Cannot read IP mode file for STMicroelectronics.X-CUBE-ALS.1.0.1
2023-10-17 12:30:13,515 [WARN] PackLoader:240 - Cannot read IP mode file for STMicroelectronics.FP-ATR-ASTRA1.2.0.0
2023-10-17 12:30:13,519 [INFO] ThirdParty:978 - Integrity check success = true
2023-10-17 12:30:13,519 [INFO] IntegrityCheckThread:100 - exiting critical section [integrity check]
2023-10-17 12:30:13,519 [INFO] IntegrityCheckThread:103 - End integrity checks thread
2023-10-17 12:30:15,125 [INFO] WebApp:157 - Instantiating new browser for Auth
2023-10-17 12:30:16,302 [INFO] WebApp:753 - Register for checkConnection events
2023-10-17 12:30:16,303 [INFO] WebApp:390 - Apply proxy settings
2023-10-17 12:30:16,313 [INFO] WebApp:455 - Chromium authenticates against System proxy
2023-10-17 12:30:16,484 [INFO] WebApp:188 - Starting web application
2023-10-17 12:30:16,485 [INFO] WebApp:520 - Web application path used /Applications/STM32CubeIDE.app/Contents/Eclipse/plugins/com.st.stm32cube.common.mx_6.9.1.202307191849/db/plugins/mcufinder/reactClient1/index.html
2023-10-17 12:30:38,014 [ERROR] LogOutputStream:75 - [STDERR_REDIRECT] SLF4J: Failed to load class "org.slf4j.impl.StaticLoggerBinder".
2023-10-17 12:30:38,016 [ERROR] LogOutputStream:75 - [STDERR_REDIRECT] SLF4J: Defaulting to no-operation (NOP) logger implementation
2023-10-17 12:30:38,017 [ERROR] LogOutputStream:75 - [STDERR_REDIRECT] SLF4J: See http://www.slf4j.org/codes.html#StaticLoggerBinder for further details.
2023-10-17 12:30:56,251 [INFO] McuFinderGlobals:63 - Set McuFinder mode to 2 (CubeIDE integrated)
2023-10-17 12:30:56,258 [INFO] MainUpdater:2868 - connection check result : 10
2023-10-17 12:30:56,267 [INFO] McuFinderGlobals:76 - Set McuFinderConnectedMode to true
2023-10-17 12:30:57,297 [INFO] ServerAccessManage:473 - Download File mcusAds.json._tmp_
2023-10-17 12:30:57,414 [INFO] LoadUrlFilesThread:156 - End of LoadUrlFiles Thread
2023-10-17 12:30:57,614 [INFO] ServerAccessManage:473 - Download File cube-finder-db.zip
2023-10-17 12:30:59,275 [ERROR] ServerAccessManage:651 - User Cancel Download : cube-finder-db.zip.
2023-10-17 12:30:59,382 [INFO] LoadUrlFilesThread:156 - End of LoadUrlFiles Thread
2023-10-17 12:31:00,870 [INFO] DbMcusAds:53 - JSON generation date=Tue Mar 07 10:50:55 SAST 2023 (1678179055114)
2023-10-17 12:31:00,879 [ERROR] TargetSelectorAdapter:267 - Unable to refresh data
2023-10-17 12:31:02,165 [INFO] ApiDb:581 - Connected to CubeFinder SQLite database (/Users/josephstewart/.stmcufinder/plugins/mcufinder/mcu/cube-finder-db.db)
2023-10-17 12:31:02,218 [INFO] ApiDb:668 - CubeFinder database Data Model version=2.1
2023-10-17 12:31:02,218 [INFO] ApiDb:669 - CubeFinder database Configuration version=3.0.37
2023-10-17 12:31:02,220 [INFO] ApiDb:670 - CubeFinder database generation date=2023-06-26 (1687786131)
2023-10-17 12:31:02,220 [INFO] ApiDb:671 - CubeFinder database FW Pack versions=[FP-ATR-ASTRA1_V2.0.0, FP-SNS-FLIGHT1_V5.0.1, FP-SNS-MOTENV1_V4.3.1, STM32Cube_FW_C0_V1.1.0, STM32Cube_FW_F4_V1.27.1, STM32Cube_FW_F7_V1.17.0, STM32Cube_FW_G0_V1.6.1, STM32Cube_FW_G4_V1.5.1, STM32Cube_FW_H5_V0.5.1, STM32Cube_FW_H5_V1.1.0, STM32Cube_FW_H7_V1.11.0, STM32Cube_FW_L0_V1.12.2, STM32Cube_FW_L5_V1.5.0, STM32Cube_FW_U5_V1.3.0, STM32Cube_FW_U5_V1.3.0RC4, STM32Cube_FW_WBA_V1.0.0RC1, STM32Cube_FW_WBA_V1.1.0, STM32Cube_FW_WBA_V1.1.0RC1, STM32Cube_FW_WB_V1.15.0RC1, STM32Cube_FW_WB_V1.16.0, STM32Cube_FW_WB_V1.16.0RC2, STM32Cube_FW_WB_V1.17.0, STM32Cube_FW_WL_V1.3.0, X-CUBE-ALGOBUILD_V1.3.0, X-CUBE-ALS_V1.0.1, X-CUBE-AZRTOS-F4_V1.1.0, X-CUBE-AZRTOS-F7_V1.1.0, X-CUBE-AZRTOS-G0_V1.1.0, X-CUBE-AZRTOS-G4_V2.0.0, X-CUBE-AZRTOS-H7_V3.1.0, X-CUBE-AZRTOS-L4_V1.0.0, X-CUBE-AZRTOS-L4_V2.0.0, X-CUBE-AZRTOS-L5_V1.1.0, X-CUBE-AZRTOS-WB_V1.1.0, X-CUBE-AZRTOS-WL_V2.0.0, X-CUBE-BLE1_V6.2.4, X-CUBE-BLE2_V3.3.0, X-CUBE-BLEMGR_V2.0.0, X-CUBE-EEPRMA1_V4.1.0, X-CUBE-FREERTOS_V1.0.1, X-CUBE-GNSS1_V6.0.0, X-CUBE-MEMS1_V9.1.0, X-CUBE-MEMS1_V9.4.0, X-CUBE-MEMS1_V9.6.0, X-CUBE-NFC4_V3.0.0, X-CUBE-NFC7_V1.0.0, X-CUBE-SFXS2LP1_V4.0.0, X-CUBE-SUBG2_V5.0.0]
2023-10-17 12:31:02,341 [INFO] DbBoardsSqlite:226 - include board P-NUCLEO-WB55-NUCLEO as a kit item of type 'Nucleo-64'
2023-10-17 12:31:02,342 [INFO] DbBoardsSqlite:226 - include board P-NUCLEO-WB55-USBDONGLE as a kit item of type 'Nucleo USB Dongle'
2023-10-17 12:31:02,343 [INFO] DbBoardsSqlite:226 - include board STEVAL-IDP005V1 as a kit item of type 'Evaluation Board'
2023-10-17 12:31:02,343 [INFO] DbBoardsSqlite:226 - include board STEVAL-IDP005V2 as a kit item of type 'Evaluation Board'
2023-10-17 12:31:02,446 [INFO] ApiDb:240 - Found 323 in-development CPN: [B-G473E-ZEST1S, B-WB1M-WPAN1, B-WL5M-SUBG1, NUCLEO-C031C6, NUCLEO-H503RB, NUCLEO-H563ZI, NUCLEO-U545RE-Q, NUCLEO-U5A5ZJ-Q, NUCLEO-WBA52CG, STEVAL-PROTEUS1, STEVAL-SMARTAG2, STEVAL-STWINBX1, STM320518-EVAL, STM32C0116-DK, STM32C011D6Y3TR, STM32C011D6Y6TR, STM32C011F4P3, STM32C011F4P6, STM32C011F4U3, STM32C011F4U6TR, STM32C011F6P3, STM32C011F6P6, STM32C011F6U3, STM32C011F6U6TR, STM32C011J4M3, STM32C011J4M6, STM32C011J6M3, STM32C011J6M6, STM32C0316-DK, STM32C031C4T3, STM32C031C4T6, STM32C031C4U3, STM32C031C4U6, STM32C031C6T3, STM32C031C6T6, STM32C031C6U3, STM32C031C6U6, STM32C031F4P3, STM32C031F4P6, STM32C031F6P3, STM32C031F6P6, STM32C031G4U3, STM32C031G4U6, STM32C031G6U3, STM32C031G6U6, STM32C031K4T3, STM32C031K4T6, STM32C031K4U3, STM32C031K4U6, STM32C031K6T3, STM32C031K6T6, STM32C031K6U3, STM32C031K6U6, STM32G071K8TXN, STM32G071K8UXN, STM32G081GBU6N, STM32G081KBT6N, STM32G081KBUXN, STM32G0B1CCT6N, STM32G0B1KCT6, STM32G0B1NEY6TR, STM32G0B1RCT6N, STM32G0C1CCT6, STM32G0C1CCT6N, STM32G0C1CCU6N, STM32G0C1CET6N, STM32G0C1CEU6N, STM32G0C1KCT6, STM32G0C1NEY6TR, STM32G0C1RCI6N, STM32G0C1RCT6N, STM32G0C1REI6N, STM32G0C1RET6N, STM32G0C1VCI6, STM32G0C1VEI6, STM32G471CCT6, STM32G471CCU6, STM32G471CET3, STM32G471CET6, STM32G471CEU3, STM32G471CEU6, STM32G471MCT6, STM32G471MET3, STM32G471MET6, STM32G471MEY6TR, STM32G471QCT6, STM32G471QET3, STM32G471RCT6, STM32G471RET3, STM32G471RET6, STM32G471VCH6, STM32G471VCI6, STM32G471VCT6, STM32G471VEH3, STM32G471VEH6, STM32G471VEI3, STM32G471VEI6, STM32G471VET3, STM32G471VET6, STM32G474CCT6, STM32H503CBT6, STM32H503CBU6, STM32H503EBY6TR, STM32H503KBU6, STM32H503RBT6, STM32H562AGI6, STM32H562AII6, STM32H562IGK6, STM32H562IGT6, STM32H562IIK6, STM32H562IIT6, STM32H562RGT6, STM32H562RGV6, STM32H562RIT6, STM32H562RIV6, STM32H562VGT6, STM32H562VIT6, STM32H562ZGT6, STM32H562ZIT6, STM32H563AGI6, STM32H563AII3Q, STM32H563AII6, STM32H563IGK6, STM32H563IGT6, STM32H563IIK3Q, STM32H563IIK6, STM32H563IIT3Q, STM32H563IIT6, STM32H563MIY3QTR, STM32H563RGT6, STM32H563RGV6, STM32H563RIT6, STM32H563RIV6, STM32H563VGT6, STM32H563VIT3Q, STM32H563VIT6, STM32H563ZGT6, STM32H563ZIT3Q, STM32H563ZIT6, STM32H573AII3Q, STM32H573AII6, STM32H573I-DK, STM32H573IIK3Q, STM32H573IIK6, STM32H573IIT3Q, STM32H573IIT6, STM32H573MIY3QTR, STM32H573RIT6, STM32H573RIV6, STM32H573VIT3Q, STM32H573VIT6, STM32H573ZIT3Q, STM32H573ZIT6, STM32L4R5QGI6STR, STM32MP131AAE3, STM32MP131AAF3, STM32MP131AAG3, STM32MP131CAE3, STM32MP131CAF3, STM32MP131CAG3, STM32MP131DAE7, STM32MP131DAF7, STM32MP131DAG7, STM32MP131FAE7, STM32MP131FAF7, STM32MP131FAG7, STM32MP133AAE3, STM32MP133AAF3, STM32MP133AAG3, STM32MP133CAE3, STM32MP133CAF3, STM32MP133CAG3, STM32MP133DAE7, STM32MP133DAF7, STM32MP133DAG7, STM32MP133FAE7, STM32MP133FAF7, STM32MP133FAG7, STM32MP135AAE3, STM32MP135AAF3, STM32MP135AAG3, STM32MP135CAE3, STM32MP135CAF3, STM32MP135CAG3, STM32MP135DAE7, STM32MP135DAF7, STM32MP135DAG7, STM32MP135F-DK, STM32MP135FAE7, STM32MP135FAF7, STM32MP135FAF7T, STM32MP135FAF7U, STM32MP135FAG7, STM32U535CBT6, STM32U535CBT6Q, STM32U535CBU6, STM32U535CBU6Q, STM32U535CCT6, STM32U535CCT6Q, STM32U535CCU6, STM32U535CCU6Q, STM32U535CET6, STM32U535CET6Q, STM32U535CEU6, STM32U535CEU6Q, STM32U535JEY6QTR, STM32U535NCY6QTR, STM32U535NEY6QTR, STM32U535RBI6, STM32U535RBI6Q, STM32U535RBT6, STM32U535RBT6Q, STM32U535RCI6, STM32U535RCI6Q, STM32U535RCT6, STM32U535RCT6Q, STM32U535REI6, STM32U535REI6Q, STM32U535RET6, STM32U535RET6Q, STM32U535VCI6, STM32U535VCI6Q, STM32U535VCT6, STM32U535VCT6Q, STM32U535VEI6, STM32U535VEI6Q, STM32U535VET6, STM32U535VET6Q, STM32U545CET6, STM32U545CET6Q, STM32U545CEU6, STM32U545CEU6Q, STM32U545JEY6QTR, STM32U545NEY6QTR, STM32U545REI6, STM32U545REI6Q, STM32U545RET6, STM32U545RET6Q, STM32U545VEI6, STM32U545VEI6Q, STM32U545VET6, STM32U545VET6Q, STM32U595AIH6, STM32U595AIH6Q, STM32U595AJH6, STM32U595AJH6Q, STM32U595QII6, STM32U595QII6Q, STM32U595QJI6, STM32U595QJI6Q, STM32U595RIT6, STM32U595RIT6Q, STM32U595RJT6, STM32U595RJT6Q, STM32U595VIT6, STM32U595VIT6Q, STM32U595VJT6, STM32U595VJT6Q, STM32U595ZIT6, STM32U595ZIT6Q, STM32U595ZIY6QTR, STM32U595ZJT6, STM32U595ZJT6Q, STM32U595ZJY6QTR, STM32U599BJY6QTR, STM32U599NIH6Q, STM32U599NJH6Q, STM32U599VIT6Q, STM32U599VJT6, STM32U599VJT6Q, STM32U599ZIT6Q, STM32U599ZIY6QTR, STM32U599ZJT6Q, STM32U599ZJY6QTR, STM32U5A5AJH6, STM32U5A5AJH6Q, STM32U5A5QJI6, STM32U5A5QJI6Q, STM32U5A5RJT6, STM32U5A5RJT6Q, STM32U5A5VJT6, STM32U5A5VJT6Q, STM32U5A5ZJT6, STM32U5A5ZJT6Q, STM32U5A5ZJY6QTR, STM32U5A9BJY6QTR, STM32U5A9J-DK, STM32U5A9NJH6Q, STM32U5A9VJT6Q, STM32U5A9ZJT6Q, STM32U5A9ZJY6QTR, STM32U5F7VIT6, STM32U5F7VIT6Q, STM32U5F7VJT6, STM32U5F7VJT6Q, STM32U5F9BJY6QTR, STM32U5F9NJH6Q, STM32U5F9VIT6Q, STM32U5F9VJT6Q, STM32U5F9ZIJ6QTR, STM32U5F9ZIT6Q, STM32U5F9ZJJ6QTR, STM32U5F9ZJT6Q, STM32U5G7VJT6, STM32U5G7VJT6Q, STM32U5G9BJY6QTR, STM32U5G9J-DK1, STM32U5G9J-DK2, STM32U5G9NJH6Q, STM32U5G9VJT6Q, STM32U5G9ZJJ6QTR, STM32U5G9ZJT6Q, STM32WB1MMCH6, STM32WBA52CEU6, STM32WBA52CEU6T, STM32WBA52CGU6, STM32WBA52CGU6T, STM32WBA52KEU6, STM32WBA52KEU6T, STM32WBA52KGU6, STM32WBA52KGU6T, STM32WL5MOCH6, STM32WL5MOCH6TR]
2023-10-17 12:31:02,537 [INFO] BoardInfo:880 - No configuration file found for board P-NUCLEO-WB55
2023-10-17 12:31:02,537 [INFO] DbBoards:157 - Kit is not supported: P-NUCLEO-WB55
2023-10-17 12:31:02,541 [INFO] BoardInfo:880 - No configuration file found for board STEVAL-BFA001V1B
2023-10-17 12:31:02,541 [INFO] DbBoards:157 - Kit is not supported: STEVAL-BFA001V1B
2023-10-17 12:31:02,542 [INFO] BoardInfo:880 - No configuration file found for board STEVAL-BFA001V2B
2023-10-17 12:31:02,542 [INFO] DbBoards:157 - Kit is not supported: STEVAL-BFA001V2B
2023-10-17 12:31:02,653 [INFO] DbBoards:161 - Found 190 boards, 187 are supported
2023-10-17 12:31:02,656 [INFO] ApiDb:668 - CubeFinder database Data Model version=2.1
2023-10-17 12:31:02,656 [INFO] ApiDb:669 - CubeFinder database Configuration version=3.0.37
2023-10-17 12:31:02,656 [INFO] ApiDb:670 - CubeFinder database generation date=2023-06-26 (1687786131)
2023-10-17 12:31:02,656 [INFO] ApiDb:671 - CubeFinder database FW Pack versions=[FP-ATR-ASTRA1_V2.0.0, FP-SNS-FLIGHT1_V5.0.1, FP-SNS-MOTENV1_V4.3.1, STM32Cube_FW_C0_V1.1.0, STM32Cube_FW_F4_V1.27.1, STM32Cube_FW_F7_V1.17.0, STM32Cube_FW_G0_V1.6.1, STM32Cube_FW_G4_V1.5.1, STM32Cube_FW_H5_V0.5.1, STM32Cube_FW_H5_V1.1.0, STM32Cube_FW_H7_V1.11.0, STM32Cube_FW_L0_V1.12.2, STM32Cube_FW_L5_V1.5.0, STM32Cube_FW_U5_V1.3.0, STM32Cube_FW_U5_V1.3.0RC4, STM32Cube_FW_WBA_V1.0.0RC1, STM32Cube_FW_WBA_V1.1.0, STM32Cube_FW_WBA_V1.1.0RC1, STM32Cube_FW_WB_V1.15.0RC1, STM32Cube_FW_WB_V1.16.0, STM32Cube_FW_WB_V1.16.0RC2, STM32Cube_FW_WB_V1.17.0, STM32Cube_FW_WL_V1.3.0, X-CUBE-ALGOBUILD_V1.3.0, X-CUBE-ALS_V1.0.1, X-CUBE-AZRTOS-F4_V1.1.0, X-CUBE-AZRTOS-F7_V1.1.0, X-CUBE-AZRTOS-G0_V1.1.0, X-CUBE-AZRTOS-G4_V2.0.0, X-CUBE-AZRTOS-H7_V3.1.0, X-CUBE-AZRTOS-L4_V1.0.0, X-CUBE-AZRTOS-L4_V2.0.0, X-CUBE-AZRTOS-L5_V1.1.0, X-CUBE-AZRTOS-WB_V1.1.0, X-CUBE-AZRTOS-WL_V2.0.0, X-CUBE-BLE1_V6.2.4, X-CUBE-BLE2_V3.3.0, X-CUBE-BLEMGR_V2.0.0, X-CUBE-EEPRMA1_V4.1.0, X-CUBE-FREERTOS_V1.0.1, X-CUBE-GNSS1_V6.0.0, X-CUBE-MEMS1_V9.1.0, X-CUBE-MEMS1_V9.4.0, X-CUBE-MEMS1_V9.6.0, X-CUBE-NFC4_V3.0.0, X-CUBE-NFC7_V1.0.0, X-CUBE-SFXS2LP1_V4.0.0, X-CUBE-SUBG2_V5.0.0]
2023-10-17 12:31:03,793 [INFO] ApiDb:240 - Found 323 in-development CPN: [B-G473E-ZEST1S, B-WB1M-WPAN1, B-WL5M-SUBG1, NUCLEO-C031C6, NUCLEO-H503RB, NUCLEO-H563ZI, NUCLEO-U545RE-Q, NUCLEO-U5A5ZJ-Q, NUCLEO-WBA52CG, STEVAL-PROTEUS1, STEVAL-SMARTAG2, STEVAL-STWINBX1, STM320518-EVAL, STM32C0116-DK, STM32C011D6Y3TR, STM32C011D6Y6TR, STM32C011F4P3, STM32C011F4P6, STM32C011F4U3, STM32C011F4U6TR, STM32C011F6P3, STM32C011F6P6, STM32C011F6U3, STM32C011F6U6TR, STM32C011J4M3, STM32C011J4M6, STM32C011J6M3, STM32C011J6M6, STM32C0316-DK, STM32C031C4T3, STM32C031C4T6, STM32C031C4U3, STM32C031C4U6, STM32C031C6T3, STM32C031C6T6, STM32C031C6U3, STM32C031C6U6, STM32C031F4P3, STM32C031F4P6, STM32C031F6P3, STM32C031F6P6, STM32C031G4U3, STM32C031G4U6, STM32C031G6U3, STM32C031G6U6, STM32C031K4T3, STM32C031K4T6, STM32C031K4U3, STM32C031K4U6, STM32C031K6T3, STM32C031K6T6, STM32C031K6U3, STM32C031K6U6, STM32G071K8TXN, STM32G071K8UXN, STM32G081GBU6N, STM32G081KBT6N, STM32G081KBUXN, STM32G0B1CCT6N, STM32G0B1KCT6, STM32G0B1NEY6TR, STM32G0B1RCT6N, STM32G0C1CCT6, STM32G0C1CCT6N, STM32G0C1CCU6N, STM32G0C1CET6N, STM32G0C1CEU6N, STM32G0C1KCT6, STM32G0C1NEY6TR, STM32G0C1RCI6N, STM32G0C1RCT6N, STM32G0C1REI6N, STM32G0C1RET6N, STM32G0C1VCI6, STM32G0C1VEI6, STM32G471CCT6, STM32G471CCU6, STM32G471CET3, STM32G471CET6, STM32G471CEU3, STM32G471CEU6, STM32G471MCT6, STM32G471MET3, STM32G471MET6, STM32G471MEY6TR, STM32G471QCT6, STM32G471QET3, STM32G471RCT6, STM32G471RET3, STM32G471RET6, STM32G471VCH6, STM32G471VCI6, STM32G471VCT6, STM32G471VEH3, STM32G471VEH6, STM32G471VEI3, STM32G471VEI6, STM32G471VET3, STM32G471VET6, STM32G474CCT6, STM32H503CBT6, STM32H503CBU6, STM32H503EBY6TR, STM32H503KBU6, STM32H503RBT6, STM32H562AGI6, STM32H562AII6, STM32H562IGK6, STM32H562IGT6, STM32H562IIK6, STM32H562IIT6, STM32H562RGT6, STM32H562RGV6, STM32H562RIT6, STM32H562RIV6, STM32H562VGT6, STM32H562VIT6, STM32H562ZGT6, STM32H562ZIT6, STM32H563AGI6, STM32H563AII3Q, STM32H563AII6, STM32H563IGK6, STM32H563IGT6, STM32H563IIK3Q, STM32H563IIK6, STM32H563IIT3Q, STM32H563IIT6, STM32H563MIY3QTR, STM32H563RGT6, STM32H563RGV6, STM32H563RIT6, STM32H563RIV6, STM32H563VGT6, STM32H563VIT3Q, STM32H563VIT6, STM32H563ZGT6, STM32H563ZIT3Q, STM32H563ZIT6, STM32H573AII3Q, STM32H573AII6, STM32H573I-DK, STM32H573IIK3Q, STM32H573IIK6, STM32H573IIT3Q, STM32H573IIT6, STM32H573MIY3QTR, STM32H573RIT6, STM32H573RIV6, STM32H573VIT3Q, STM32H573VIT6, STM32H573ZIT3Q, STM32H573ZIT6, STM32L4R5QGI6STR, STM32MP131AAE3, STM32MP131AAF3, STM32MP131AAG3, STM32MP131CAE3, STM32MP131CAF3, STM32MP131CAG3, STM32MP131DAE7, STM32MP131DAF7, STM32MP131DAG7, STM32MP131FAE7, STM32MP131FAF7, STM32MP131FAG7, STM32MP133AAE3, STM32MP133AAF3, STM32MP133AAG3, STM32MP133CAE3, STM32MP133CAF3, STM32MP133CAG3, STM32MP133DAE7, STM32MP133DAF7, STM32MP133DAG7, STM32MP133FAE7, STM32MP133FAF7, STM32MP133FAG7, STM32MP135AAE3, STM32MP135AAF3, STM32MP135AAG3, STM32MP135CAE3, STM32MP135CAF3, STM32MP135CAG3, STM32MP135DAE7, STM32MP135DAF7, STM32MP135DAG7, STM32MP135F-DK, STM32MP135FAE7, STM32MP135FAF7, STM32MP135FAF7T, STM32MP135FAF7U, STM32MP135FAG7, STM32U535CBT6, STM32U535CBT6Q, STM32U535CBU6, STM32U535CBU6Q, STM32U535CCT6, STM32U535CCT6Q, STM32U535CCU6, STM32U535CCU6Q, STM32U535CET6, STM32U535CET6Q, STM32U535CEU6, STM32U535CEU6Q, STM32U535JEY6QTR, STM32U535NCY6QTR, STM32U535NEY6QTR, STM32U535RBI6, STM32U535RBI6Q, STM32U535RBT6, STM32U535RBT6Q, STM32U535RCI6, STM32U535RCI6Q, STM32U535RCT6, STM32U535RCT6Q, STM32U535REI6, STM32U535REI6Q, STM32U535RET6, STM32U535RET6Q, STM32U535VCI6, STM32U535VCI6Q, STM32U535VCT6, STM32U535VCT6Q, STM32U535VEI6, STM32U535VEI6Q, STM32U535VET6, STM32U535VET6Q, STM32U545CET6, STM32U545CET6Q, STM32U545CEU6, STM32U545CEU6Q, STM32U545JEY6QTR, STM32U545NEY6QTR, STM32U545REI6, STM32U545REI6Q, STM32U545RET6, STM32U545RET6Q, STM32U545VEI6, STM32U545VEI6Q, STM32U545VET6, STM32U545VET6Q, STM32U595AIH6, STM32U595AIH6Q, STM32U595AJH6, STM32U595AJH6Q, STM32U595QII6, STM32U595QII6Q, STM32U595QJI6, STM32U595QJI6Q, STM32U595RIT6, STM32U595RIT6Q, STM32U595RJT6, STM32U595RJT6Q, STM32U595VIT6, STM32U595VIT6Q, STM32U595VJT6, STM32U595VJT6Q, STM32U595ZIT6, STM32U595ZIT6Q, STM32U595ZIY6QTR, STM32U595ZJT6, STM32U595ZJT6Q, STM32U595ZJY6QTR, STM32U599BJY6QTR, STM32U599NIH6Q, STM32U599NJH6Q, STM32U599VIT6Q, STM32U599VJT6, STM32U599VJT6Q, STM32U599ZIT6Q, STM32U599ZIY6QTR, STM32U599ZJT6Q, STM32U599ZJY6QTR, STM32U5A5AJH6, STM32U5A5AJH6Q, STM32U5A5QJI6, STM32U5A5QJI6Q, STM32U5A5RJT6, STM32U5A5RJT6Q, STM32U5A5VJT6, STM32U5A5VJT6Q, STM32U5A5ZJT6, STM32U5A5ZJT6Q, STM32U5A5ZJY6QTR, STM32U5A9BJY6QTR, STM32U5A9J-DK, STM32U5A9NJH6Q, STM32U5A9VJT6Q, STM32U5A9ZJT6Q, STM32U5A9ZJY6QTR, STM32U5F7VIT6, STM32U5F7VIT6Q, STM32U5F7VJT6, STM32U5F7VJT6Q, STM32U5F9BJY6QTR, STM32U5F9NJH6Q, STM32U5F9VIT6Q, STM32U5F9VJT6Q, STM32U5F9ZIJ6QTR, STM32U5F9ZIT6Q, STM32U5F9ZJJ6QTR, STM32U5F9ZJT6Q, STM32U5G7VJT6, STM32U5G7VJT6Q, STM32U5G9BJY6QTR, STM32U5G9J-DK1, STM32U5G9J-DK2, STM32U5G9NJH6Q, STM32U5G9VJT6Q, STM32U5G9ZJJ6QTR, STM32U5G9ZJT6Q, STM32WB1MMCH6, STM32WBA52CEU6, STM32WBA52CEU6T, STM32WBA52CGU6, STM32WBA52CGU6T, STM32WBA52KEU6, STM32WBA52KEU6T, STM32WBA52KGU6, STM32WBA52KGU6T, STM32WL5MOCH6, STM32WL5MOCH6TR]
2023-10-17 12:31:03,818 [INFO] DbMcus:217 - Found 3848 MCUs, 3848 are supported
2023-10-17 12:31:03,821 [INFO] ApiDb:414 - User favorites file not found: /Users/josephstewart/.stm32cubeide/favorites.mcus.txt
2023-10-17 12:31:03,821 [INFO] DbMcus:223 - Set 0 / 0 favorites MCUs
2023-10-17 12:31:04,022 [INFO] ApiDb:414 - User favorites file not found: /Users/josephstewart/.stm32cubeide/favorites.boards.txt
2023-10-17 12:31:04,023 [INFO] DbBoards:190 - Set 0 / 0 favorites Boards
2023-10-17 12:31:04,024 [INFO] McuFinderGlobals:76 - Set McuFinderConnectedMode to true
2023-10-17 12:31:04,065 [INFO] MultiScanPanel:200 - Auto-refresh data requested => check proxy status ongoing
2023-10-17 12:31:04,068 [INFO] FinderPluginLoader:95 - Searching for filters in installed packs
2023-10-17 12:31:05,915 [INFO] ServerAccessManage:473 - Download File 
2023-10-17 12:31:05,944 [INFO] LoadUrlFilesThread:185 - End of LoadServerUrlFiles without Thread
2023-10-17 12:31:05,999 [INFO] DetailPanel:341 - Set advertising image to /Users/josephstewart/STM32Cube/Repository//en.prom-stm32h5-mcu-finder.jpg
2023-10-17 12:31:12,493 [INFO] McuFinderGlobals:76 - Set McuFinderConnectedMode to true
2023-10-17 12:31:13,641 [INFO] ApiDb:448 - Save user favorites file /Users/josephstewart/.stm32cubeide/favorites.mcus.txt: 0 item(s)
2023-10-17 12:31:13,641 [INFO] ApiDb:452 - User favorites MCUs=[]
2023-10-17 12:33:29,274 [ERROR] LogOutputStream:75 - [STDERR_REDIRECT] 
2023-10-17 12:48:38,726 [INFO] Activator:176 - 


2023-10-17 12:48:38,728 [INFO] Activator:177 - !SESSION log4j initialized
2023-10-17 12:48:41,004 [ERROR] LogOutputStream:75 - [STDERR_REDIRECT] 
2023-10-17 12:48:42,013 [INFO] LogOutputStream:77 - [STDOUT_REDIRECT] 
2023-10-17 12:48:43,814 [INFO] LogOutputStream:77 - [STDOUT_REDIRECT] 
2023-10-17 12:48:45,535 [INFO] ApplicationProperties:184 - Using Application install path: /Applications/STM32CubeIDE.app/Contents/Eclipse/plugins/com.st.stm32cube.common.mx_6.9.1.202307191849
2023-10-17 12:48:45,549 [INFO] DbMcusXml:78 - Set database path to: /Applications/STM32CubeIDE.app/Contents/Eclipse/plugins/com.st.stm32cube.common.mx_6.9.1.202307191849//db//mcu/
2023-10-17 12:48:45,549 [INFO] ApiDb:274 - Set plugin database path to: /Applications/STM32CubeIDE.app/Contents/Eclipse/plugins/com.st.stm32cube.common.mx_6.9.1.202307191849//db//plugins/boardmanager/
2023-10-17 12:48:45,549 [WARN] ApiDb:259 - Overriding images path with different value:  => /Applications/STM32CubeIDE.app/Contents/Eclipse/plugins/com.st.stm32cube.common.mx_6.9.1.202307191849//db//plugins/mcufinder/images/
2023-10-17 12:48:45,562 [INFO] ApiDb:250 - Set database path to: /Users/josephstewart/.stmcufinder/plugins/mcufinder//mcu/
2023-10-17 12:48:45,563 [INFO] DbMcusAds:125 - Set database path to: /Users/josephstewart/.stmcufinder/plugins/mcufinder//mcu/
2023-10-17 12:48:45,565 [INFO] CrossReferenceDbSqlite:203 - Set database path to: /Users/josephstewart/.stmcufinder/plugins/mcufinder//mcu/cs/
2023-10-17 12:48:45,693 [INFO] RulesReader:64 - Compatibility file has been processed (293 Rules)
2023-10-17 12:48:45,759 [INFO] DbMcusXml:78 - Set database path to: /Applications/STM32CubeIDE.app/Contents/Eclipse/plugins/com.st.stm32cube.common.mx_6.9.1.202307191849//db//mcu/
2023-10-17 12:48:45,759 [INFO] ApiDb:274 - Set plugin database path to: /Applications/STM32CubeIDE.app/Contents/Eclipse/plugins/com.st.stm32cube.common.mx_6.9.1.202307191849//db//plugins/boardmanager/
2023-10-17 12:48:45,760 [INFO] ApiDb:261 - Set plugin images path to: /Applications/STM32CubeIDE.app/Contents/Eclipse/plugins/com.st.stm32cube.common.mx_6.9.1.202307191849//db//plugins/mcufinder/images/
2023-10-17 12:48:45,760 [WARN] DbFile:41 - Overriding database path with different value: /Users/josephstewart/.stmcufinder/plugins/mcufinder/ => /Users/josephstewart/.stmcufinder/plugins/mcufinder
2023-10-17 12:48:45,760 [INFO] ApiDb:250 - Set database path to: /Users/josephstewart/.stmcufinder/plugins/mcufinder//mcu/
2023-10-17 12:48:45,760 [WARN] DbFile:41 - Overriding database path with different value: /Users/josephstewart/.stmcufinder/plugins/mcufinder/ => /Users/josephstewart/.stmcufinder/plugins/mcufinder
2023-10-17 12:48:45,761 [INFO] DbMcusAds:125 - Set database path to: /Users/josephstewart/.stmcufinder/plugins/mcufinder//mcu/
2023-10-17 12:48:45,761 [WARN] DbFile:41 - Overriding database path with different value: /Users/josephstewart/.stmcufinder/plugins/mcufinder/ => /Users/josephstewart/.stmcufinder/plugins/mcufinder
2023-10-17 12:48:45,761 [WARN] DbFile:41 - Overriding database path with different value: /Users/josephstewart/.stmcufinder/plugins/mcufinder/ => /Users/josephstewart/.stmcufinder/plugins/mcufinder
2023-10-17 12:48:45,761 [INFO] CrossReferenceDbSqlite:203 - Set database path to: /Users/josephstewart/.stmcufinder/plugins/mcufinder//mcu/cs/
2023-10-17 12:48:45,839 [INFO] MainPanel:262 - HeapMemory: 268435456
2023-10-17 12:48:45,921 [INFO] DbMcusXml:78 - Set database path to: /Applications/STM32CubeIDE.app/Contents/Eclipse/plugins/com.st.stm32cube.common.mx_6.9.1.202307191849//db//mcu/
2023-10-17 12:48:45,921 [INFO] ApiDb:274 - Set plugin database path to: /Applications/STM32CubeIDE.app/Contents/Eclipse/plugins/com.st.stm32cube.common.mx_6.9.1.202307191849//db//plugins/boardmanager/
2023-10-17 12:48:45,921 [INFO] ApiDb:261 - Set plugin images path to: /Applications/STM32CubeIDE.app/Contents/Eclipse/plugins/com.st.stm32cube.common.mx_6.9.1.202307191849//db//plugins/mcufinder/images/
2023-10-17 12:48:45,922 [WARN] DbFile:41 - Overriding database path with different value: /Users/josephstewart/.stmcufinder/plugins/mcufinder/ => /Users/josephstewart/.stmcufinder/plugins/mcufinder
2023-10-17 12:48:45,922 [INFO] ApiDb:250 - Set database path to: /Users/josephstewart/.stmcufinder/plugins/mcufinder//mcu/
2023-10-17 12:48:45,922 [WARN] DbFile:41 - Overriding database path with different value: /Users/josephstewart/.stmcufinder/plugins/mcufinder/ => /Users/josephstewart/.stmcufinder/plugins/mcufinder
2023-10-17 12:48:45,922 [INFO] DbMcusAds:125 - Set database path to: /Users/josephstewart/.stmcufinder/plugins/mcufinder//mcu/
2023-10-17 12:48:45,922 [WARN] DbFile:41 - Overriding database path with different value: /Users/josephstewart/.stmcufinder/plugins/mcufinder/ => /Users/josephstewart/.stmcufinder/plugins/mcufinder
2023-10-17 12:48:45,922 [WARN] DbFile:41 - Overriding database path with different value: /Users/josephstewart/.stmcufinder/plugins/mcufinder/ => /Users/josephstewart/.stmcufinder/plugins/mcufinder
2023-10-17 12:48:45,923 [INFO] CrossReferenceDbSqlite:203 - Set database path to: /Users/josephstewart/.stmcufinder/plugins/mcufinder//mcu/cs/
2023-10-17 12:48:45,941 [INFO] ApplicationProperties:184 - Using Application install path: /Applications/STM32CubeIDE.app/Contents/Eclipse/plugins/com.st.stm32cube.common.mx_6.9.1.202307191849
2023-10-17 12:48:45,943 [INFO] PluginManage:196 - Search for loadable plugins [exclusion list=, ]
2023-10-17 12:48:45,944 [INFO] PluginManage:310 - Check plugin analytics
2023-10-17 12:48:46,149 [INFO] AnalyticsPlugin:253 - Accepted Software Licenses: 
2023-10-17 12:48:46,150 [INFO] AnalyticsPlugin:255 - Accepted CMSIS Pack Licenses: 
2023-10-17 12:48:46,150 [INFO] AnalyticsPlugin:257 - Accepted Firmware Licenses: 
2023-10-17 12:48:46,154 [INFO] PluginManage:359 - Loaded plugin analytics (category:tool,tabindex:-1)
2023-10-17 12:48:46,156 [INFO] PluginManage:310 - Check plugin cadmodel
2023-10-17 12:48:46,500 [INFO] CADModel:105 - Init CAD model plugin
2023-10-17 12:48:46,501 [INFO] PluginManage:359 - Loaded plugin cadmodel (category:power,tabindex:5)
2023-10-17 12:48:46,501 [INFO] PluginManage:310 - Check plugin clock
2023-10-17 12:48:46,512 [INFO] PluginManage:359 - Loaded plugin clock (category:base,tabindex:2)
2023-10-17 12:48:46,513 [INFO] PluginManage:310 - Check plugin ddr
2023-10-17 12:48:46,515 [INFO] PluginManage:359 - Loaded plugin ddr (category:tool,tabindex:6)
2023-10-17 12:48:46,515 [INFO] PluginManage:310 - Check plugin filemanager
2023-10-17 12:48:46,646 [INFO] PluginManage:359 - Loaded plugin filemanager (category:base,tabindex:10)
2023-10-17 12:48:46,646 [INFO] PluginManage:310 - Check plugin ipmanager
2023-10-17 12:48:46,654 [INFO] PluginManage:359 - Loaded plugin ipmanager (category:base,tabindex:5)
2023-10-17 12:48:46,654 [INFO] PluginManage:310 - Check plugin lpbam
2023-10-17 12:48:46,662 [INFO] PluginManage:359 - Loaded plugin lpbam (category:base,tabindex:0)
2023-10-17 12:48:46,662 [INFO] PluginManage:310 - Check plugin memorymap
2023-10-17 12:48:46,672 [INFO] PluginManage:359 - Loaded plugin memorymap (category:base,tabindex:4)
2023-10-17 12:48:46,672 [INFO] PluginManage:310 - Check plugin pinoutandconfiguration
2023-10-17 12:48:46,677 [INFO] PluginManage:359 - Loaded plugin pinoutandconfiguration (category:base,tabindex:1)
2023-10-17 12:48:46,677 [INFO] PluginManage:310 - Check plugin pinoutconfig
2023-10-17 12:48:46,753 [WARN] SupportedApi:132 - Cannot load RTOS API schema: s4s-elt-must-match.1: The content of 'definitions' must match (annotation?, (simpleType | complexType)?, (unique | key | keyref)*)). A problem was found starting at: attribute.
2023-10-17 12:48:46,978 [INFO] PluginManage:359 - Loaded plugin pinoutconfig (category:base,tabindex:0)
2023-10-17 12:48:46,979 [INFO] PluginManage:310 - Check plugin power
2023-10-17 12:48:46,999 [INFO] PluginManage:359 - Loaded plugin power (category:power,tabindex:4)
2023-10-17 12:48:46,999 [INFO] PluginManage:310 - Check plugin projectmanager
2023-10-17 12:48:47,028 [INFO] PluginManage:359 - Loaded plugin projectmanager (category:projectmanager,tabindex:3)
2023-10-17 12:48:47,028 [INFO] PluginManage:310 - Check plugin thirdparty
2023-10-17 12:48:47,172 [INFO] PluginManage:359 - Loaded plugin thirdparty (category:base,tabindex:-1)
2023-10-17 12:48:47,172 [INFO] PluginManage:310 - Check plugin tools
2023-10-17 12:48:47,172 [WARN] IntegrityCheckThread:84 - waiting for thirdparty lock release [integrity check]
2023-10-17 12:48:47,173 [INFO] IntegrityCheckThread:86 - entering critical section [integrity check]
2023-10-17 12:48:47,175 [INFO] ThirdPartyUpdaterWithRetryManager:70 - Updater plugin not ready yet. [1/15]
2023-10-17 12:48:47,176 [INFO] PluginManage:359 - Loaded plugin tools (category:base,tabindex:7)
2023-10-17 12:48:47,177 [INFO] PluginManage:310 - Check plugin tutovideos
2023-10-17 12:48:47,413 [INFO] PluginManage:359 - Loaded plugin tutovideos (category:base,tabindex:-1)
2023-10-17 12:48:47,415 [INFO] PluginManage:310 - Check plugin updater
2023-10-17 12:48:47,435 [INFO] PluginManage:359 - Loaded plugin updater (category:base,tabindex:12)
2023-10-17 12:48:47,436 [INFO] PluginManage:310 - Check plugin userauth
2023-10-17 12:48:47,443 [INFO] UserAuth:113 - Init User Auth plugin
2023-10-17 12:48:47,443 [INFO] PluginManage:359 - Loaded plugin userauth (category:base,tabindex:14)
2023-10-17 12:48:47,444 [INFO] PluginManage:283 - PluginManage : Loaded plugins [17]
2023-10-17 12:48:47,696 [INFO] PinOutPanel:1499 - setPackage(No Configuration,No Configuration)
2023-10-17 12:48:47,839 [INFO] CADModel:165 - CPN selected for project level
2023-10-17 12:48:47,839 [INFO] CADModel:114 - Register for checkConnection events
2023-10-17 12:48:47,853 [INFO] IPUIPlugin:80 - create IPUIPlugin
2023-10-17 12:48:47,853 [INFO] PluginManager:220 - loadIPPluginJar : add mdma
2023-10-17 12:48:47,860 [INFO] IPUIPlugin:80 - create IPUIPlugin
2023-10-17 12:48:47,860 [INFO] PluginManager:220 - loadIPPluginJar : add freertos
2023-10-17 12:48:47,864 [INFO] IPUIPlugin:80 - create IPUIPlugin
2023-10-17 12:48:47,864 [INFO] PluginManager:220 - loadIPPluginJar : add gic
2023-10-17 12:48:47,870 [INFO] IPUIPlugin:80 - create IPUIPlugin
2023-10-17 12:48:47,871 [INFO] PluginManager:220 - loadIPPluginJar : add adc
2023-10-17 12:48:47,873 [INFO] IPUIPlugin:80 - create IPUIPlugin
2023-10-17 12:48:47,873 [INFO] PluginManager:220 - loadIPPluginJar : add gtzc
2023-10-17 12:48:47,874 [INFO] IPUIPlugin:80 - create IPUIPlugin
2023-10-17 12:48:47,874 [INFO] PluginManager:220 - loadIPPluginJar : add quadspi
2023-10-17 12:48:47,876 [INFO] IPUIPlugin:80 - create IPUIPlugin
2023-10-17 12:48:47,876 [INFO] PluginManager:220 - loadIPPluginJar : add aes
2023-10-17 12:48:47,878 [INFO] IPUIPlugin:80 - create IPUIPlugin
2023-10-17 12:48:47,878 [INFO] PluginManager:220 - loadIPPluginJar : add pdm2pcm
2023-10-17 12:48:47,879 [INFO] IPUIPlugin:80 - create IPUIPlugin
2023-10-17 12:48:47,879 [INFO] PluginManager:220 - loadIPPluginJar : add hash
2023-10-17 12:48:47,880 [INFO] IPUIPlugin:80 - create IPUIPlugin
2023-10-17 12:48:47,880 [INFO] PluginManager:220 - loadIPPluginJar : add tim
2023-10-17 12:48:47,880 [INFO] IPUIPlugin:80 - create IPUIPlugin
2023-10-17 12:48:47,880 [INFO] PluginManager:220 - loadIPPluginJar : add tsc
2023-10-17 12:48:47,881 [INFO] IPUIPlugin:80 - create IPUIPlugin
2023-10-17 12:48:47,881 [INFO] PluginManager:220 - loadIPPluginJar : add ts
2023-10-17 12:48:47,883 [INFO] IPUIPlugin:80 - create IPUIPlugin
2023-10-17 12:48:47,883 [INFO] PluginManager:220 - loadIPPluginJar : add can
2023-10-17 12:48:47,885 [INFO] IPUIPlugin:80 - create IPUIPlugin
2023-10-17 12:48:47,885 [INFO] PluginManager:220 - loadIPPluginJar : add dma3
2023-10-17 12:48:47,887 [INFO] IPUIPlugin:80 - create IPUIPlugin
2023-10-17 12:48:47,887 [INFO] PluginManager:220 - loadIPPluginJar : add dfsdm
2023-10-17 12:48:47,888 [INFO] IPUIPlugin:80 - create IPUIPlugin
2023-10-17 12:48:47,888 [INFO] PluginManager:220 - loadIPPluginJar : add spi
2023-10-17 12:48:47,889 [INFO] IPUIPlugin:80 - create IPUIPlugin
2023-10-17 12:48:47,889 [INFO] PluginManager:220 - loadIPPluginJar : add gfxmmu
2023-10-17 12:48:47,890 [INFO] IPUIPlugin:80 - create IPUIPlugin
2023-10-17 12:48:47,890 [INFO] PluginManager:220 - loadIPPluginJar : add genericplugin
2023-10-17 12:48:47,891 [INFO] IPUIPlugin:80 - create IPUIPlugin
2023-10-17 12:48:47,891 [INFO] PluginManager:220 - loadIPPluginJar : add cryp
2023-10-17 12:48:47,894 [INFO] IPUIPlugin:80 - create IPUIPlugin
2023-10-17 12:48:47,894 [INFO] PluginManager:220 - loadIPPluginJar : add gpio
2023-10-17 12:48:47,895 [INFO] IPUIPlugin:80 - create IPUIPlugin
2023-10-17 12:48:47,895 [INFO] PluginManager:220 - loadIPPluginJar : add comp
2023-10-17 12:48:47,897 [INFO] IPUIPlugin:80 - create IPUIPlugin
2023-10-17 12:48:47,897 [INFO] PluginManager:220 - loadIPPluginJar : add tracer_emb
2023-10-17 12:48:47,899 [INFO] IPUIPlugin:80 - create IPUIPlugin
2023-10-17 12:48:47,899 [INFO] PluginManager:220 - loadIPPluginJar : add openamp
2023-10-17 12:48:47,902 [INFO] IPUIPlugin:80 - create IPUIPlugin
2023-10-17 12:48:47,902 [INFO] PluginManager:220 - loadIPPluginJar : add stm32_wpan
2023-10-17 12:48:47,905 [INFO] IPUIPlugin:80 - create IPUIPlugin
2023-10-17 12:48:47,909 [INFO] PluginManager:220 - loadIPPluginJar : add plateformsettings
2023-10-17 12:48:47,911 [INFO] IPUIPlugin:80 - create IPUIPlugin
2023-10-17 12:48:47,911 [INFO] PluginManager:220 - loadIPPluginJar : add ipddr
2023-10-17 12:48:47,913 [INFO] IPUIPlugin:80 - create IPUIPlugin
2023-10-17 12:48:47,913 [INFO] PluginManager:220 - loadIPPluginJar : add usart
2023-10-17 12:48:47,913 [INFO] IPUIPlugin:80 - create IPUIPlugin
2023-10-17 12:48:47,914 [INFO] PluginManager:220 - loadIPPluginJar : add ltdc
2023-10-17 12:48:47,916 [INFO] IPUIPlugin:80 - create IPUIPlugin
2023-10-17 12:48:47,916 [INFO] PluginManager:220 - loadIPPluginJar : add nvic
2023-10-17 12:48:47,917 [INFO] IPUIPlugin:80 - create IPUIPlugin
2023-10-17 12:48:47,917 [INFO] PluginManager:220 - loadIPPluginJar : add fatfs
2023-10-17 12:48:47,922 [INFO] IPUIPlugin:80 - create IPUIPlugin
2023-10-17 12:48:47,922 [INFO] PluginManager:220 - loadIPPluginJar : add linkedlist
2023-10-17 12:48:47,926 [INFO] IPUIPlugin:80 - create IPUIPlugin
2023-10-17 12:48:47,926 [INFO] PluginManager:220 - loadIPPluginJar : add dma
2023-10-17 12:48:47,929 [INFO] IPUIPlugin:80 - create IPUIPlugin
2023-10-17 12:48:47,929 [INFO] PluginManager:220 - loadIPPluginJar : add fmc
2023-10-17 12:48:47,930 [INFO] IPUIPlugin:80 - create IPUIPlugin
2023-10-17 12:48:47,930 [INFO] PluginManager:220 - loadIPPluginJar : add i2s
2023-10-17 12:48:47,931 [INFO] IPUIPlugin:80 - create IPUIPlugin
2023-10-17 12:48:47,931 [INFO] PluginManager:220 - loadIPPluginJar : add ucpd
2023-10-17 12:48:47,932 [INFO] IPUIPlugin:80 - create IPUIPlugin
2023-10-17 12:48:47,933 [INFO] PluginManager:220 - loadIPPluginJar : add lorawan
2023-10-17 12:48:47,934 [INFO] IPUIPlugin:80 - create IPUIPlugin
2023-10-17 12:48:47,935 [INFO] PluginManager:220 - loadIPPluginJar : add opamp
2023-10-17 12:48:47,936 [INFO] IPUIPlugin:80 - create IPUIPlugin
2023-10-17 12:48:47,936 [INFO] PluginManager:220 - loadIPPluginJar : add i3c
2023-10-17 12:48:47,937 [INFO] IPUIPlugin:80 - create IPUIPlugin
2023-10-17 12:48:47,938 [INFO] PluginManager:220 - loadIPPluginJar : add touchsensing
2023-10-17 12:48:47,943 [INFO] IPUIPlugin:80 - create IPUIPlugin
2023-10-17 12:48:47,943 [INFO] PluginManager:220 - loadIPPluginJar : add i2c
2023-10-17 12:48:47,950 [INFO] IPUIPlugin:80 - create IPUIPlugin
2023-10-17 12:48:47,950 [INFO] PluginManager:220 - loadIPPluginJar : add resmgrutility
2023-10-17 12:48:47,956 [INFO] IPUIPlugin:80 - create IPUIPlugin
2023-10-17 12:48:47,957 [INFO] PluginManager:220 - loadIPPluginJar : add sai
2023-10-17 12:48:47,960 [INFO] IPUIPlugin:80 - create IPUIPlugin
2023-10-17 12:48:47,960 [INFO] PluginManager:220 - loadIPPluginJar : add usbx
2023-10-17 12:48:48,142 [INFO] CADModel:165 - CPN selected for project level
2023-10-17 12:48:48,143 [INFO] CADModel:114 - Register for checkConnection events
2023-10-17 12:48:48,143 [FATAL] Updater:308 - Updater called before beeing initialized
2023-10-17 12:48:48,143 [ERROR] CADModel:125 - Updater not yet initialized, retry later 
2023-10-17 12:48:48,383 [INFO] CADModel:165 - CPN selected for project level
2023-10-17 12:48:48,383 [INFO] CADModel:114 - Register for checkConnection events
2023-10-17 12:48:48,383 [FATAL] Updater:308 - Updater called before beeing initialized
2023-10-17 12:48:48,384 [ERROR] CADModel:125 - Updater not yet initialized, retry later 
2023-10-17 12:48:48,387 [FATAL] Updater:308 - Updater called before beeing initialized
2023-10-17 12:48:48,528 [FATAL] Updater:308 - Updater called before beeing initialized
2023-10-17 12:48:48,544 [INFO] DbMcusAds:53 - JSON generation date=Tue Mar 07 10:50:55 SAST 2023 (1678179055114)
2023-10-17 12:48:48,545 [FATAL] Updater:308 - Updater called before beeing initialized
2023-10-17 12:48:48,621 [WARN] DetailPanel:346 - Failed to get advertising image, set to default
2023-10-17 12:48:48,714 [FATAL] Updater:308 - Updater called before beeing initialized
2023-10-17 12:48:48,717 [FATAL] Updater:308 - Updater called before beeing initialized
2023-10-17 12:48:48,717 [FATAL] Updater:308 - Updater called before beeing initialized
2023-10-17 12:48:48,717 [WARN] DetailPanel:346 - Failed to get advertising image, set to default
2023-10-17 12:48:48,718 [FATAL] Updater:308 - Updater called before beeing initialized
2023-10-17 12:48:48,794 [ERROR] Updater:1120 - MainUpdater not yet initialized. External WinMGr cannot be set.
2023-10-17 12:48:48,838 [INFO] Updater:1056 - Updater Version found : 6.9.1
2023-10-17 12:48:48,852 [INFO] ApplicationProperties:184 - Using Application install path: /Applications/STM32CubeIDE.app/Contents/Eclipse/plugins/com.st.stm32cube.common.mx_6.9.1.202307191849
2023-10-17 12:48:49,064 [INFO] MainUpdater:2868 - connection check result : 10
2023-10-17 12:48:49,066 [INFO] MainUpdater:285 - Updater Check For Update Now.
2023-10-17 12:48:49,066 [INFO] MicroXplorer:498 - Change Database Version : DB.6.0.91
2023-10-17 12:48:49,072 [INFO] McuFinderGlobals:63 - Set McuFinder mode to 2 (CubeIDE integrated)
2023-10-17 12:48:49,072 [INFO] UserAuth:179 - activating auth plugin
2023-10-17 12:48:49,082 [INFO] UserAuth:393 - Internet connection configuration mode: 1
2023-10-17 12:48:49,095 [INFO] JxBrowserEngine:151 - Initiate JxBrowser Engine with user profile folder
2023-10-17 12:48:49,300 [INFO] CheckServerUpdateThread:120 - End of CheckServer Thread
2023-10-17 12:48:50,356 [WARN] PackLoader:240 - Cannot read IP mode file for STMicroelectronics.X-CUBE-SMBUS.2.1.0
2023-10-17 12:48:50,417 [WARN] PackLoader:240 - Cannot read IP mode file for STMicroelectronics.X-CUBE-AZRTOS-F7.1.1.0
2023-10-17 12:48:50,448 [WARN] PackLoader:240 - Cannot read IP mode file for STMicroelectronics.FP-SNS-MOTENV1.4.3.2
2023-10-17 12:48:50,475 [WARN] PackLoader:240 - Cannot read IP mode file for STMicroelectronics.X-CUBE-DISPLAY.3.0.0
2023-10-17 12:48:50,502 [WARN] PackLoader:240 - Cannot read IP mode file for emotas.I-CUBE-CANOPEN.1.3.0
2023-10-17 12:48:50,517 [WARN] PackLoader:240 - Cannot read IP mode file for STMicroelectronics.X-CUBE-TOUCHGFX.4.22.0
2023-10-17 12:48:50,524 [WARN] PackLoader:240 - Cannot read IP mode file for STMicroelectronics.X-CUBE-TOUCHGFX.4.22.1
2023-10-17 12:48:50,531 [WARN] PackLoader:240 - Cannot read IP mode file for STMicroelectronics.FP-SNS-SMARTAG2.1.2.0
2023-10-17 12:48:50,552 [INFO] LogOutputStream:77 - [STDOUT_REDIRECT] 1 : Invalid condition id : UX_CORESTACK_Condition cause : null
2023-10-17 12:48:50,553 [INFO] LogOutputStream:77 - [STDOUT_REDIRECT] 1 : Invalid condition id : UX_CORESTACK_Condition cause : null
2023-10-17 12:48:50,553 [INFO] LogOutputStream:77 - [STDOUT_REDIRECT] 1 : Invalid condition id : UX_CORESTACK_Condition cause : null
2023-10-17 12:48:50,553 [INFO] LogOutputStream:77 - [STDOUT_REDIRECT] 1 : Invalid condition id : UX_CORESTACK_Condition cause : null
2023-10-17 12:48:50,554 [INFO] LogOutputStream:77 - [STDOUT_REDIRECT] 1 : Invalid condition id : UX_CORESTACK_Condition cause : null
2023-10-17 12:48:50,560 [WARN] PackLoader:240 - Cannot read IP mode file for STMicroelectronics.X-CUBE-AZRTOS-WL.2.0.0
2023-10-17 12:48:50,584 [WARN] PackLoader:240 - Cannot read IP mode file for WES.I-CUBE-Cesium.1.3.0
2023-10-17 12:48:50,598 [WARN] PackLoader:240 - Cannot read IP mode file for STMicroelectronics.X-CUBE-BLE2.3.3.0
2023-10-17 12:48:50,619 [WARN] PackLoader:240 - Cannot read IP mode file for STMicroelectronics.X-CUBE-ALGOBUILD.1.3.0
2023-10-17 12:48:50,659 [WARN] PackLoader:240 - Cannot read IP mode file for STMicroelectronics.X-CUBE-AZRTOS-G0.1.1.0
2023-10-17 12:48:50,688 [WARN] PackLoader:240 - Cannot read IP mode file for STMicroelectronics.X-CUBE-NFC4.3.0.0
2023-10-17 12:48:50,699 [WARN] PackLoader:240 - Cannot read IP mode file for STMicroelectronics.FP-ATR-SIGFOX1.3.2.0
2023-10-17 12:48:50,826 [WARN] PackLoader:240 - Cannot read IP mode file for SEGGER.I-CUBE-embOS.1.3.1
2023-10-17 12:48:50,984 [WARN] PackLoader:240 - Cannot read IP mode file for STMicroelectronics.X-CUBE-GNSS1.6.0.0
2023-10-17 12:48:51,049 [WARN] PackLoader:240 - Cannot read IP mode file for STMicroelectronics.X-CUBE-AZRTOS-F4.1.1.0
2023-10-17 12:48:51,068 [WARN] PackLoader:240 - Cannot read IP mode file for wolfSSL.I-CUBE-wolfSSL.5.6.3
2023-10-17 12:48:51,104 [WARN] PackLoader:240 - Cannot read IP mode file for STMicroelectronics.X-CUBE-AZRTOS-L5.2.0.0
2023-10-17 12:48:51,202 [WARN] PackLoader:240 - Cannot read IP mode file for STMicroelectronics.X-CUBE-MEMS1.9.6.0
2023-10-17 12:48:51,443 [WARN] PackLoader:240 - Cannot read IP mode file for ITTIA_DB.I-CUBE-ITTIADB.8.8.0
2023-10-17 12:48:51,494 [WARN] PackLoader:240 - Cannot read IP mode file for STMicroelectronics.X-CUBE-BLEMGR.2.0.0
2023-10-17 12:48:51,551 [WARN] ConditionMgr:438 - getConditionDescription Invalid condition id : UX DEVICE CLASS RTOS Condition cause : null
2023-10-17 12:48:51,552 [WARN] ConditionMgr:438 - getConditionDescription Invalid condition id : UX DEVICE CLASS RTOS Condition cause : null
2023-10-17 12:48:51,559 [WARN] PackLoader:240 - Cannot read IP mode file for STMicroelectronics.X-CUBE-AZRTOS-H7.3.1.0
2023-10-17 12:48:51,564 [WARN] ConditionMgr:1039 - genDependencies : Invalid condition id : UX DEVICE CLASS RTOS Condition cause : null
2023-10-17 12:48:51,564 [WARN] ConditionMgr:1039 - genDependencies : Invalid condition id : UX DEVICE CLASS RTOS Condition cause : null
2023-10-17 12:48:51,568 [WARN] ConditionMgr:1039 - genDependencies : Invalid condition id : UX DEVICE CLASS RTOS Condition cause : null
2023-10-17 12:48:51,569 [WARN] ConditionMgr:1039 - genDependencies : Invalid condition id : UX DEVICE CLASS RTOS Condition cause : null
2023-10-17 12:48:51,569 [WARN] ConditionMgr:1039 - genDependencies : Invalid condition id : UX DEVICE CLASS RTOS Condition cause : null
2023-10-17 12:48:51,580 [WARN] PackLoader:240 - Cannot read IP mode file for STMicroelectronics.X-CUBE-NFC7.1.0.1
2023-10-17 12:48:51,597 [WARN] PackLoader:240 - Cannot read IP mode file for STMicroelectronics.X-CUBE-NFC6.3.0.0
2023-10-17 12:48:51,611 [WARN] PackLoader:240 - Cannot read IP mode file for STMicroelectronics.X-CUBE-EEPRMA1.4.1.0
2023-10-17 12:48:51,640 [WARN] ConditionMgr:438 - getConditionDescription Invalid condition id : LAN8742 Phy interface Condition cause : null
2023-10-17 12:48:51,641 [WARN] PackLoader:240 - Cannot read IP mode file for STMicroelectronics.X-CUBE-AZRTOS-L4.2.0.0
2023-10-17 12:48:51,644 [WARN] ConditionMgr:1039 - genDependencies : Invalid condition id : LAN8742 Phy interface Condition cause : null
2023-10-17 12:48:51,644 [WARN] ConditionMgr:1039 - genDependencies : Invalid condition id : LAN8742 Phy interface Condition cause : null
2023-10-17 12:48:51,645 [WARN] ConditionMgr:1039 - genDependencies : Invalid condition id : LAN8742 Phy interface Condition cause : null
2023-10-17 12:48:51,654 [WARN] PackLoader:240 - Cannot read IP mode file for STMicroelectronics.X-CUBE-SFXS2LP1.4.0.0
2023-10-17 12:48:51,659 [WARN] PackLoader:240 - Cannot read IP mode file for STMicroelectronics.X-CUBE-ISPU.1.1.0
2023-10-17 12:48:51,672 [WARN] ConditionMgr:438 - getConditionDescription Invalid condition id : UX DEVICE CLASS RTOS Condition cause : null
2023-10-17 12:48:51,672 [WARN] ConditionMgr:438 - getConditionDescription Invalid condition id : UX DEVICE CLASS RTOS Condition cause : null
2023-10-17 12:48:51,676 [WARN] PackLoader:240 - Cannot read IP mode file for STMicroelectronics.X-CUBE-AZRTOS-WB.2.0.0
2023-10-17 12:48:51,677 [WARN] ConditionMgr:1039 - genDependencies : Invalid condition id : UX DEVICE CLASS RTOS Condition cause : null
2023-10-17 12:48:51,678 [WARN] ConditionMgr:1039 - genDependencies : Invalid condition id : UX DEVICE CLASS RTOS Condition cause : null
2023-10-17 12:48:51,678 [WARN] ConditionMgr:1039 - genDependencies : Invalid condition id : UX DEVICE CLASS RTOS Condition cause : null
2023-10-17 12:48:51,679 [WARN] ConditionMgr:1039 - genDependencies : Invalid condition id : UX DEVICE CLASS RTOS Condition cause : null
2023-10-17 12:48:51,680 [WARN] ConditionMgr:1039 - genDependencies : Invalid condition id : UX DEVICE CLASS RTOS Condition cause : null
2023-10-17 12:48:51,697 [WARN] PackLoader:240 - Cannot read IP mode file for STMicroelectronics.X-CUBE-FREERTOS.1.0.1
2023-10-17 12:48:51,725 [WARN] PackLoader:240 - Cannot read IP mode file for STMicroelectronics.X-CUBE-SUBG2.5.0.0
2023-10-17 12:48:51,753 [WARN] PackLoader:240 - Cannot read IP mode file for STMicroelectronics.X-CUBE-AZRTOS-G4.2.0.0
2023-10-17 12:48:51,787 [WARN] PackLoader:240 - Cannot read IP mode file for Infineon.AIROC-Wi-Fi-Bluetooth-STM32.1.5.1
2023-10-17 12:48:51,801 [WARN] PackLoader:240 - Cannot read IP mode file for STMicroelectronics.X-CUBE-FREERTOS.1.1.0
2023-10-17 12:48:51,807 [WARN] PackLoader:240 - Cannot read IP mode file for portGmbH.I-Cube-SoM-uGOAL.1.1.0
2023-10-17 12:48:51,811 [WARN] PackLoader:240 - Cannot read IP mode file for STMicroelectronics.X-CUBE-ALS.1.0.1
2023-10-17 12:48:51,815 [WARN] PackLoader:240 - Cannot read IP mode file for STMicroelectronics.FP-ATR-ASTRA1.2.0.0
2023-10-17 12:48:51,818 [INFO] ThirdParty:978 - Integrity check success = true
2023-10-17 12:48:51,818 [INFO] IntegrityCheckThread:100 - exiting critical section [integrity check]
2023-10-17 12:48:51,818 [INFO] IntegrityCheckThread:103 - End integrity checks thread
2023-10-17 12:48:54,023 [INFO] WebApp:157 - Instantiating new browser for Auth
2023-10-17 12:48:55,227 [INFO] WebApp:753 - Register for checkConnection events
2023-10-17 12:48:55,228 [INFO] WebApp:390 - Apply proxy settings
2023-10-17 12:48:55,238 [INFO] WebApp:455 - Chromium authenticates against System proxy
2023-10-17 12:48:55,395 [INFO] WebApp:188 - Starting web application
2023-10-17 12:48:55,396 [INFO] WebApp:520 - Web application path used /Applications/STM32CubeIDE.app/Contents/Eclipse/plugins/com.st.stm32cube.common.mx_6.9.1.202307191849/db/plugins/mcufinder/reactClient1/index.html
2023-10-17 12:49:16,792 [ERROR] LogOutputStream:75 - [STDERR_REDIRECT] SLF4J: Failed to load class "org.slf4j.impl.StaticLoggerBinder".
2023-10-17 12:49:16,795 [ERROR] LogOutputStream:75 - [STDERR_REDIRECT] SLF4J: Defaulting to no-operation (NOP) logger implementation
2023-10-17 12:49:16,796 [ERROR] LogOutputStream:75 - [STDERR_REDIRECT] SLF4J: See http://www.slf4j.org/codes.html#StaticLoggerBinder for further details.
